
AVRASM ver. 2.1.30  D:\Escritorio\MCS\practices\proyecto_1\Debug\List\proyecto_1.asm Thu Feb 28 04:55:58 2019

                 
                 
                 ;CodeVisionAVR C Compiler V3.34 Evaluation
                 ;(C) Copyright 1998-2018 Pavel Haiduc, HP InfoTech s.r.l.
                 ;http://www.hpinfotech.com
                 
                 ;Build configuration    : Debug
                 ;Chip type              : ATmega8535L
                 ;Program type           : Application
                 ;Clock frequency        : 1.000000 MHz
                 ;Memory model           : Small
                 ;Optimize for           : Size
                 ;(s)printf features     : int, width
                 ;(s)scanf features      : int, width
                 ;External RAM size      : 0
                 ;Data Stack size        : 128 byte(s)
                 ;Heap size              : 0 byte(s)
                 ;Promote 'char' to 'int': Yes
                 ;'char' is unsigned     : Yes
                 ;8 bit enums            : Yes
                 ;Global 'const' stored in FLASH: Yes
                 ;Enhanced function parameter passing: Mode 2
                 ;Enhanced core instructions: On
                 ;Automatic register allocation for global variables: On
                 ;Smart register allocation: On
                 
                 	#define _MODEL_SMALL_
                 
                 	#pragma AVRPART ADMIN PART_NAME ATmega8535L
                 	#pragma AVRPART MEMORY PROG_FLASH 8192
                 	#pragma AVRPART MEMORY EEPROM 512
                 	#pragma AVRPART MEMORY INT_SRAM SIZE 512
                 	#pragma AVRPART MEMORY INT_SRAM START_ADDR 0x60
                 
                 	.LISTMAC
                 	.EQU UDRE=0x5
                 	.EQU RXC=0x7
                 	.EQU USR=0xB
                 	.EQU UDR=0xC
                 	.EQU SPSR=0xE
                 	.EQU SPDR=0xF
                 	.EQU EERE=0x0
                 	.EQU EEWE=0x1
                 	.EQU EEMWE=0x2
                 	.EQU EECR=0x1C
                 	.EQU EEDR=0x1D
                 	.EQU EEARL=0x1E
                 	.EQU EEARH=0x1F
                 	.EQU WDTCR=0x21
                 	.EQU MCUCR=0x35
                 	.EQU GICR=0x3B
                 	.EQU SPL=0x3D
                 	.EQU SPH=0x3E
                 	.EQU SREG=0x3F
                 
                 	.DEF R0X0=R0
                 	.DEF R0X1=R1
                 	.DEF R0X2=R2
                 	.DEF R0X3=R3
                 	.DEF R0X4=R4
                 	.DEF R0X5=R5
                 	.DEF R0X6=R6
                 	.DEF R0X7=R7
                 	.DEF R0X8=R8
                 	.DEF R0X9=R9
                 	.DEF R0XA=R10
                 	.DEF R0XB=R11
                 	.DEF R0XC=R12
                 	.DEF R0XD=R13
                 	.DEF R0XE=R14
                 	.DEF R0XF=R15
                 	.DEF R0X10=R16
                 	.DEF R0X11=R17
                 	.DEF R0X12=R18
                 	.DEF R0X13=R19
                 	.DEF R0X14=R20
                 	.DEF R0X15=R21
                 	.DEF R0X16=R22
                 	.DEF R0X17=R23
                 	.DEF R0X18=R24
                 	.DEF R0X19=R25
                 	.DEF R0X1A=R26
                 	.DEF R0X1B=R27
                 	.DEF R0X1C=R28
                 	.DEF R0X1D=R29
                 	.DEF R0X1E=R30
                 	.DEF R0X1F=R31
                 
                 	.EQU __SRAM_START=0x0060
                 	.EQU __SRAM_END=0x025F
                 	.EQU __DSTACK_SIZE=0x0080
                 	.EQU __HEAP_SIZE=0x0000
                 	.EQU __CLEAR_SRAM_SIZE=__SRAM_END-__SRAM_START+1
                 
                 	.MACRO __CPD1N
                 	CPI  R30,LOW(@0)
                 	LDI  R26,HIGH(@0)
                 	CPC  R31,R26
                 	LDI  R26,BYTE3(@0)
                 	CPC  R22,R26
                 	LDI  R26,BYTE4(@0)
                 	CPC  R23,R26
                 	.ENDM
                 
                 	.MACRO __CPD2N
                 	CPI  R26,LOW(@0)
                 	LDI  R30,HIGH(@0)
                 	CPC  R27,R30
                 	LDI  R30,BYTE3(@0)
                 	CPC  R24,R30
                 	LDI  R30,BYTE4(@0)
                 	CPC  R25,R30
                 	.ENDM
                 
                 	.MACRO __CPWRR
                 	CP   R@0,R@2
                 	CPC  R@1,R@3
                 	.ENDM
                 
                 	.MACRO __CPWRN
                 	CPI  R@0,LOW(@2)
                 	LDI  R30,HIGH(@2)
                 	CPC  R@1,R30
                 	.ENDM
                 
                 	.MACRO __ADDB1MN
                 	SUBI R30,LOW(-@0-(@1))
                 	.ENDM
                 
                 	.MACRO __ADDB2MN
                 	SUBI R26,LOW(-@0-(@1))
                 	.ENDM
                 
                 	.MACRO __ADDW1MN
                 	SUBI R30,LOW(-@0-(@1))
                 	SBCI R31,HIGH(-@0-(@1))
                 	.ENDM
                 
                 	.MACRO __ADDW2MN
                 	SUBI R26,LOW(-@0-(@1))
                 	SBCI R27,HIGH(-@0-(@1))
                 	.ENDM
                 
                 	.MACRO __ADDW1FN
                 	SUBI R30,LOW(-2*@0-(@1))
                 	SBCI R31,HIGH(-2*@0-(@1))
                 	.ENDM
                 
                 	.MACRO __ADDD1FN
                 	SUBI R30,LOW(-2*@0-(@1))
                 	SBCI R31,HIGH(-2*@0-(@1))
                 	SBCI R22,BYTE3(-2*@0-(@1))
                 	.ENDM
                 
                 	.MACRO __ADDD1N
                 	SUBI R30,LOW(-@0)
                 	SBCI R31,HIGH(-@0)
                 	SBCI R22,BYTE3(-@0)
                 	SBCI R23,BYTE4(-@0)
                 	.ENDM
                 
                 	.MACRO __ADDD2N
                 	SUBI R26,LOW(-@0)
                 	SBCI R27,HIGH(-@0)
                 	SBCI R24,BYTE3(-@0)
                 	SBCI R25,BYTE4(-@0)
                 	.ENDM
                 
                 	.MACRO __SUBD1N
                 	SUBI R30,LOW(@0)
                 	SBCI R31,HIGH(@0)
                 	SBCI R22,BYTE3(@0)
                 	SBCI R23,BYTE4(@0)
                 	.ENDM
                 
                 	.MACRO __SUBD2N
                 	SUBI R26,LOW(@0)
                 	SBCI R27,HIGH(@0)
                 	SBCI R24,BYTE3(@0)
                 	SBCI R25,BYTE4(@0)
                 	.ENDM
                 
                 	.MACRO __ANDBMNN
                 	LDS  R30,@0+(@1)
                 	ANDI R30,LOW(@2)
                 	STS  @0+(@1),R30
                 	.ENDM
                 
                 	.MACRO __ANDWMNN
                 	LDS  R30,@0+(@1)
                 	ANDI R30,LOW(@2)
                 	STS  @0+(@1),R30
                 	LDS  R30,@0+(@1)+1
                 	ANDI R30,HIGH(@2)
                 	STS  @0+(@1)+1,R30
                 	.ENDM
                 
                 	.MACRO __ANDD1N
                 	ANDI R30,LOW(@0)
                 	ANDI R31,HIGH(@0)
                 	ANDI R22,BYTE3(@0)
                 	ANDI R23,BYTE4(@0)
                 	.ENDM
                 
                 	.MACRO __ANDD2N
                 	ANDI R26,LOW(@0)
                 	ANDI R27,HIGH(@0)
                 	ANDI R24,BYTE3(@0)
                 	ANDI R25,BYTE4(@0)
                 	.ENDM
                 
                 	.MACRO __ORBMNN
                 	LDS  R30,@0+(@1)
                 	ORI  R30,LOW(@2)
                 	STS  @0+(@1),R30
                 	.ENDM
                 
                 	.MACRO __ORWMNN
                 	LDS  R30,@0+(@1)
                 	ORI  R30,LOW(@2)
                 	STS  @0+(@1),R30
                 	LDS  R30,@0+(@1)+1
                 	ORI  R30,HIGH(@2)
                 	STS  @0+(@1)+1,R30
                 	.ENDM
                 
                 	.MACRO __ORD1N
                 	ORI  R30,LOW(@0)
                 	ORI  R31,HIGH(@0)
                 	ORI  R22,BYTE3(@0)
                 	ORI  R23,BYTE4(@0)
                 	.ENDM
                 
                 	.MACRO __ORD2N
                 	ORI  R26,LOW(@0)
                 	ORI  R27,HIGH(@0)
                 	ORI  R24,BYTE3(@0)
                 	ORI  R25,BYTE4(@0)
                 	.ENDM
                 
                 	.MACRO __DELAY_USB
                 	LDI  R24,LOW(@0)
                 __DELAY_USB_LOOP:
                 	DEC  R24
                 	BRNE __DELAY_USB_LOOP
                 	.ENDM
                 
                 	.MACRO __DELAY_USW
                 	LDI  R24,LOW(@0)
                 	LDI  R25,HIGH(@0)
                 __DELAY_USW_LOOP:
                 	SBIW R24,1
                 	BRNE __DELAY_USW_LOOP
                 	.ENDM
                 
                 	.MACRO __GETD1S
                 	LDD  R30,Y+@0
                 	LDD  R31,Y+@0+1
                 	LDD  R22,Y+@0+2
                 	LDD  R23,Y+@0+3
                 	.ENDM
                 
                 	.MACRO __GETD2S
                 	LDD  R26,Y+@0
                 	LDD  R27,Y+@0+1
                 	LDD  R24,Y+@0+2
                 	LDD  R25,Y+@0+3
                 	.ENDM
                 
                 	.MACRO __PUTD1S
                 	STD  Y+@0,R30
                 	STD  Y+@0+1,R31
                 	STD  Y+@0+2,R22
                 	STD  Y+@0+3,R23
                 	.ENDM
                 
                 	.MACRO __PUTD2S
                 	STD  Y+@0,R26
                 	STD  Y+@0+1,R27
                 	STD  Y+@0+2,R24
                 	STD  Y+@0+3,R25
                 	.ENDM
                 
                 	.MACRO __PUTDZ2
                 	STD  Z+@0,R26
                 	STD  Z+@0+1,R27
                 	STD  Z+@0+2,R24
                 	STD  Z+@0+3,R25
                 	.ENDM
                 
                 	.MACRO __CLRD1S
                 	STD  Y+@0,R30
                 	STD  Y+@0+1,R30
                 	STD  Y+@0+2,R30
                 	STD  Y+@0+3,R30
                 	.ENDM
                 
                 	.MACRO __POINTB1MN
                 	LDI  R30,LOW(@0+(@1))
                 	.ENDM
                 
                 	.MACRO __POINTW1MN
                 	LDI  R30,LOW(@0+(@1))
                 	LDI  R31,HIGH(@0+(@1))
                 	.ENDM
                 
                 	.MACRO __POINTD1M
                 	LDI  R30,LOW(@0)
                 	LDI  R31,HIGH(@0)
                 	LDI  R22,BYTE3(@0)
                 	LDI  R23,BYTE4(@0)
                 	.ENDM
                 
                 	.MACRO __POINTW1FN
                 	LDI  R30,LOW(2*@0+(@1))
                 	LDI  R31,HIGH(2*@0+(@1))
                 	.ENDM
                 
                 	.MACRO __POINTD1FN
                 	LDI  R30,LOW(2*@0+(@1))
                 	LDI  R31,HIGH(2*@0+(@1))
                 	LDI  R22,BYTE3(2*@0+(@1))
                 	LDI  R23,BYTE4(2*@0+(@1))
                 	.ENDM
                 
                 	.MACRO __POINTB2MN
                 	LDI  R26,LOW(@0+(@1))
                 	.ENDM
                 
                 	.MACRO __POINTW2MN
                 	LDI  R26,LOW(@0+(@1))
                 	LDI  R27,HIGH(@0+(@1))
                 	.ENDM
                 
                 	.MACRO __POINTD2M
                 	LDI  R26,LOW(@0)
                 	LDI  R27,HIGH(@0)
                 	LDI  R24,BYTE3(@0)
                 	LDI  R25,BYTE4(@0)
                 	.ENDM
                 
                 	.MACRO __POINTW2FN
                 	LDI  R26,LOW(2*@0+(@1))
                 	LDI  R27,HIGH(2*@0+(@1))
                 	.ENDM
                 
                 	.MACRO __POINTD2FN
                 	LDI  R26,LOW(2*@0+(@1))
                 	LDI  R27,HIGH(2*@0+(@1))
                 	LDI  R24,BYTE3(2*@0+(@1))
                 	LDI  R25,BYTE4(2*@0+(@1))
                 	.ENDM
                 
                 	.MACRO __POINTBRM
                 	LDI  R@0,LOW(@1)
                 	.ENDM
                 
                 	.MACRO __POINTWRM
                 	LDI  R@0,LOW(@2)
                 	LDI  R@1,HIGH(@2)
                 	.ENDM
                 
                 	.MACRO __POINTBRMN
                 	LDI  R@0,LOW(@1+(@2))
                 	.ENDM
                 
                 	.MACRO __POINTWRMN
                 	LDI  R@0,LOW(@2+(@3))
                 	LDI  R@1,HIGH(@2+(@3))
                 	.ENDM
                 
                 	.MACRO __POINTWRFN
                 	LDI  R@0,LOW(@2*2+(@3))
                 	LDI  R@1,HIGH(@2*2+(@3))
                 	.ENDM
                 
                 	.MACRO __GETD1N
                 	LDI  R30,LOW(@0)
                 	LDI  R31,HIGH(@0)
                 	LDI  R22,BYTE3(@0)
                 	LDI  R23,BYTE4(@0)
                 	.ENDM
                 
                 	.MACRO __GETD2N
                 	LDI  R26,LOW(@0)
                 	LDI  R27,HIGH(@0)
                 	LDI  R24,BYTE3(@0)
                 	LDI  R25,BYTE4(@0)
                 	.ENDM
                 
                 	.MACRO __GETB1MN
                 	LDS  R30,@0+(@1)
                 	.ENDM
                 
                 	.MACRO __GETB1HMN
                 	LDS  R31,@0+(@1)
                 	.ENDM
                 
                 	.MACRO __GETW1MN
                 	LDS  R30,@0+(@1)
                 	LDS  R31,@0+(@1)+1
                 	.ENDM
                 
                 	.MACRO __GETD1MN
                 	LDS  R30,@0+(@1)
                 	LDS  R31,@0+(@1)+1
                 	LDS  R22,@0+(@1)+2
                 	LDS  R23,@0+(@1)+3
                 	.ENDM
                 
                 	.MACRO __GETBRMN
                 	LDS  R@0,@1+(@2)
                 	.ENDM
                 
                 	.MACRO __GETWRMN
                 	LDS  R@0,@2+(@3)
                 	LDS  R@1,@2+(@3)+1
                 	.ENDM
                 
                 	.MACRO __GETWRZ
                 	LDD  R@0,Z+@2
                 	LDD  R@1,Z+@2+1
                 	.ENDM
                 
                 	.MACRO __GETD2Z
                 	LDD  R26,Z+@0
                 	LDD  R27,Z+@0+1
                 	LDD  R24,Z+@0+2
                 	LDD  R25,Z+@0+3
                 	.ENDM
                 
                 	.MACRO __GETB2MN
                 	LDS  R26,@0+(@1)
                 	.ENDM
                 
                 	.MACRO __GETW2MN
                 	LDS  R26,@0+(@1)
                 	LDS  R27,@0+(@1)+1
                 	.ENDM
                 
                 	.MACRO __GETD2MN
                 	LDS  R26,@0+(@1)
                 	LDS  R27,@0+(@1)+1
                 	LDS  R24,@0+(@1)+2
                 	LDS  R25,@0+(@1)+3
                 	.ENDM
                 
                 	.MACRO __PUTB1MN
                 	STS  @0+(@1),R30
                 	.ENDM
                 
                 	.MACRO __PUTW1MN
                 	STS  @0+(@1),R30
                 	STS  @0+(@1)+1,R31
                 	.ENDM
                 
                 	.MACRO __PUTD1MN
                 	STS  @0+(@1),R30
                 	STS  @0+(@1)+1,R31
                 	STS  @0+(@1)+2,R22
                 	STS  @0+(@1)+3,R23
                 	.ENDM
                 
                 	.MACRO __PUTB1EN
                 	LDI  R26,LOW(@0+(@1))
                 	LDI  R27,HIGH(@0+(@1))
                 	RCALL __EEPROMWRB
                 	.ENDM
                 
                 	.MACRO __PUTW1EN
                 	LDI  R26,LOW(@0+(@1))
                 	LDI  R27,HIGH(@0+(@1))
                 	RCALL __EEPROMWRW
                 	.ENDM
                 
                 	.MACRO __PUTD1EN
                 	LDI  R26,LOW(@0+(@1))
                 	LDI  R27,HIGH(@0+(@1))
                 	RCALL __EEPROMWRD
                 	.ENDM
                 
                 	.MACRO __PUTBR0MN
                 	STS  @0+(@1),R0
                 	.ENDM
                 
                 	.MACRO __PUTBMRN
                 	STS  @0+(@1),R@2
                 	.ENDM
                 
                 	.MACRO __PUTWMRN
                 	STS  @0+(@1),R@2
                 	STS  @0+(@1)+1,R@3
                 	.ENDM
                 
                 	.MACRO __PUTBZR
                 	STD  Z+@1,R@0
                 	.ENDM
                 
                 	.MACRO __PUTWZR
                 	STD  Z+@2,R@0
                 	STD  Z+@2+1,R@1
                 	.ENDM
                 
                 	.MACRO __GETW1R
                 	MOV  R30,R@0
                 	MOV  R31,R@1
                 	.ENDM
                 
                 	.MACRO __GETW2R
                 	MOV  R26,R@0
                 	MOV  R27,R@1
                 	.ENDM
                 
                 	.MACRO __GETWRN
                 	LDI  R@0,LOW(@2)
                 	LDI  R@1,HIGH(@2)
                 	.ENDM
                 
                 	.MACRO __PUTW1R
                 	MOV  R@0,R30
                 	MOV  R@1,R31
                 	.ENDM
                 
                 	.MACRO __PUTW2R
                 	MOV  R@0,R26
                 	MOV  R@1,R27
                 	.ENDM
                 
                 	.MACRO __ADDWRN
                 	SUBI R@0,LOW(-@2)
                 	SBCI R@1,HIGH(-@2)
                 	.ENDM
                 
                 	.MACRO __ADDWRR
                 	ADD  R@0,R@2
                 	ADC  R@1,R@3
                 	.ENDM
                 
                 	.MACRO __SUBWRN
                 	SUBI R@0,LOW(@2)
                 	SBCI R@1,HIGH(@2)
                 	.ENDM
                 
                 	.MACRO __SUBWRR
                 	SUB  R@0,R@2
                 	SBC  R@1,R@3
                 	.ENDM
                 
                 	.MACRO __ANDWRN
                 	ANDI R@0,LOW(@2)
                 	ANDI R@1,HIGH(@2)
                 	.ENDM
                 
                 	.MACRO __ANDWRR
                 	AND  R@0,R@2
                 	AND  R@1,R@3
                 	.ENDM
                 
                 	.MACRO __ORWRN
                 	ORI  R@0,LOW(@2)
                 	ORI  R@1,HIGH(@2)
                 	.ENDM
                 
                 	.MACRO __ORWRR
                 	OR   R@0,R@2
                 	OR   R@1,R@3
                 	.ENDM
                 
                 	.MACRO __EORWRR
                 	EOR  R@0,R@2
                 	EOR  R@1,R@3
                 	.ENDM
                 
                 	.MACRO __GETWRS
                 	LDD  R@0,Y+@2
                 	LDD  R@1,Y+@2+1
                 	.ENDM
                 
                 	.MACRO __PUTBSR
                 	STD  Y+@1,R@0
                 	.ENDM
                 
                 	.MACRO __PUTWSR
                 	STD  Y+@2,R@0
                 	STD  Y+@2+1,R@1
                 	.ENDM
                 
                 	.MACRO __MOVEWRR
                 	MOV  R@0,R@2
                 	MOV  R@1,R@3
                 	.ENDM
                 
                 	.MACRO __INWR
                 	IN   R@0,@2
                 	IN   R@1,@2+1
                 	.ENDM
                 
                 	.MACRO __OUTWR
                 	OUT  @2+1,R@1
                 	OUT  @2,R@0
                 	.ENDM
                 
                 	.MACRO __CALL1MN
                 	LDS  R30,@0+(@1)
                 	LDS  R31,@0+(@1)+1
                 	ICALL
                 	.ENDM
                 
                 	.MACRO __CALL1FN
                 	LDI  R30,LOW(2*@0+(@1))
                 	LDI  R31,HIGH(2*@0+(@1))
                 	RCALL __GETW1PF
                 	ICALL
                 	.ENDM
                 
                 	.MACRO __CALL2EN
                 	PUSH R26
                 	PUSH R27
                 	LDI  R26,LOW(@0+(@1))
                 	LDI  R27,HIGH(@0+(@1))
                 	RCALL __EEPROMRDW
                 	POP  R27
                 	POP  R26
                 	ICALL
                 	.ENDM
                 
                 	.MACRO __CALL2EX
                 	SUBI R26,LOW(-@0)
                 	SBCI R27,HIGH(-@0)
                 	RCALL __EEPROMRDD
                 	ICALL
                 	.ENDM
                 
                 	.MACRO __GETW1STACK
                 	IN   R30,SPL
                 	IN   R31,SPH
                 	ADIW R30,@0+1
                 	LD   R0,Z+
                 	LD   R31,Z
                 	MOV  R30,R0
                 	.ENDM
                 
                 	.MACRO __GETD1STACK
                 	IN   R30,SPL
                 	IN   R31,SPH
                 	ADIW R30,@0+1
                 	LD   R0,Z+
                 	LD   R1,Z+
                 	LD   R22,Z
                 	MOVW R30,R0
                 	.ENDM
                 
                 	.MACRO __NBST
                 	BST  R@0,@1
                 	IN   R30,SREG
                 	LDI  R31,0x40
                 	EOR  R30,R31
                 	OUT  SREG,R30
                 	.ENDM
                 
                 
                 	.MACRO __PUTB1SN
                 	LDD  R26,Y+@0
                 	LDD  R27,Y+@0+1
                 	SUBI R26,LOW(-@1)
                 	SBCI R27,HIGH(-@1)
                 	ST   X,R30
                 	.ENDM
                 
                 	.MACRO __PUTW1SN
                 	LDD  R26,Y+@0
                 	LDD  R27,Y+@0+1
                 	SUBI R26,LOW(-@1)
                 	SBCI R27,HIGH(-@1)
                 	ST   X+,R30
                 	ST   X,R31
                 	.ENDM
                 
                 	.MACRO __PUTD1SN
                 	LDD  R26,Y+@0
                 	LDD  R27,Y+@0+1
                 	SUBI R26,LOW(-@1)
                 	SBCI R27,HIGH(-@1)
                 	RCALL __PUTDP1
                 	.ENDM
                 
                 	.MACRO __PUTB1SNS
                 	LDD  R26,Y+@0
                 	LDD  R27,Y+@0+1
                 	ADIW R26,@1
                 	ST   X,R30
                 	.ENDM
                 
                 	.MACRO __PUTW1SNS
                 	LDD  R26,Y+@0
                 	LDD  R27,Y+@0+1
                 	ADIW R26,@1
                 	ST   X+,R30
                 	ST   X,R31
                 	.ENDM
                 
                 	.MACRO __PUTD1SNS
                 	LDD  R26,Y+@0
                 	LDD  R27,Y+@0+1
                 	ADIW R26,@1
                 	RCALL __PUTDP1
                 	.ENDM
                 
                 	.MACRO __PUTB1PMN
                 	LDS  R26,@0
                 	LDS  R27,@0+1
                 	SUBI R26,LOW(-@1)
                 	SBCI R27,HIGH(-@1)
                 	ST   X,R30
                 	.ENDM
                 
                 	.MACRO __PUTW1PMN
                 	LDS  R26,@0
                 	LDS  R27,@0+1
                 	SUBI R26,LOW(-@1)
                 	SBCI R27,HIGH(-@1)
                 	ST   X+,R30
                 	ST   X,R31
                 	.ENDM
                 
                 	.MACRO __PUTD1PMN
                 	LDS  R26,@0
                 	LDS  R27,@0+1
                 	SUBI R26,LOW(-@1)
                 	SBCI R27,HIGH(-@1)
                 	RCALL __PUTDP1
                 	.ENDM
                 
                 	.MACRO __PUTB1PMNS
                 	LDS  R26,@0
                 	LDS  R27,@0+1
                 	ADIW R26,@1
                 	ST   X,R30
                 	.ENDM
                 
                 	.MACRO __PUTW1PMNS
                 	LDS  R26,@0
                 	LDS  R27,@0+1
                 	ADIW R26,@1
                 	ST   X+,R30
                 	ST   X,R31
                 	.ENDM
                 
                 	.MACRO __PUTD1PMNS
                 	LDS  R26,@0
                 	LDS  R27,@0+1
                 	ADIW R26,@1
                 	RCALL __PUTDP1
                 	.ENDM
                 
                 	.MACRO __PUTB1RN
                 	MOVW R26,R@0
                 	SUBI R26,LOW(-@1)
                 	SBCI R27,HIGH(-@1)
                 	ST   X,R30
                 	.ENDM
                 
                 	.MACRO __PUTW1RN
                 	MOVW R26,R@0
                 	SUBI R26,LOW(-@1)
                 	SBCI R27,HIGH(-@1)
                 	ST   X+,R30
                 	ST   X,R31
                 	.ENDM
                 
                 	.MACRO __PUTD1RN
                 	MOVW R26,R@0
                 	SUBI R26,LOW(-@1)
                 	SBCI R27,HIGH(-@1)
                 	RCALL __PUTDP1
                 	.ENDM
                 
                 	.MACRO __PUTB1RNS
                 	MOVW R26,R@0
                 	ADIW R26,@1
                 	ST   X,R30
                 	.ENDM
                 
                 	.MACRO __PUTW1RNS
                 	MOVW R26,R@0
                 	ADIW R26,@1
                 	ST   X+,R30
                 	ST   X,R31
                 	.ENDM
                 
                 	.MACRO __PUTD1RNS
                 	MOVW R26,R@0
                 	ADIW R26,@1
                 	RCALL __PUTDP1
                 	.ENDM
                 
                 	.MACRO __PUTB1RON
                 	MOV  R26,R@0
                 	MOV  R27,R@1
                 	SUBI R26,LOW(-@2)
                 	SBCI R27,HIGH(-@2)
                 	ST   X,R30
                 	.ENDM
                 
                 	.MACRO __PUTW1RON
                 	MOV  R26,R@0
                 	MOV  R27,R@1
                 	SUBI R26,LOW(-@2)
                 	SBCI R27,HIGH(-@2)
                 	ST   X+,R30
                 	ST   X,R31
                 	.ENDM
                 
                 	.MACRO __PUTD1RON
                 	MOV  R26,R@0
                 	MOV  R27,R@1
                 	SUBI R26,LOW(-@2)
                 	SBCI R27,HIGH(-@2)
                 	RCALL __PUTDP1
                 	.ENDM
                 
                 	.MACRO __PUTB1RONS
                 	MOV  R26,R@0
                 	MOV  R27,R@1
                 	ADIW R26,@2
                 	ST   X,R30
                 	.ENDM
                 
                 	.MACRO __PUTW1RONS
                 	MOV  R26,R@0
                 	MOV  R27,R@1
                 	ADIW R26,@2
                 	ST   X+,R30
                 	ST   X,R31
                 	.ENDM
                 
                 	.MACRO __PUTD1RONS
                 	MOV  R26,R@0
                 	MOV  R27,R@1
                 	ADIW R26,@2
                 	RCALL __PUTDP1
                 	.ENDM
                 
                 
                 	.MACRO __GETB1SX
                 	MOVW R30,R28
                 	SUBI R30,LOW(-@0)
                 	SBCI R31,HIGH(-@0)
                 	LD   R30,Z
                 	.ENDM
                 
                 	.MACRO __GETB1HSX
                 	MOVW R30,R28
                 	SUBI R30,LOW(-@0)
                 	SBCI R31,HIGH(-@0)
                 	LD   R31,Z
                 	.ENDM
                 
                 	.MACRO __GETW1SX
                 	MOVW R30,R28
                 	SUBI R30,LOW(-@0)
                 	SBCI R31,HIGH(-@0)
                 	LD   R0,Z+
                 	LD   R31,Z
                 	MOV  R30,R0
                 	.ENDM
                 
                 	.MACRO __GETD1SX
                 	MOVW R30,R28
                 	SUBI R30,LOW(-@0)
                 	SBCI R31,HIGH(-@0)
                 	LD   R0,Z+
                 	LD   R1,Z+
                 	LD   R22,Z+
                 	LD   R23,Z
                 	MOVW R30,R0
                 	.ENDM
                 
                 	.MACRO __GETB2SX
                 	MOVW R26,R28
                 	SUBI R26,LOW(-@0)
                 	SBCI R27,HIGH(-@0)
                 	LD   R26,X
                 	.ENDM
                 
                 	.MACRO __GETW2SX
                 	MOVW R26,R28
                 	SUBI R26,LOW(-@0)
                 	SBCI R27,HIGH(-@0)
                 	LD   R0,X+
                 	LD   R27,X
                 	MOV  R26,R0
                 	.ENDM
                 
                 	.MACRO __GETD2SX
                 	MOVW R26,R28
                 	SUBI R26,LOW(-@0)
                 	SBCI R27,HIGH(-@0)
                 	LD   R0,X+
                 	LD   R1,X+
                 	LD   R24,X+
                 	LD   R25,X
                 	MOVW R26,R0
                 	.ENDM
                 
                 	.MACRO __GETBRSX
                 	MOVW R30,R28
                 	SUBI R30,LOW(-@1)
                 	SBCI R31,HIGH(-@1)
                 	LD   R@0,Z
                 	.ENDM
                 
                 	.MACRO __GETWRSX
                 	MOVW R30,R28
                 	SUBI R30,LOW(-@2)
                 	SBCI R31,HIGH(-@2)
                 	LD   R@0,Z+
                 	LD   R@1,Z
                 	.ENDM
                 
                 	.MACRO __GETBRSX2
                 	MOVW R26,R28
                 	SUBI R26,LOW(-@1)
                 	SBCI R27,HIGH(-@1)
                 	LD   R@0,X
                 	.ENDM
                 
                 	.MACRO __GETWRSX2
                 	MOVW R26,R28
                 	SUBI R26,LOW(-@2)
                 	SBCI R27,HIGH(-@2)
                 	LD   R@0,X+
                 	LD   R@1,X
                 	.ENDM
                 
                 	.MACRO __LSLW8SX
                 	MOVW R30,R28
                 	SUBI R30,LOW(-@0)
                 	SBCI R31,HIGH(-@0)
                 	LD   R31,Z
                 	CLR  R30
                 	.ENDM
                 
                 	.MACRO __PUTB1SX
                 	MOVW R26,R28
                 	SUBI R26,LOW(-@0)
                 	SBCI R27,HIGH(-@0)
                 	ST   X,R30
                 	.ENDM
                 
                 	.MACRO __PUTW1SX
                 	MOVW R26,R28
                 	SUBI R26,LOW(-@0)
                 	SBCI R27,HIGH(-@0)
                 	ST   X+,R30
                 	ST   X,R31
                 	.ENDM
                 
                 	.MACRO __PUTD1SX
                 	MOVW R26,R28
                 	SUBI R26,LOW(-@0)
                 	SBCI R27,HIGH(-@0)
                 	ST   X+,R30
                 	ST   X+,R31
                 	ST   X+,R22
                 	ST   X,R23
                 	.ENDM
                 
                 	.MACRO __CLRW1SX
                 	MOVW R26,R28
                 	SUBI R26,LOW(-@0)
                 	SBCI R27,HIGH(-@0)
                 	ST   X+,R30
                 	ST   X,R30
                 	.ENDM
                 
                 	.MACRO __CLRD1SX
                 	MOVW R26,R28
                 	SUBI R26,LOW(-@0)
                 	SBCI R27,HIGH(-@0)
                 	ST   X+,R30
                 	ST   X+,R30
                 	ST   X+,R30
                 	ST   X,R30
                 	.ENDM
                 
                 	.MACRO __PUTB2SX
                 	MOVW R30,R28
                 	SUBI R30,LOW(-@0)
                 	SBCI R31,HIGH(-@0)
                 	ST   Z,R26
                 	.ENDM
                 
                 	.MACRO __PUTW2SX
                 	MOVW R30,R28
                 	SUBI R30,LOW(-@0)
                 	SBCI R31,HIGH(-@0)
                 	ST   Z+,R26
                 	ST   Z,R27
                 	.ENDM
                 
                 	.MACRO __PUTD2SX
                 	MOVW R30,R28
                 	SUBI R30,LOW(-@0)
                 	SBCI R31,HIGH(-@0)
                 	ST   Z+,R26
                 	ST   Z+,R27
                 	ST   Z+,R24
                 	ST   Z,R25
                 	.ENDM
                 
                 	.MACRO __PUTBSRX
                 	MOVW R30,R28
                 	SUBI R30,LOW(-@1)
                 	SBCI R31,HIGH(-@1)
                 	ST   Z,R@0
                 	.ENDM
                 
                 	.MACRO __PUTWSRX
                 	MOVW R30,R28
                 	SUBI R30,LOW(-@2)
                 	SBCI R31,HIGH(-@2)
                 	ST   Z+,R@0
                 	ST   Z,R@1
                 	.ENDM
                 
                 	.MACRO __PUTB1SNX
                 	MOVW R26,R28
                 	SUBI R26,LOW(-@0)
                 	SBCI R27,HIGH(-@0)
                 	LD   R0,X+
                 	LD   R27,X
                 	MOV  R26,R0
                 	SUBI R26,LOW(-@1)
                 	SBCI R27,HIGH(-@1)
                 	ST   X,R30
                 	.ENDM
                 
                 	.MACRO __PUTW1SNX
                 	MOVW R26,R28
                 	SUBI R26,LOW(-@0)
                 	SBCI R27,HIGH(-@0)
                 	LD   R0,X+
                 	LD   R27,X
                 	MOV  R26,R0
                 	SUBI R26,LOW(-@1)
                 	SBCI R27,HIGH(-@1)
                 	ST   X+,R30
                 	ST   X,R31
                 	.ENDM
                 
                 	.MACRO __PUTD1SNX
                 	MOVW R26,R28
                 	SUBI R26,LOW(-@0)
                 	SBCI R27,HIGH(-@0)
                 	LD   R0,X+
                 	LD   R27,X
                 	MOV  R26,R0
                 	SUBI R26,LOW(-@1)
                 	SBCI R27,HIGH(-@1)
                 	ST   X+,R30
                 	ST   X+,R31
                 	ST   X+,R22
                 	ST   X,R23
                 	.ENDM
                 
                 	.MACRO __MULBRR
                 	MULS R@0,R@1
                 	MOVW R30,R0
                 	.ENDM
                 
                 	.MACRO __MULBRRU
                 	MUL  R@0,R@1
                 	MOVW R30,R0
                 	.ENDM
                 
                 	.MACRO __MULBRR0
                 	MULS R@0,R@1
                 	.ENDM
                 
                 	.MACRO __MULBRRU0
                 	MUL  R@0,R@1
                 	.ENDM
                 
                 	.MACRO __MULBNWRU
                 	LDI  R26,@2
                 	MUL  R26,R@0
                 	MOVW R30,R0
                 	MUL  R26,R@1
                 	ADD  R31,R0
                 	.ENDM
                 
                 	.CSEG
                 	.ORG 0x00
                 
                 ;START OF CODE MARKER
                 __START_OF_CODE:
                 
                 ;INTERRUPT VECTORS
000000 c019      	RJMP __RESET
000001 cffe      	RJMP 0x00
000002 cffd      	RJMP 0x00
000003 cffc      	RJMP 0x00
000004 cffb      	RJMP 0x00
000005 cffa      	RJMP 0x00
000006 cff9      	RJMP 0x00
000007 cff8      	RJMP 0x00
000008 cff7      	RJMP 0x00
000009 cff6      	RJMP 0x00
00000a cff5      	RJMP 0x00
00000b cff4      	RJMP 0x00
00000c cff3      	RJMP 0x00
00000d cff2      	RJMP 0x00
00000e cff1      	RJMP 0x00
00000f cff0      	RJMP 0x00
000010 cfef      	RJMP 0x00
000011 cfee      	RJMP 0x00
000012 cfed      	RJMP 0x00
000013 cfec      	RJMP 0x00
000014 cfeb      	RJMP 0x00
                 
                 ;REGISTER BIT VARIABLES INITIALIZATION
                 __REG_BIT_VARS:
000015 0000      	.DW  0x0000
                 
                 
                 __GLOBAL_INI_TBL:
000016 0002      	.DW  0x02
000017 0002      	.DW  0x02
000018 002a      	.DW  __REG_BIT_VARS*2
                 
                 _0xFFFFFFFF:
000019 0000      	.DW  0
                 
                 #define __GLOBAL_INI_TBL_PRESENT 1
                 
                 __RESET:
00001a 94f8      	CLI
00001b 27ee      	CLR  R30
00001c bbec      	OUT  EECR,R30
                 
                 ;INTERRUPT VECTORS ARE PLACED
                 ;AT THE START OF FLASH
00001d e0f1      	LDI  R31,1
00001e bffb      	OUT  GICR,R31
00001f bfeb      	OUT  GICR,R30
000020 bfe5      	OUT  MCUCR,R30
                 
                 ;CLEAR R2-R14
000021 e08d      	LDI  R24,(14-2)+1
000022 e0a2      	LDI  R26,2
000023 27bb      	CLR  R27
                 __CLEAR_REG:
000024 93ed      	ST   X+,R30
000025 958a      	DEC  R24
000026 f7e9      	BRNE __CLEAR_REG
                 
                 ;CLEAR SRAM
000027 e080      	LDI  R24,LOW(__CLEAR_SRAM_SIZE)
000028 e092      	LDI  R25,HIGH(__CLEAR_SRAM_SIZE)
000029 e6a0      	LDI  R26,__SRAM_START
                 __CLEAR_SRAM:
00002a 93ed      	ST   X+,R30
00002b 9701      	SBIW R24,1
00002c f7e9      	BRNE __CLEAR_SRAM
                 
                 ;GLOBAL VARIABLES INITIALIZATION
00002d e2ec      	LDI  R30,LOW(__GLOBAL_INI_TBL*2)
00002e e0f0      	LDI  R31,HIGH(__GLOBAL_INI_TBL*2)
                 __GLOBAL_INI_NEXT:
00002f 9185      	LPM  R24,Z+
000030 9195      	LPM  R25,Z+
000031 9700      	SBIW R24,0
000032 f061      	BREQ __GLOBAL_INI_END
000033 91a5      	LPM  R26,Z+
000034 91b5      	LPM  R27,Z+
000035 9005      	LPM  R0,Z+
000036 9015      	LPM  R1,Z+
000037 01bf      	MOVW R22,R30
000038 01f0      	MOVW R30,R0
                 __GLOBAL_INI_LOOP:
000039 9005      	LPM  R0,Z+
00003a 920d      	ST   X+,R0
00003b 9701      	SBIW R24,1
00003c f7e1      	BRNE __GLOBAL_INI_LOOP
00003d 01fb      	MOVW R30,R22
00003e cff0      	RJMP __GLOBAL_INI_NEXT
                 __GLOBAL_INI_END:
                 
                 ;HARDWARE STACK POINTER INITIALIZATION
00003f e5ef      	LDI  R30,LOW(__SRAM_END-__HEAP_SIZE)
000040 bfed      	OUT  SPL,R30
000041 e0e2      	LDI  R30,HIGH(__SRAM_END-__HEAP_SIZE)
000042 bfee      	OUT  SPH,R30
                 
                 ;DATA STACK POINTER INITIALIZATION
000043 eec0      	LDI  R28,LOW(__SRAM_START+__DSTACK_SIZE)
000044 e0d0      	LDI  R29,HIGH(__SRAM_START+__DSTACK_SIZE)
                 
000045 c000      	RJMP _main
                 
                 	.ESEG
                 	.ORG 0x00
                 
                 	.DSEG
                 	.ORG 0xE0
                 
                 	.CSEG
                 ;/*******************************************************
                 ;This program was created by the CodeWizardAVR V3.34
                 ;Automatic Program Generator
                 ;© Copyright 1998-2018 Pavel Haiduc, HP InfoTech s.r.l.
                 ;http://www.hpinfotech.com
                 ;
                 ;Project :
                 ;Version :
                 ;Date    : 28/02/2019
                 ;Author  :
                 ;Company :
                 ;Comments:
                 ;
                 ;
                 ;Chip type               : ATmega8535L
                 ;Program type            : Application
                 ;AVR Core Clock frequency: 1.000000 MHz
                 ;Memory model            : Small
                 ;External RAM size       : 0
                 ;Data Stack size         : 128
                 ;*******************************************************/
                 ;
                 ;#include <mega8535.h>
                 	#ifndef __SLEEP_DEFINED__
                 	#define __SLEEP_DEFINED__
                 	.EQU __se_bit=0x40
                 	.EQU __sm_mask=0xB0
                 	.EQU __sm_powerdown=0x20
                 	.EQU __sm_powersave=0x30
                 	.EQU __sm_standby=0xA0
                 	.EQU __sm_ext_standby=0xB0
                 	.EQU __sm_adc_noise_red=0x10
                 	.SET power_ctrl_reg=mcucr
                 	#endif
                 ;#include <delay.h>
                 ;#define b_arr PINB.0
                 ;#define b_abj PINB.1
                 ;#define b_izq PINB.2
                 ;#define b_der PINB.3
                 ;bit b_arr_p;
                 ;bit b_arr_a;
                 ;bit b_abj_p;
                 ;bit b_abj_a;
                 ;bit b_izq_p;
                 ;bit b_izq_a;
                 ;bit b_der_p;
                 ;bit b_der_a;
                 ;
                 ;bit flag_arr;
                 ;bit flag_abj;
                 ;bit flag_izq;
                 ;bit flag_der;
                 ;
                 ;bit flag_contador_arr = 0;
                 ;unsigned long contador_arr = 0;
                 ;bit flag_contador_abj = 0;
                 ;unsigned long contador_abj = 0;
                 ;bit flag_contador_izq = 0;
                 ;unsigned long contador_izq = 0;
                 ;bit flag_contador_der = 0;
                 ;unsigned long contador_der = 0;
                 ;
                 ;void main(void)
                 ; 0000 0035 {
                 
                 	.CSEG
                 _main:
                 ; .FSTART _main
                 ; 0000 0036 DDRA=(1<<DDA7) | (1<<DDA6) | (1<<DDA5) | (1<<DDA4) | (1<<DDA3) | (1<<DDA2) | (1<<DDA1) | (1<<DDA0);
000046 efef      	LDI  R30,LOW(255)
000047 bbea      	OUT  0x1A,R30
                 ; 0000 0037 PORTA=(0<<PORTA7) | (0<<PORTA6) | (0<<PORTA5) | (0<<PORTA4) | (0<<PORTA3) | (0<<PORTA2) | (0<<PORTA1) | (0<<PORTA0);
000048 e0e0      	LDI  R30,LOW(0)
000049 bbeb      	OUT  0x1B,R30
                 ; 0000 0038 
                 ; 0000 0039 DDRB=(0<<DDB7) | (0<<DDB6) | (0<<DDB5) | (0<<DDB4) | (0<<DDB3) | (0<<DDB2) | (0<<DDB1) | (0<<DDB0);
00004a bbe7      	OUT  0x17,R30
                 ; 0000 003A PORTB=(0<<PORTB7) | (0<<PORTB6) | (0<<PORTB5) | (0<<PORTB4) | (0<<PORTB3) | (0<<PORTB2) | (0<<PORTB1) | (0<<PORTB0);
00004b bbe8      	OUT  0x18,R30
                 ; 0000 003B 
                 ; 0000 003C DDRC=(0<<DDC7) | (0<<DDC6) | (0<<DDC5) | (0<<DDC4) | (0<<DDC3) | (0<<DDC2) | (0<<DDC1) | (0<<DDC0);
00004c bbe4      	OUT  0x14,R30
                 ; 0000 003D PORTC=(0<<PORTC7) | (0<<PORTC6) | (0<<PORTC5) | (0<<PORTC4) | (0<<PORTC3) | (0<<PORTC2) | (0<<PORTC1) | (0<<PORTC0);
00004d bbe5      	OUT  0x15,R30
                 ; 0000 003E 
                 ; 0000 003F DDRD=(0<<DDD7) | (0<<DDD6) | (0<<DDD5) | (0<<DDD4) | (0<<DDD3) | (0<<DDD2) | (0<<DDD1) | (0<<DDD0);
00004e bbe1      	OUT  0x11,R30
                 ; 0000 0040 PORTD=(0<<PORTD7) | (0<<PORTD6) | (0<<PORTD5) | (0<<PORTD4) | (0<<PORTD3) | (0<<PORTD2) | (0<<PORTD1) | (0<<PORTD0);
00004f bbe2      	OUT  0x12,R30
                 ; 0000 0041 
                 ; 0000 0042 TCCR0=(0<<WGM00) | (0<<COM01) | (0<<COM00) | (0<<WGM01) | (0<<CS02) | (0<<CS01) | (0<<CS00);
000050 bfe3      	OUT  0x33,R30
                 ; 0000 0043 TCNT0=0x00;
000051 bfe2      	OUT  0x32,R30
                 ; 0000 0044 OCR0=0x00;
000052 bfec      	OUT  0x3C,R30
                 ; 0000 0045 
                 ; 0000 0046 TCCR1A=(0<<COM1A1) | (0<<COM1A0) | (0<<COM1B1) | (0<<COM1B0) | (0<<WGM11) | (0<<WGM10);
000053 bdef      	OUT  0x2F,R30
                 ; 0000 0047 TCCR1B=(0<<ICNC1) | (0<<ICES1) | (0<<WGM13) | (0<<WGM12) | (0<<CS12) | (0<<CS11) | (0<<CS10);
000054 bdee      	OUT  0x2E,R30
                 ; 0000 0048 TCNT1H=0x00;
000055 bded      	OUT  0x2D,R30
                 ; 0000 0049 TCNT1L=0x00;
000056 bdec      	OUT  0x2C,R30
                 ; 0000 004A ICR1H=0x00;
000057 bde7      	OUT  0x27,R30
                 ; 0000 004B ICR1L=0x00;
000058 bde6      	OUT  0x26,R30
                 ; 0000 004C OCR1AH=0x00;
000059 bdeb      	OUT  0x2B,R30
                 ; 0000 004D OCR1AL=0x00;
00005a bdea      	OUT  0x2A,R30
                 ; 0000 004E OCR1BH=0x00;
00005b bde9      	OUT  0x29,R30
                 ; 0000 004F OCR1BL=0x00;
00005c bde8      	OUT  0x28,R30
                 ; 0000 0050 
                 ; 0000 0051 ASSR=0<<AS2;
00005d bde2      	OUT  0x22,R30
                 ; 0000 0052 TCCR2=(0<<WGM20) | (0<<COM21) | (0<<COM20) | (0<<WGM21) | (0<<CS22) | (0<<CS21) | (0<<CS20);
00005e bde5      	OUT  0x25,R30
                 ; 0000 0053 TCNT2=0x00;
00005f bde4      	OUT  0x24,R30
                 ; 0000 0054 OCR2=0x00;
000060 bde3      	OUT  0x23,R30
                 ; 0000 0055 
                 ; 0000 0056 TIMSK=(0<<OCIE2) | (0<<TOIE2) | (0<<TICIE1) | (0<<OCIE1A) | (0<<OCIE1B) | (0<<TOIE1) | (0<<OCIE0) | (0<<TOIE0);
000061 bfe9      	OUT  0x39,R30
                 ; 0000 0057 
                 ; 0000 0058 MCUCR=(0<<ISC11) | (0<<ISC10) | (0<<ISC01) | (0<<ISC00);
000062 bfe5      	OUT  0x35,R30
                 ; 0000 0059 MCUCSR=(0<<ISC2);
000063 bfe4      	OUT  0x34,R30
                 ; 0000 005A 
                 ; 0000 005B UCSRB=(0<<RXCIE) | (0<<TXCIE) | (0<<UDRIE) | (0<<RXEN) | (0<<TXEN) | (0<<UCSZ2) | (0<<RXB8) | (0<<TXB8);
000064 b9ea      	OUT  0xA,R30
                 ; 0000 005C 
                 ; 0000 005D ACSR=(1<<ACD) | (0<<ACBG) | (0<<ACO) | (0<<ACI) | (0<<ACIE) | (0<<ACIC) | (0<<ACIS1) | (0<<ACIS0);
000065 e8e0      	LDI  R30,LOW(128)
000066 b9e8      	OUT  0x8,R30
                 ; 0000 005E SFIOR=(0<<ACME);
000067 e0e0      	LDI  R30,LOW(0)
000068 bfe0      	OUT  0x30,R30
                 ; 0000 005F 
                 ; 0000 0060 ADCSRA=(0<<ADEN) | (0<<ADSC) | (0<<ADATE) | (0<<ADIF) | (0<<ADIE) | (0<<ADPS2) | (0<<ADPS1) | (0<<ADPS0);
000069 b9e6      	OUT  0x6,R30
                 ; 0000 0061 
                 ; 0000 0062 SPCR=(0<<SPIE) | (0<<SPE) | (0<<DORD) | (0<<MSTR) | (0<<CPOL) | (0<<CPHA) | (0<<SPR1) | (0<<SPR0);
00006a b9ed      	OUT  0xD,R30
                 ; 0000 0063 
                 ; 0000 0064 TWCR=(0<<TWEA) | (0<<TWSTA) | (0<<TWSTO) | (0<<TWEN) | (0<<TWIE);
00006b bfe6      	OUT  0x36,R30
                 ; 0000 0065 
                 ; 0000 0066 while (1)
                 _0x3:
                 ; 0000 0067       {
                 ; 0000 0068         if (b_arr == 0){
00006c 99b0      	SBIC 0x16,0
00006d c002      	RJMP _0x6
                 ; 0000 0069             b_arr_a = 0;
00006e 94e8      	CLT
00006f c001      	RJMP _0x59
                 ; 0000 006A         } else {
                 _0x6:
                 ; 0000 006B             b_arr_a = 1;
000070 9468      	SET
                 _0x59:
000071 f821      	BLD  R2,1
                 ; 0000 006C         }
                 ; 0000 006D 
                 ; 0000 006E         if (b_abj == 0){
000072 99b1      	SBIC 0x16,1
000073 c002      	RJMP _0x8
                 ; 0000 006F             b_abj_a = 0;
000074 94e8      	CLT
000075 c001      	RJMP _0x5A
                 ; 0000 0070         } else {
                 _0x8:
                 ; 0000 0071             b_abj_a = 1;
000076 9468      	SET
                 _0x5A:
000077 f823      	BLD  R2,3
                 ; 0000 0072         }
                 ; 0000 0073 
                 ; 0000 0074         if (b_izq == 0){
000078 99b2      	SBIC 0x16,2
000079 c002      	RJMP _0xA
                 ; 0000 0075             b_izq_a = 0;
00007a 94e8      	CLT
00007b c001      	RJMP _0x5B
                 ; 0000 0076         } else {
                 _0xA:
                 ; 0000 0077             b_izq_a = 1;
00007c 9468      	SET
                 _0x5B:
00007d f825      	BLD  R2,5
                 ; 0000 0078         }
                 ; 0000 0079 
                 ; 0000 007A         if (b_der == 0){
00007e 99b3      	SBIC 0x16,3
00007f c002      	RJMP _0xC
                 ; 0000 007B             b_der_a = 0;
000080 94e8      	CLT
000081 c001      	RJMP _0x5C
                 ; 0000 007C         } else {
                 _0xC:
                 ; 0000 007D             b_der_a = 1;
000082 9468      	SET
                 _0x5C:
000083 f827      	BLD  R2,7
                 ; 0000 007E         }
                 ; 0000 007F 
                 ; 0000 0080         //Cambio de flanco de 0 a 1   para el boton
                 ; 0000 0081         if ((b_arr_p==0)&&(b_arr_a==1)) {
000084 fc20      	SBRC R2,0
000085 c002      	RJMP _0xF
000086 fc21      	SBRC R2,1
000087 c001      	RJMP _0x10
                 _0xF:
000088 c002      	RJMP _0xE
                 _0x10:
                 ; 0000 0082             flag_arr = 0;
000089 94e8      	CLT
00008a d108      	RCALL SUBOPT_0x0
                 ; 0000 0083             delay_ms(40);
                 ; 0000 0084         }
                 ; 0000 0085         //Cambio de flanco de 1 a 0 para el boton arriba
                 ; 0000 0086         if ((b_arr_p == 1)&&(b_arr_a == 0)){
                 _0xE:
00008b fe20      	SBRS R2,0
00008c c002      	RJMP _0x12
00008d fe21      	SBRS R2,1
00008e c001      	RJMP _0x13
                 _0x12:
00008f c002      	RJMP _0x11
                 _0x13:
                 ; 0000 0087             flag_arr = 1;
000090 9468      	SET
000091 d101      	RCALL SUBOPT_0x0
                 ; 0000 0088             delay_ms(40);
                 ; 0000 0089         }
                 ; 0000 008A 
                 ; 0000 008B 
                 ; 0000 008C         //Cambio de flanco de 0 a 1   para el boton
                 ; 0000 008D         if ((b_abj_p==0)&&(b_abj_a==1)) {
                 _0x11:
000092 fc22      	SBRC R2,2
000093 c002      	RJMP _0x15
000094 fc23      	SBRC R2,3
000095 c001      	RJMP _0x16
                 _0x15:
000096 c002      	RJMP _0x14
                 _0x16:
                 ; 0000 008E             flag_abj = 0;
000097 94e8      	CLT
000098 d0fe      	RCALL SUBOPT_0x1
                 ; 0000 008F             delay_ms(40);
                 ; 0000 0090         }
                 ; 0000 0091         //Cambio de flanco de 1 a 0 para el boton arriba
                 ; 0000 0092         if ((b_abj_p == 1)&&(b_abj_a == 0)){
                 _0x14:
000099 fe22      	SBRS R2,2
00009a c002      	RJMP _0x18
00009b fe23      	SBRS R2,3
00009c c001      	RJMP _0x19
                 _0x18:
00009d c002      	RJMP _0x17
                 _0x19:
                 ; 0000 0093             flag_abj = 1;
00009e 9468      	SET
00009f d0f7      	RCALL SUBOPT_0x1
                 ; 0000 0094             delay_ms(40);
                 ; 0000 0095         }
                 ; 0000 0096 
                 ; 0000 0097 
                 ; 0000 0098         //Cambio de flanco de 0 a 1   para el boton
                 ; 0000 0099         if ((b_izq_p==0)&&(b_izq_a==1)) {
                 _0x17:
0000a0 fc24      	SBRC R2,4
0000a1 c002      	RJMP _0x1B
0000a2 fc25      	SBRC R2,5
0000a3 c001      	RJMP _0x1C
                 _0x1B:
0000a4 c002      	RJMP _0x1A
                 _0x1C:
                 ; 0000 009A             flag_izq = 0;
0000a5 94e8      	CLT
0000a6 d0f4      	RCALL SUBOPT_0x2
                 ; 0000 009B             delay_ms(40);
                 ; 0000 009C         }
                 ; 0000 009D         //Cambio de flanco de 1 a 0 para el boton arriba
                 ; 0000 009E         if ((b_izq_p == 1)&&(b_izq_a == 0)){
                 _0x1A:
0000a7 fe24      	SBRS R2,4
0000a8 c002      	RJMP _0x1E
0000a9 fe25      	SBRS R2,5
0000aa c001      	RJMP _0x1F
                 _0x1E:
0000ab c002      	RJMP _0x1D
                 _0x1F:
                 ; 0000 009F             flag_izq = 1;
0000ac 9468      	SET
0000ad d0ed      	RCALL SUBOPT_0x2
                 ; 0000 00A0             delay_ms(40);
                 ; 0000 00A1         }
                 ; 0000 00A2 
                 ; 0000 00A3 
                 ; 0000 00A4         //Cambio de flanco de 0 a 1   para el boton
                 ; 0000 00A5         if ((b_der_p==0)&&(b_der_a==1)) {
                 _0x1D:
0000ae fc26      	SBRC R2,6
0000af c002      	RJMP _0x21
0000b0 fc27      	SBRC R2,7
0000b1 c001      	RJMP _0x22
                 _0x21:
0000b2 c002      	RJMP _0x20
                 _0x22:
                 ; 0000 00A6 
                 ; 0000 00A7             flag_der = 0;
0000b3 94e8      	CLT
0000b4 d0ea      	RCALL SUBOPT_0x3
                 ; 0000 00A8             delay_ms(40);
                 ; 0000 00A9         }
                 ; 0000 00AA         //Cambio de flanco de 1 a 0 para el boton arriba
                 ; 0000 00AB         if ((b_der_p == 1)&&(b_der_a == 0)){
                 _0x20:
0000b5 fe26      	SBRS R2,6
0000b6 c002      	RJMP _0x24
0000b7 fe27      	SBRS R2,7
0000b8 c001      	RJMP _0x25
                 _0x24:
0000b9 c002      	RJMP _0x23
                 _0x25:
                 ; 0000 00AC             flag_der = 1;
0000ba 9468      	SET
0000bb d0e3      	RCALL SUBOPT_0x3
                 ; 0000 00AD             delay_ms(40);
                 ; 0000 00AE         }
                 ; 0000 00AF 
                 ; 0000 00B0         if (flag_arr) {
                 _0x23:
0000bc fe30      	SBRS R3,0
0000bd c031      	RJMP _0x26
                 ; 0000 00B1             if (flag_contador_arr == 0) {
0000be fc34      	SBRC R3,4
0000bf c01c      	RJMP _0x27
                 ; 0000 00B2                     if (contador_arr < 50) {
0000c0 d0e2      	RCALL SUBOPT_0x4
                +
0000c1 33a2     +CPI R26 , LOW ( 0x32 )
0000c2 e0e0     +LDI R30 , HIGH ( 0x32 )
0000c3 07be     +CPC R27 , R30
0000c4 e0e0     +LDI R30 , BYTE3 ( 0x32 )
0000c5 078e     +CPC R24 , R30
0000c6 e0e0     +LDI R30 , BYTE4 ( 0x32 )
0000c7 079e     +CPC R25 , R30
                 	__CPD2N 0x32
0000c8 f420      	BRSH _0x28
                 ; 0000 00B3                         contador_arr++;
0000c9 eea0      	LDI  R26,LOW(_contador_arr)
0000ca e0b0      	LDI  R27,HIGH(_contador_arr)
0000cb d0e0      	RCALL SUBOPT_0x5
                 ; 0000 00B4                         PORTA.0 = 1;
                 ; 0000 00B5                     } else {
0000cc c00e      	RJMP _0x2B
                 _0x28:
                 ; 0000 00B6                         flag_contador_arr = 1;
0000cd 9468      	SET
0000ce f834      	BLD  R3,4
                 ; 0000 00B7                         contador_arr = 50;
                +
0000cf e3e2     +LDI R30 , LOW ( 0x32 )
0000d0 e0f0     +LDI R31 , HIGH ( 0x32 )
0000d1 e060     +LDI R22 , BYTE3 ( 0x32 )
0000d2 e070     +LDI R23 , BYTE4 ( 0x32 )
                 	__GETD1N 0x32
0000d3 93e0 00e0 	STS  _contador_arr,R30
0000d5 93f0 00e1 	STS  _contador_arr+1,R31
0000d7 9360 00e2 	STS  _contador_arr+2,R22
0000d9 9370 00e3 	STS  _contador_arr+3,R23
                 ; 0000 00B8                     }
                 _0x2B:
                 ; 0000 00B9                 } else {
0000db c012      	RJMP _0x2C
                 _0x27:
                 ; 0000 00BA                    if (contador_arr > 0) {
0000dc d0c6      	RCALL SUBOPT_0x4
0000dd d102      	RCALL __CPD02
0000de f420      	BRSH _0x2D
                 ; 0000 00BB                         contador_arr--;
0000df eea0      	LDI  R26,LOW(_contador_arr)
0000e0 e0b0      	LDI  R27,HIGH(_contador_arr)
0000e1 d0d2      	RCALL SUBOPT_0x6
                 ; 0000 00BC                         PORTA.0 = 0;
                 ; 0000 00BD                     } else {
0000e2 c00b      	RJMP _0x30
                 _0x2D:
                 ; 0000 00BE                       flag_contador_arr = 0;
0000e3 94e8      	CLT
0000e4 f834      	BLD  R3,4
                 ; 0000 00BF                       contador_arr = 0;
0000e5 e0e0      	LDI  R30,LOW(0)
0000e6 93e0 00e0 	STS  _contador_arr,R30
0000e8 93e0 00e1 	STS  _contador_arr+1,R30
0000ea 93e0 00e2 	STS  _contador_arr+2,R30
0000ec 93e0 00e3 	STS  _contador_arr+3,R30
                 ; 0000 00C0                     }
                 _0x30:
                 ; 0000 00C1                 }
                 _0x2C:
                 ; 0000 00C2         } else if (flag_abj) {
0000ee c09a      	RJMP _0x31
                 _0x26:
0000ef fe31      	SBRS R3,1
0000f0 c031      	RJMP _0x32
                 ; 0000 00C3             if (flag_contador_abj == 0) {
0000f1 fc35      	SBRC R3,5
0000f2 c01c      	RJMP _0x33
                 ; 0000 00C4                     if (contador_abj < 25) {
0000f3 d0c7      	RCALL SUBOPT_0x7
                +
0000f4 31a9     +CPI R26 , LOW ( 0x19 )
0000f5 e0e0     +LDI R30 , HIGH ( 0x19 )
0000f6 07be     +CPC R27 , R30
0000f7 e0e0     +LDI R30 , BYTE3 ( 0x19 )
0000f8 078e     +CPC R24 , R30
0000f9 e0e0     +LDI R30 , BYTE4 ( 0x19 )
0000fa 079e     +CPC R25 , R30
                 	__CPD2N 0x19
0000fb f420      	BRSH _0x34
                 ; 0000 00C5                         contador_abj++;
0000fc eea4      	LDI  R26,LOW(_contador_abj)
0000fd e0b0      	LDI  R27,HIGH(_contador_abj)
0000fe d0ad      	RCALL SUBOPT_0x5
                 ; 0000 00C6                         PORTA.0 = 1;
                 ; 0000 00C7                     } else {
0000ff c00e      	RJMP _0x37
                 _0x34:
                 ; 0000 00C8                         flag_contador_abj = 1;
000100 9468      	SET
000101 f835      	BLD  R3,5
                 ; 0000 00C9                         contador_abj = 25;
                +
000102 e1e9     +LDI R30 , LOW ( 0x19 )
000103 e0f0     +LDI R31 , HIGH ( 0x19 )
000104 e060     +LDI R22 , BYTE3 ( 0x19 )
000105 e070     +LDI R23 , BYTE4 ( 0x19 )
                 	__GETD1N 0x19
000106 93e0 00e4 	STS  _contador_abj,R30
000108 93f0 00e5 	STS  _contador_abj+1,R31
00010a 9360 00e6 	STS  _contador_abj+2,R22
00010c 9370 00e7 	STS  _contador_abj+3,R23
                 ; 0000 00CA                     }
                 _0x37:
                 ; 0000 00CB                 } else {
00010e c012      	RJMP _0x38
                 _0x33:
                 ; 0000 00CC                    if (contador_abj > 0) {
00010f d0ab      	RCALL SUBOPT_0x7
000110 d0cf      	RCALL __CPD02
000111 f420      	BRSH _0x39
                 ; 0000 00CD                         contador_abj--;
000112 eea4      	LDI  R26,LOW(_contador_abj)
000113 e0b0      	LDI  R27,HIGH(_contador_abj)
000114 d09f      	RCALL SUBOPT_0x6
                 ; 0000 00CE                         PORTA.0 = 0;
                 ; 0000 00CF                     } else {
000115 c00b      	RJMP _0x3C
                 _0x39:
                 ; 0000 00D0                       flag_contador_abj = 0;
000116 94e8      	CLT
000117 f835      	BLD  R3,5
                 ; 0000 00D1                       contador_abj = 0;
000118 e0e0      	LDI  R30,LOW(0)
000119 93e0 00e4 	STS  _contador_abj,R30
00011b 93e0 00e5 	STS  _contador_abj+1,R30
00011d 93e0 00e6 	STS  _contador_abj+2,R30
00011f 93e0 00e7 	STS  _contador_abj+3,R30
                 ; 0000 00D2                     }
                 _0x3C:
                 ; 0000 00D3                 }
                 _0x38:
                 ; 0000 00D4         } else if (flag_izq) {
000121 c067      	RJMP _0x3D
                 _0x32:
000122 fe32      	SBRS R3,2
000123 c031      	RJMP _0x3E
                 ; 0000 00D5             if (flag_contador_izq == 0) {
000124 fc36      	SBRC R3,6
000125 c01c      	RJMP _0x3F
                 ; 0000 00D6                     if (contador_izq < 15) {
000126 d09d      	RCALL SUBOPT_0x8
                +
000127 30af     +CPI R26 , LOW ( 0xF )
000128 e0e0     +LDI R30 , HIGH ( 0xF )
000129 07be     +CPC R27 , R30
00012a e0e0     +LDI R30 , BYTE3 ( 0xF )
00012b 078e     +CPC R24 , R30
00012c e0e0     +LDI R30 , BYTE4 ( 0xF )
00012d 079e     +CPC R25 , R30
                 	__CPD2N 0xF
00012e f420      	BRSH _0x40
                 ; 0000 00D7                         contador_izq++;
00012f eea8      	LDI  R26,LOW(_contador_izq)
000130 e0b0      	LDI  R27,HIGH(_contador_izq)
000131 d07a      	RCALL SUBOPT_0x5
                 ; 0000 00D8                         PORTA.0 = 1;
                 ; 0000 00D9                     } else {
000132 c00e      	RJMP _0x43
                 _0x40:
                 ; 0000 00DA                         flag_contador_izq = 1;
000133 9468      	SET
000134 f836      	BLD  R3,6
                 ; 0000 00DB                         contador_izq = 15;
                +
000135 e0ef     +LDI R30 , LOW ( 0xF )
000136 e0f0     +LDI R31 , HIGH ( 0xF )
000137 e060     +LDI R22 , BYTE3 ( 0xF )
000138 e070     +LDI R23 , BYTE4 ( 0xF )
                 	__GETD1N 0xF
000139 93e0 00e8 	STS  _contador_izq,R30
00013b 93f0 00e9 	STS  _contador_izq+1,R31
00013d 9360 00ea 	STS  _contador_izq+2,R22
00013f 9370 00eb 	STS  _contador_izq+3,R23
                 ; 0000 00DC                     }
                 _0x43:
                 ; 0000 00DD                 } else {
000141 c012      	RJMP _0x44
                 _0x3F:
                 ; 0000 00DE                    if (contador_izq > 0) {
000142 d081      	RCALL SUBOPT_0x8
000143 d09c      	RCALL __CPD02
000144 f420      	BRSH _0x45
                 ; 0000 00DF                         contador_izq--;
000145 eea8      	LDI  R26,LOW(_contador_izq)
000146 e0b0      	LDI  R27,HIGH(_contador_izq)
000147 d06c      	RCALL SUBOPT_0x6
                 ; 0000 00E0                         PORTA.0 = 0;
                 ; 0000 00E1                     } else {
000148 c00b      	RJMP _0x48
                 _0x45:
                 ; 0000 00E2                       flag_contador_izq = 0;
000149 94e8      	CLT
00014a f836      	BLD  R3,6
                 ; 0000 00E3                       contador_izq = 0;
00014b e0e0      	LDI  R30,LOW(0)
00014c 93e0 00e8 	STS  _contador_izq,R30
00014e 93e0 00e9 	STS  _contador_izq+1,R30
000150 93e0 00ea 	STS  _contador_izq+2,R30
000152 93e0 00eb 	STS  _contador_izq+3,R30
                 ; 0000 00E4                     }
                 _0x48:
                 ; 0000 00E5                 }
                 _0x44:
                 ; 0000 00E6         } else if (flag_der) {
000154 c034      	RJMP _0x49
                 _0x3E:
000155 fe33      	SBRS R3,3
000156 c031      	RJMP _0x4A
                 ; 0000 00E7             if (flag_contador_der == 0) {
000157 fc37      	SBRC R3,7
000158 c01c      	RJMP _0x4B
                 ; 0000 00E8                     if (contador_der < 5) {
000159 d073      	RCALL SUBOPT_0x9
                +
00015a 30a5     +CPI R26 , LOW ( 0x5 )
00015b e0e0     +LDI R30 , HIGH ( 0x5 )
00015c 07be     +CPC R27 , R30
00015d e0e0     +LDI R30 , BYTE3 ( 0x5 )
00015e 078e     +CPC R24 , R30
00015f e0e0     +LDI R30 , BYTE4 ( 0x5 )
000160 079e     +CPC R25 , R30
                 	__CPD2N 0x5
000161 f420      	BRSH _0x4C
                 ; 0000 00E9                         contador_der++;
000162 eeac      	LDI  R26,LOW(_contador_der)
000163 e0b0      	LDI  R27,HIGH(_contador_der)
000164 d047      	RCALL SUBOPT_0x5
                 ; 0000 00EA                         PORTA.0 = 1;
                 ; 0000 00EB                     } else {
000165 c00e      	RJMP _0x4F
                 _0x4C:
                 ; 0000 00EC                         flag_contador_der = 1;
000166 9468      	SET
000167 f837      	BLD  R3,7
                 ; 0000 00ED                         contador_der = 5;
                +
000168 e0e5     +LDI R30 , LOW ( 0x5 )
000169 e0f0     +LDI R31 , HIGH ( 0x5 )
00016a e060     +LDI R22 , BYTE3 ( 0x5 )
00016b e070     +LDI R23 , BYTE4 ( 0x5 )
                 	__GETD1N 0x5
00016c 93e0 00ec 	STS  _contador_der,R30
00016e 93f0 00ed 	STS  _contador_der+1,R31
000170 9360 00ee 	STS  _contador_der+2,R22
000172 9370 00ef 	STS  _contador_der+3,R23
                 ; 0000 00EE                     }
                 _0x4F:
                 ; 0000 00EF                 } else {
000174 c012      	RJMP _0x50
                 _0x4B:
                 ; 0000 00F0                    if (contador_der > 0) {
000175 d057      	RCALL SUBOPT_0x9
000176 d069      	RCALL __CPD02
000177 f420      	BRSH _0x51
                 ; 0000 00F1                         contador_der--;
000178 eeac      	LDI  R26,LOW(_contador_der)
000179 e0b0      	LDI  R27,HIGH(_contador_der)
00017a d039      	RCALL SUBOPT_0x6
                 ; 0000 00F2                         PORTA.0 = 0;
                 ; 0000 00F3                     } else {
00017b c00b      	RJMP _0x54
                 _0x51:
                 ; 0000 00F4                       flag_contador_der = 0;
00017c 94e8      	CLT
00017d f837      	BLD  R3,7
                 ; 0000 00F5                       contador_der = 0;
00017e e0e0      	LDI  R30,LOW(0)
00017f 93e0 00ec 	STS  _contador_der,R30
000181 93e0 00ed 	STS  _contador_der+1,R30
000183 93e0 00ee 	STS  _contador_der+2,R30
000185 93e0 00ef 	STS  _contador_der+3,R30
                 ; 0000 00F6                     }
                 _0x54:
                 ; 0000 00F7                 }
                 _0x50:
                 ; 0000 00F8         } else {
000187 c001      	RJMP _0x55
                 _0x4A:
                 ; 0000 00F9             PORTA.4 = 0;
000188 98dc      	CBI  0x1B,4
                 ; 0000 00FA         }
                 _0x55:
                 _0x49:
                 _0x3D:
                 _0x31:
                 ; 0000 00FB 
                 ; 0000 00FC          b_arr_p=b_arr_a;
000189 fa21      	BST  R2,1
00018a f820      	BLD  R2,0
                 ; 0000 00FD          b_abj_p=b_abj_a;
00018b fa23      	BST  R2,3
00018c f822      	BLD  R2,2
                 ; 0000 00FE          b_izq_p=b_izq_a;
00018d fa25      	BST  R2,5
00018e f824      	BLD  R2,4
                 ; 0000 00FF          b_der_p=b_der_a;
00018f fa27      	BST  R2,7
000190 f826      	BLD  R2,6
                 ; 0000 0100       }
000191 ceda      	RJMP _0x3
                 ; 0000 0101 }
                 _0x58:
000192 cfff      	RJMP _0x58
                 ; .FEND
                 
                 	.DSEG
                 _contador_arr:
0000e0           	.BYTE 0x4
                 _contador_abj:
0000e4           	.BYTE 0x4
                 _contador_izq:
0000e8           	.BYTE 0x4
                 _contador_der:
0000ec           	.BYTE 0x4
                 
                 	.CSEG
                 ;OPTIMIZER ADDED SUBROUTINE, CALLED 2 TIMES, CODE SIZE REDUCTION:1 WORDS
                 SUBOPT_0x0:
000193 f830      	BLD  R3,0
000194 e2a8      	LDI  R26,LOW(40)
000195 e0b0      	LDI  R27,0
000196 c04f      	RJMP _delay_ms
                 
                 ;OPTIMIZER ADDED SUBROUTINE, CALLED 2 TIMES, CODE SIZE REDUCTION:1 WORDS
                 SUBOPT_0x1:
000197 f831      	BLD  R3,1
000198 e2a8      	LDI  R26,LOW(40)
000199 e0b0      	LDI  R27,0
00019a c04b      	RJMP _delay_ms
                 
                 ;OPTIMIZER ADDED SUBROUTINE, CALLED 2 TIMES, CODE SIZE REDUCTION:1 WORDS
                 SUBOPT_0x2:
00019b f832      	BLD  R3,2
00019c e2a8      	LDI  R26,LOW(40)
00019d e0b0      	LDI  R27,0
00019e c047      	RJMP _delay_ms
                 
                 ;OPTIMIZER ADDED SUBROUTINE, CALLED 2 TIMES, CODE SIZE REDUCTION:1 WORDS
                 SUBOPT_0x3:
00019f f833      	BLD  R3,3
0001a0 e2a8      	LDI  R26,LOW(40)
0001a1 e0b0      	LDI  R27,0
0001a2 c043      	RJMP _delay_ms
                 
                 ;OPTIMIZER ADDED SUBROUTINE, CALLED 2 TIMES, CODE SIZE REDUCTION:5 WORDS
                 SUBOPT_0x4:
0001a3 91a0 00e0 	LDS  R26,_contador_arr
0001a5 91b0 00e1 	LDS  R27,_contador_arr+1
0001a7 9180 00e2 	LDS  R24,_contador_arr+2
0001a9 9190 00e3 	LDS  R25,_contador_arr+3
0001ab 9508      	RET
                 
                 ;OPTIMIZER ADDED SUBROUTINE, CALLED 4 TIMES, CODE SIZE REDUCTION:16 WORDS
                 SUBOPT_0x5:
0001ac d029      	RCALL __GETD1P_INC
                +
0001ad 5fef     +SUBI R30 , LOW ( - 1 )
0001ae 4fff     +SBCI R31 , HIGH ( - 1 )
0001af 4f6f     +SBCI R22 , BYTE3 ( - 1 )
0001b0 4f7f     +SBCI R23 , BYTE4 ( - 1 )
                 	__SUBD1N -1
0001b1 d029      	RCALL __PUTDP1_DEC
0001b2 9ad8      	SBI  0x1B,0
0001b3 9508      	RET
                 
                 ;OPTIMIZER ADDED SUBROUTINE, CALLED 4 TIMES, CODE SIZE REDUCTION:13 WORDS
                 SUBOPT_0x6:
0001b4 d021      	RCALL __GETD1P_INC
0001b5 9731      	SBIW R30,1
0001b6 4060      	SBCI R22,0
0001b7 4070      	SBCI R23,0
0001b8 d022      	RCALL __PUTDP1_DEC
0001b9 98d8      	CBI  0x1B,0
0001ba 9508      	RET
                 
                 ;OPTIMIZER ADDED SUBROUTINE, CALLED 2 TIMES, CODE SIZE REDUCTION:5 WORDS
                 SUBOPT_0x7:
0001bb 91a0 00e4 	LDS  R26,_contador_abj
0001bd 91b0 00e5 	LDS  R27,_contador_abj+1
0001bf 9180 00e6 	LDS  R24,_contador_abj+2
0001c1 9190 00e7 	LDS  R25,_contador_abj+3
0001c3 9508      	RET
                 
                 ;OPTIMIZER ADDED SUBROUTINE, CALLED 2 TIMES, CODE SIZE REDUCTION:5 WORDS
                 SUBOPT_0x8:
0001c4 91a0 00e8 	LDS  R26,_contador_izq
0001c6 91b0 00e9 	LDS  R27,_contador_izq+1
0001c8 9180 00ea 	LDS  R24,_contador_izq+2
0001ca 9190 00eb 	LDS  R25,_contador_izq+3
0001cc 9508      	RET
                 
                 ;OPTIMIZER ADDED SUBROUTINE, CALLED 2 TIMES, CODE SIZE REDUCTION:5 WORDS
                 SUBOPT_0x9:
0001cd 91a0 00ec 	LDS  R26,_contador_der
0001cf 91b0 00ed 	LDS  R27,_contador_der+1
0001d1 9180 00ee 	LDS  R24,_contador_der+2
0001d3 9190 00ef 	LDS  R25,_contador_der+3
0001d5 9508      	RET
                 
                 ;RUNTIME LIBRARY
                 
                 	.CSEG
                 __GETD1P_INC:
0001d6 91ed      	LD   R30,X+
0001d7 91fd      	LD   R31,X+
0001d8 916d      	LD   R22,X+
0001d9 917d      	LD   R23,X+
0001da 9508      	RET
                 
                 __PUTDP1_DEC:
0001db 937e      	ST   -X,R23
0001dc 936e      	ST   -X,R22
0001dd 93fe      	ST   -X,R31
0001de 93ee      	ST   -X,R30
0001df 9508      	RET
                 
                 __CPD02:
0001e0 2400      	CLR  R0
0001e1 160a      	CP   R0,R26
0001e2 060b      	CPC  R0,R27
0001e3 0608      	CPC  R0,R24
0001e4 0609      	CPC  R0,R25
0001e5 9508      	RET
                 
                 _delay_ms:
0001e6 9610      	adiw r26,0
0001e7 f039      	breq __delay_ms1
                 __delay_ms0:
0001e8 95a8      	wdr
                +
0001e9 ef8a     +LDI R24 , LOW ( 0xFA )
0001ea e090     +LDI R25 , HIGH ( 0xFA )
                +__DELAY_USW_LOOP :
0001eb 9701     +SBIW R24 , 1
0001ec f7f1     +BRNE __DELAY_USW_LOOP
                 	__DELAY_USW 0xFA
0001ed 9711      	sbiw r26,1
0001ee f7c9      	brne __delay_ms0
                 __delay_ms1:
0001ef 9508      	ret
                 
                 ;END OF CODE MARKER
                 __END_OF_CODE:


RESOURCE USE INFORMATION
------------------------

Notice:
The register and instruction counts are symbol table hit counts,
and hence implicitly used resources are not counted, eg, the
'lpm' instruction without operands implicitly uses r0 and z,
none of which are counted.

x,y,z are separate entities in the symbol table and are
counted separately from r26..r31 here.

.dseg memory usage only counts static data declared with .byte

ATmega8535L register use summary:
r0 :   9 r1 :   1 r2 :  28 r3 :  20 r4 :   0 r5 :   0 r6 :   0 r7 :   0 
r8 :   0 r9 :   0 r10:   0 r11:   0 r12:   0 r13:   0 r14:   0 r15:   0 
r16:   0 r17:   0 r18:   0 r19:   0 r20:   0 r21:   0 r22:  14 r23:  12 
r24:  18 r25:  12 r26:  26 r27:  23 r28:   1 r29:   1 r30: 108 r31:  14 
x  :  11 y  :   0 z  :   7 
Registers used: 16 out of 35 (45.7%)

ATmega8535L instruction use summary:
.lds  :   0 .lds.l:   0 .sts  :   0 .sts.l:   0 adc   :   0 add   :   0 
adiw  :   1 and   :   0 andi  :   0 asr   :   0 bclr  :   0 bld   :  20 
brbc  :   0 brbs  :   0 brcc  :   0 brcs  :   0 break :   0 breq  :   2 
brge  :   0 brhc  :   0 brhs  :   0 brid  :   0 brie  :   0 brlo  :   0 
brlt  :   0 brmi  :   0 brne  :   5 brpl  :   0 brsh  :   8 brtc  :   0 
brts  :   0 brvc  :   0 brvs  :   0 bset  :   0 bst   :   4 cbi   :   2 
cbr   :   0 clc   :   0 clh   :   0 cli   :   1 cln   :   0 clr   :   3 
cls   :   0 clt   :  12 clv   :   0 clz   :   0 com   :   0 cp    :   1 
cpc   :  15 cpi   :   4 cpse  :   0 dec   :   1 des   :   0 eor   :   0 
fmul  :   0 fmuls :   0 fmulsu:   0 icall :   0 ijmp  :   0 in    :   0 
inc   :   0 ld    :   4 ldd   :   0 ldi   :  74 lds   :  16 lpm   :   7 
lsl   :   0 lsr   :   0 mov   :   0 movw  :   3 mul   :   0 muls  :   0 
mulsu :   0 neg   :   0 nop   :   0 or    :   0 ori   :   0 out   :  40 
pop   :   0 push  :   0 rcall :  32 ret   :  10 reti  :   0 rjmp  :  85 
rol   :   0 ror   :   0 sbc   :   0 sbci  :   5 sbi   :   1 sbic  :   4 
sbis  :   0 sbiw  :   6 sbr   :   0 sbrc  :  12 sbrs  :  12 sec   :   0 
seh   :   0 sei   :   0 sen   :   0 ser   :   0 ses   :   0 set   :  12 
sev   :   0 sez   :   0 sleep :   0 spm   :   0 st    :   7 std   :   0 
sts   :  32 sub   :   0 subi  :   1 swap  :   0 tst   :   0 wdr   :   1 

Instructions used: 34 out of 114 (29.8%)

ATmega8535L memory use summary [bytes]:
Segment   Begin    End      Code   Data   Used    Size   Use%
---------------------------------------------------------------
[.cseg] 0x000000 0x0003e0    982     10    992    8192  12.1%
[.dseg] 0x000060 0x0000f0      0     16     16     512   3.1%
[.eseg] 0x000000 0x000000      0      0      0     512   0.0%

Assembly complete, 0 errors, 0 warnings
