
AVRASM ver. 2.1.30  D:\Escritorio\MCS\practices\proyecto3\code\Debug\List\pro2.asm Sat Apr 06 19:50:36 2019

D:\Escritorio\MCS\practices\proyecto3\code\Debug\List\pro2.asm(1093): warning: Register r4 already defined by the .DEF directive
D:\Escritorio\MCS\practices\proyecto3\code\Debug\List\pro2.asm(1094): warning: Register r5 already defined by the .DEF directive
D:\Escritorio\MCS\practices\proyecto3\code\Debug\List\pro2.asm(1095): warning: Register r6 already defined by the .DEF directive
D:\Escritorio\MCS\practices\proyecto3\code\Debug\List\pro2.asm(1096): warning: Register r7 already defined by the .DEF directive
D:\Escritorio\MCS\practices\proyecto3\code\Debug\List\pro2.asm(1097): warning: Register r8 already defined by the .DEF directive
D:\Escritorio\MCS\practices\proyecto3\code\Debug\List\pro2.asm(1098): warning: Register r9 already defined by the .DEF directive
D:\Escritorio\MCS\practices\proyecto3\code\Debug\List\pro2.asm(1099): warning: Register r10 already defined by the .DEF directive
D:\Escritorio\MCS\practices\proyecto3\code\Debug\List\pro2.asm(1100): warning: Register r11 already defined by the .DEF directive
D:\Escritorio\MCS\practices\proyecto3\code\Debug\List\pro2.asm(1101): warning: Register r12 already defined by the .DEF directive
D:\Escritorio\MCS\practices\proyecto3\code\Debug\List\pro2.asm(1102): warning: Register r13 already defined by the .DEF directive
                 
                 
                 ;CodeVisionAVR C Compiler V3.34 Evaluation
                 ;(C) Copyright 1998-2018 Pavel Haiduc, HP InfoTech s.r.l.
                 ;http://www.hpinfotech.com
                 
                 ;Build configuration    : Debug
                 ;Chip type              : ATmega8535
                 ;Program type           : Application
                 ;Clock frequency        : 1.000000 MHz
                 ;Memory model           : Small
                 ;Optimize for           : Size
                 ;(s)printf features     : int, width
                 ;(s)scanf features      : int, width
                 ;External RAM size      : 0
                 ;Data Stack size        : 128 byte(s)
                 ;Heap size              : 0 byte(s)
                 ;Promote 'char' to 'int': Yes
                 ;'char' is unsigned     : Yes
                 ;8 bit enums            : Yes
                 ;Global 'const' stored in FLASH: Yes
                 ;Enhanced function parameter passing: Mode 2
                 ;Enhanced core instructions: On
                 ;Automatic register allocation for global variables: On
                 ;Smart register allocation: On
                 
                 	#define _MODEL_SMALL_
                 
                 	#pragma AVRPART ADMIN PART_NAME ATmega8535
                 	#pragma AVRPART MEMORY PROG_FLASH 8192
                 	#pragma AVRPART MEMORY EEPROM 512
                 	#pragma AVRPART MEMORY INT_SRAM SIZE 512
                 	#pragma AVRPART MEMORY INT_SRAM START_ADDR 0x60
                 
                 	.LISTMAC
                 	.EQU UDRE=0x5
                 	.EQU RXC=0x7
                 	.EQU USR=0xB
                 	.EQU UDR=0xC
                 	.EQU SPSR=0xE
                 	.EQU SPDR=0xF
                 	.EQU EERE=0x0
                 	.EQU EEWE=0x1
                 	.EQU EEMWE=0x2
                 	.EQU EECR=0x1C
                 	.EQU EEDR=0x1D
                 	.EQU EEARL=0x1E
                 	.EQU EEARH=0x1F
                 	.EQU WDTCR=0x21
                 	.EQU MCUCR=0x35
                 	.EQU GICR=0x3B
                 	.EQU SPL=0x3D
                 	.EQU SPH=0x3E
                 	.EQU SREG=0x3F
                 
                 	.DEF R0X0=R0
                 	.DEF R0X1=R1
                 	.DEF R0X2=R2
                 	.DEF R0X3=R3
                 	.DEF R0X4=R4
                 	.DEF R0X5=R5
                 	.DEF R0X6=R6
                 	.DEF R0X7=R7
                 	.DEF R0X8=R8
                 	.DEF R0X9=R9
                 	.DEF R0XA=R10
                 	.DEF R0XB=R11
                 	.DEF R0XC=R12
                 	.DEF R0XD=R13
                 	.DEF R0XE=R14
                 	.DEF R0XF=R15
                 	.DEF R0X10=R16
                 	.DEF R0X11=R17
                 	.DEF R0X12=R18
                 	.DEF R0X13=R19
                 	.DEF R0X14=R20
                 	.DEF R0X15=R21
                 	.DEF R0X16=R22
                 	.DEF R0X17=R23
                 	.DEF R0X18=R24
                 	.DEF R0X19=R25
                 	.DEF R0X1A=R26
                 	.DEF R0X1B=R27
                 	.DEF R0X1C=R28
                 	.DEF R0X1D=R29
                 	.DEF R0X1E=R30
                 	.DEF R0X1F=R31
                 
                 	.EQU __SRAM_START=0x0060
                 	.EQU __SRAM_END=0x025F
                 	.EQU __DSTACK_SIZE=0x0080
                 	.EQU __HEAP_SIZE=0x0000
                 	.EQU __CLEAR_SRAM_SIZE=__SRAM_END-__SRAM_START+1
                 
                 	.MACRO __CPD1N
                 	CPI  R30,LOW(@0)
                 	LDI  R26,HIGH(@0)
                 	CPC  R31,R26
                 	LDI  R26,BYTE3(@0)
                 	CPC  R22,R26
                 	LDI  R26,BYTE4(@0)
                 	CPC  R23,R26
                 	.ENDM
                 
                 	.MACRO __CPD2N
                 	CPI  R26,LOW(@0)
                 	LDI  R30,HIGH(@0)
                 	CPC  R27,R30
                 	LDI  R30,BYTE3(@0)
                 	CPC  R24,R30
                 	LDI  R30,BYTE4(@0)
                 	CPC  R25,R30
                 	.ENDM
                 
                 	.MACRO __CPWRR
                 	CP   R@0,R@2
                 	CPC  R@1,R@3
                 	.ENDM
                 
                 	.MACRO __CPWRN
                 	CPI  R@0,LOW(@2)
                 	LDI  R30,HIGH(@2)
                 	CPC  R@1,R30
                 	.ENDM
                 
                 	.MACRO __ADDB1MN
                 	SUBI R30,LOW(-@0-(@1))
                 	.ENDM
                 
                 	.MACRO __ADDB2MN
                 	SUBI R26,LOW(-@0-(@1))
                 	.ENDM
                 
                 	.MACRO __ADDW1MN
                 	SUBI R30,LOW(-@0-(@1))
                 	SBCI R31,HIGH(-@0-(@1))
                 	.ENDM
                 
                 	.MACRO __ADDW2MN
                 	SUBI R26,LOW(-@0-(@1))
                 	SBCI R27,HIGH(-@0-(@1))
                 	.ENDM
                 
                 	.MACRO __ADDW1FN
                 	SUBI R30,LOW(-2*@0-(@1))
                 	SBCI R31,HIGH(-2*@0-(@1))
                 	.ENDM
                 
                 	.MACRO __ADDD1FN
                 	SUBI R30,LOW(-2*@0-(@1))
                 	SBCI R31,HIGH(-2*@0-(@1))
                 	SBCI R22,BYTE3(-2*@0-(@1))
                 	.ENDM
                 
                 	.MACRO __ADDD1N
                 	SUBI R30,LOW(-@0)
                 	SBCI R31,HIGH(-@0)
                 	SBCI R22,BYTE3(-@0)
                 	SBCI R23,BYTE4(-@0)
                 	.ENDM
                 
                 	.MACRO __ADDD2N
                 	SUBI R26,LOW(-@0)
                 	SBCI R27,HIGH(-@0)
                 	SBCI R24,BYTE3(-@0)
                 	SBCI R25,BYTE4(-@0)
                 	.ENDM
                 
                 	.MACRO __SUBD1N
                 	SUBI R30,LOW(@0)
                 	SBCI R31,HIGH(@0)
                 	SBCI R22,BYTE3(@0)
                 	SBCI R23,BYTE4(@0)
                 	.ENDM
                 
                 	.MACRO __SUBD2N
                 	SUBI R26,LOW(@0)
                 	SBCI R27,HIGH(@0)
                 	SBCI R24,BYTE3(@0)
                 	SBCI R25,BYTE4(@0)
                 	.ENDM
                 
                 	.MACRO __ANDBMNN
                 	LDS  R30,@0+(@1)
                 	ANDI R30,LOW(@2)
                 	STS  @0+(@1),R30
                 	.ENDM
                 
                 	.MACRO __ANDWMNN
                 	LDS  R30,@0+(@1)
                 	ANDI R30,LOW(@2)
                 	STS  @0+(@1),R30
                 	LDS  R30,@0+(@1)+1
                 	ANDI R30,HIGH(@2)
                 	STS  @0+(@1)+1,R30
                 	.ENDM
                 
                 	.MACRO __ANDD1N
                 	ANDI R30,LOW(@0)
                 	ANDI R31,HIGH(@0)
                 	ANDI R22,BYTE3(@0)
                 	ANDI R23,BYTE4(@0)
                 	.ENDM
                 
                 	.MACRO __ANDD2N
                 	ANDI R26,LOW(@0)
                 	ANDI R27,HIGH(@0)
                 	ANDI R24,BYTE3(@0)
                 	ANDI R25,BYTE4(@0)
                 	.ENDM
                 
                 	.MACRO __ORBMNN
                 	LDS  R30,@0+(@1)
                 	ORI  R30,LOW(@2)
                 	STS  @0+(@1),R30
                 	.ENDM
                 
                 	.MACRO __ORWMNN
                 	LDS  R30,@0+(@1)
                 	ORI  R30,LOW(@2)
                 	STS  @0+(@1),R30
                 	LDS  R30,@0+(@1)+1
                 	ORI  R30,HIGH(@2)
                 	STS  @0+(@1)+1,R30
                 	.ENDM
                 
                 	.MACRO __ORD1N
                 	ORI  R30,LOW(@0)
                 	ORI  R31,HIGH(@0)
                 	ORI  R22,BYTE3(@0)
                 	ORI  R23,BYTE4(@0)
                 	.ENDM
                 
                 	.MACRO __ORD2N
                 	ORI  R26,LOW(@0)
                 	ORI  R27,HIGH(@0)
                 	ORI  R24,BYTE3(@0)
                 	ORI  R25,BYTE4(@0)
                 	.ENDM
                 
                 	.MACRO __DELAY_USB
                 	LDI  R24,LOW(@0)
                 __DELAY_USB_LOOP:
                 	DEC  R24
                 	BRNE __DELAY_USB_LOOP
                 	.ENDM
                 
                 	.MACRO __DELAY_USW
                 	LDI  R24,LOW(@0)
                 	LDI  R25,HIGH(@0)
                 __DELAY_USW_LOOP:
                 	SBIW R24,1
                 	BRNE __DELAY_USW_LOOP
                 	.ENDM
                 
                 	.MACRO __GETD1S
                 	LDD  R30,Y+@0
                 	LDD  R31,Y+@0+1
                 	LDD  R22,Y+@0+2
                 	LDD  R23,Y+@0+3
                 	.ENDM
                 
                 	.MACRO __GETD2S
                 	LDD  R26,Y+@0
                 	LDD  R27,Y+@0+1
                 	LDD  R24,Y+@0+2
                 	LDD  R25,Y+@0+3
                 	.ENDM
                 
                 	.MACRO __PUTD1S
                 	STD  Y+@0,R30
                 	STD  Y+@0+1,R31
                 	STD  Y+@0+2,R22
                 	STD  Y+@0+3,R23
                 	.ENDM
                 
                 	.MACRO __PUTD2S
                 	STD  Y+@0,R26
                 	STD  Y+@0+1,R27
                 	STD  Y+@0+2,R24
                 	STD  Y+@0+3,R25
                 	.ENDM
                 
                 	.MACRO __PUTDZ2
                 	STD  Z+@0,R26
                 	STD  Z+@0+1,R27
                 	STD  Z+@0+2,R24
                 	STD  Z+@0+3,R25
                 	.ENDM
                 
                 	.MACRO __CLRD1S
                 	STD  Y+@0,R30
                 	STD  Y+@0+1,R30
                 	STD  Y+@0+2,R30
                 	STD  Y+@0+3,R30
                 	.ENDM
                 
                 	.MACRO __POINTB1MN
                 	LDI  R30,LOW(@0+(@1))
                 	.ENDM
                 
                 	.MACRO __POINTW1MN
                 	LDI  R30,LOW(@0+(@1))
                 	LDI  R31,HIGH(@0+(@1))
                 	.ENDM
                 
                 	.MACRO __POINTD1M
                 	LDI  R30,LOW(@0)
                 	LDI  R31,HIGH(@0)
                 	LDI  R22,BYTE3(@0)
                 	LDI  R23,BYTE4(@0)
                 	.ENDM
                 
                 	.MACRO __POINTW1FN
                 	LDI  R30,LOW(2*@0+(@1))
                 	LDI  R31,HIGH(2*@0+(@1))
                 	.ENDM
                 
                 	.MACRO __POINTD1FN
                 	LDI  R30,LOW(2*@0+(@1))
                 	LDI  R31,HIGH(2*@0+(@1))
                 	LDI  R22,BYTE3(2*@0+(@1))
                 	LDI  R23,BYTE4(2*@0+(@1))
                 	.ENDM
                 
                 	.MACRO __POINTB2MN
                 	LDI  R26,LOW(@0+(@1))
                 	.ENDM
                 
                 	.MACRO __POINTW2MN
                 	LDI  R26,LOW(@0+(@1))
                 	LDI  R27,HIGH(@0+(@1))
                 	.ENDM
                 
                 	.MACRO __POINTD2M
                 	LDI  R26,LOW(@0)
                 	LDI  R27,HIGH(@0)
                 	LDI  R24,BYTE3(@0)
                 	LDI  R25,BYTE4(@0)
                 	.ENDM
                 
                 	.MACRO __POINTW2FN
                 	LDI  R26,LOW(2*@0+(@1))
                 	LDI  R27,HIGH(2*@0+(@1))
                 	.ENDM
                 
                 	.MACRO __POINTD2FN
                 	LDI  R26,LOW(2*@0+(@1))
                 	LDI  R27,HIGH(2*@0+(@1))
                 	LDI  R24,BYTE3(2*@0+(@1))
                 	LDI  R25,BYTE4(2*@0+(@1))
                 	.ENDM
                 
                 	.MACRO __POINTBRM
                 	LDI  R@0,LOW(@1)
                 	.ENDM
                 
                 	.MACRO __POINTWRM
                 	LDI  R@0,LOW(@2)
                 	LDI  R@1,HIGH(@2)
                 	.ENDM
                 
                 	.MACRO __POINTBRMN
                 	LDI  R@0,LOW(@1+(@2))
                 	.ENDM
                 
                 	.MACRO __POINTWRMN
                 	LDI  R@0,LOW(@2+(@3))
                 	LDI  R@1,HIGH(@2+(@3))
                 	.ENDM
                 
                 	.MACRO __POINTWRFN
                 	LDI  R@0,LOW(@2*2+(@3))
                 	LDI  R@1,HIGH(@2*2+(@3))
                 	.ENDM
                 
                 	.MACRO __GETD1N
                 	LDI  R30,LOW(@0)
                 	LDI  R31,HIGH(@0)
                 	LDI  R22,BYTE3(@0)
                 	LDI  R23,BYTE4(@0)
                 	.ENDM
                 
                 	.MACRO __GETD2N
                 	LDI  R26,LOW(@0)
                 	LDI  R27,HIGH(@0)
                 	LDI  R24,BYTE3(@0)
                 	LDI  R25,BYTE4(@0)
                 	.ENDM
                 
                 	.MACRO __GETB1MN
                 	LDS  R30,@0+(@1)
                 	.ENDM
                 
                 	.MACRO __GETB1HMN
                 	LDS  R31,@0+(@1)
                 	.ENDM
                 
                 	.MACRO __GETW1MN
                 	LDS  R30,@0+(@1)
                 	LDS  R31,@0+(@1)+1
                 	.ENDM
                 
                 	.MACRO __GETD1MN
                 	LDS  R30,@0+(@1)
                 	LDS  R31,@0+(@1)+1
                 	LDS  R22,@0+(@1)+2
                 	LDS  R23,@0+(@1)+3
                 	.ENDM
                 
                 	.MACRO __GETBRMN
                 	LDS  R@0,@1+(@2)
                 	.ENDM
                 
                 	.MACRO __GETWRMN
                 	LDS  R@0,@2+(@3)
                 	LDS  R@1,@2+(@3)+1
                 	.ENDM
                 
                 	.MACRO __GETWRZ
                 	LDD  R@0,Z+@2
                 	LDD  R@1,Z+@2+1
                 	.ENDM
                 
                 	.MACRO __GETD2Z
                 	LDD  R26,Z+@0
                 	LDD  R27,Z+@0+1
                 	LDD  R24,Z+@0+2
                 	LDD  R25,Z+@0+3
                 	.ENDM
                 
                 	.MACRO __GETB2MN
                 	LDS  R26,@0+(@1)
                 	.ENDM
                 
                 	.MACRO __GETW2MN
                 	LDS  R26,@0+(@1)
                 	LDS  R27,@0+(@1)+1
                 	.ENDM
                 
                 	.MACRO __GETD2MN
                 	LDS  R26,@0+(@1)
                 	LDS  R27,@0+(@1)+1
                 	LDS  R24,@0+(@1)+2
                 	LDS  R25,@0+(@1)+3
                 	.ENDM
                 
                 	.MACRO __PUTB1MN
                 	STS  @0+(@1),R30
                 	.ENDM
                 
                 	.MACRO __PUTW1MN
                 	STS  @0+(@1),R30
                 	STS  @0+(@1)+1,R31
                 	.ENDM
                 
                 	.MACRO __PUTD1MN
                 	STS  @0+(@1),R30
                 	STS  @0+(@1)+1,R31
                 	STS  @0+(@1)+2,R22
                 	STS  @0+(@1)+3,R23
                 	.ENDM
                 
                 	.MACRO __PUTB1EN
                 	LDI  R26,LOW(@0+(@1))
                 	LDI  R27,HIGH(@0+(@1))
                 	RCALL __EEPROMWRB
                 	.ENDM
                 
                 	.MACRO __PUTW1EN
                 	LDI  R26,LOW(@0+(@1))
                 	LDI  R27,HIGH(@0+(@1))
                 	RCALL __EEPROMWRW
                 	.ENDM
                 
                 	.MACRO __PUTD1EN
                 	LDI  R26,LOW(@0+(@1))
                 	LDI  R27,HIGH(@0+(@1))
                 	RCALL __EEPROMWRD
                 	.ENDM
                 
                 	.MACRO __PUTBR0MN
                 	STS  @0+(@1),R0
                 	.ENDM
                 
                 	.MACRO __PUTBMRN
                 	STS  @0+(@1),R@2
                 	.ENDM
                 
                 	.MACRO __PUTWMRN
                 	STS  @0+(@1),R@2
                 	STS  @0+(@1)+1,R@3
                 	.ENDM
                 
                 	.MACRO __PUTBZR
                 	STD  Z+@1,R@0
                 	.ENDM
                 
                 	.MACRO __PUTWZR
                 	STD  Z+@2,R@0
                 	STD  Z+@2+1,R@1
                 	.ENDM
                 
                 	.MACRO __GETW1R
                 	MOV  R30,R@0
                 	MOV  R31,R@1
                 	.ENDM
                 
                 	.MACRO __GETW2R
                 	MOV  R26,R@0
                 	MOV  R27,R@1
                 	.ENDM
                 
                 	.MACRO __GETWRN
                 	LDI  R@0,LOW(@2)
                 	LDI  R@1,HIGH(@2)
                 	.ENDM
                 
                 	.MACRO __PUTW1R
                 	MOV  R@0,R30
                 	MOV  R@1,R31
                 	.ENDM
                 
                 	.MACRO __PUTW2R
                 	MOV  R@0,R26
                 	MOV  R@1,R27
                 	.ENDM
                 
                 	.MACRO __ADDWRN
                 	SUBI R@0,LOW(-@2)
                 	SBCI R@1,HIGH(-@2)
                 	.ENDM
                 
                 	.MACRO __ADDWRR
                 	ADD  R@0,R@2
                 	ADC  R@1,R@3
                 	.ENDM
                 
                 	.MACRO __SUBWRN
                 	SUBI R@0,LOW(@2)
                 	SBCI R@1,HIGH(@2)
                 	.ENDM
                 
                 	.MACRO __SUBWRR
                 	SUB  R@0,R@2
                 	SBC  R@1,R@3
                 	.ENDM
                 
                 	.MACRO __ANDWRN
                 	ANDI R@0,LOW(@2)
                 	ANDI R@1,HIGH(@2)
                 	.ENDM
                 
                 	.MACRO __ANDWRR
                 	AND  R@0,R@2
                 	AND  R@1,R@3
                 	.ENDM
                 
                 	.MACRO __ORWRN
                 	ORI  R@0,LOW(@2)
                 	ORI  R@1,HIGH(@2)
                 	.ENDM
                 
                 	.MACRO __ORWRR
                 	OR   R@0,R@2
                 	OR   R@1,R@3
                 	.ENDM
                 
                 	.MACRO __EORWRR
                 	EOR  R@0,R@2
                 	EOR  R@1,R@3
                 	.ENDM
                 
                 	.MACRO __GETWRS
                 	LDD  R@0,Y+@2
                 	LDD  R@1,Y+@2+1
                 	.ENDM
                 
                 	.MACRO __PUTBSR
                 	STD  Y+@1,R@0
                 	.ENDM
                 
                 	.MACRO __PUTWSR
                 	STD  Y+@2,R@0
                 	STD  Y+@2+1,R@1
                 	.ENDM
                 
                 	.MACRO __MOVEWRR
                 	MOV  R@0,R@2
                 	MOV  R@1,R@3
                 	.ENDM
                 
                 	.MACRO __INWR
                 	IN   R@0,@2
                 	IN   R@1,@2+1
                 	.ENDM
                 
                 	.MACRO __OUTWR
                 	OUT  @2+1,R@1
                 	OUT  @2,R@0
                 	.ENDM
                 
                 	.MACRO __CALL1MN
                 	LDS  R30,@0+(@1)
                 	LDS  R31,@0+(@1)+1
                 	ICALL
                 	.ENDM
                 
                 	.MACRO __CALL1FN
                 	LDI  R30,LOW(2*@0+(@1))
                 	LDI  R31,HIGH(2*@0+(@1))
                 	RCALL __GETW1PF
                 	ICALL
                 	.ENDM
                 
                 	.MACRO __CALL2EN
                 	PUSH R26
                 	PUSH R27
                 	LDI  R26,LOW(@0+(@1))
                 	LDI  R27,HIGH(@0+(@1))
                 	RCALL __EEPROMRDW
                 	POP  R27
                 	POP  R26
                 	ICALL
                 	.ENDM
                 
                 	.MACRO __CALL2EX
                 	SUBI R26,LOW(-@0)
                 	SBCI R27,HIGH(-@0)
                 	RCALL __EEPROMRDD
                 	ICALL
                 	.ENDM
                 
                 	.MACRO __GETW1STACK
                 	IN   R30,SPL
                 	IN   R31,SPH
                 	ADIW R30,@0+1
                 	LD   R0,Z+
                 	LD   R31,Z
                 	MOV  R30,R0
                 	.ENDM
                 
                 	.MACRO __GETD1STACK
                 	IN   R30,SPL
                 	IN   R31,SPH
                 	ADIW R30,@0+1
                 	LD   R0,Z+
                 	LD   R1,Z+
                 	LD   R22,Z
                 	MOVW R30,R0
                 	.ENDM
                 
                 	.MACRO __NBST
                 	BST  R@0,@1
                 	IN   R30,SREG
                 	LDI  R31,0x40
                 	EOR  R30,R31
                 	OUT  SREG,R30
                 	.ENDM
                 
                 
                 	.MACRO __PUTB1SN
                 	LDD  R26,Y+@0
                 	LDD  R27,Y+@0+1
                 	SUBI R26,LOW(-@1)
                 	SBCI R27,HIGH(-@1)
                 	ST   X,R30
                 	.ENDM
                 
                 	.MACRO __PUTW1SN
                 	LDD  R26,Y+@0
                 	LDD  R27,Y+@0+1
                 	SUBI R26,LOW(-@1)
                 	SBCI R27,HIGH(-@1)
                 	ST   X+,R30
                 	ST   X,R31
                 	.ENDM
                 
                 	.MACRO __PUTD1SN
                 	LDD  R26,Y+@0
                 	LDD  R27,Y+@0+1
                 	SUBI R26,LOW(-@1)
                 	SBCI R27,HIGH(-@1)
                 	RCALL __PUTDP1
                 	.ENDM
                 
                 	.MACRO __PUTB1SNS
                 	LDD  R26,Y+@0
                 	LDD  R27,Y+@0+1
                 	ADIW R26,@1
                 	ST   X,R30
                 	.ENDM
                 
                 	.MACRO __PUTW1SNS
                 	LDD  R26,Y+@0
                 	LDD  R27,Y+@0+1
                 	ADIW R26,@1
                 	ST   X+,R30
                 	ST   X,R31
                 	.ENDM
                 
                 	.MACRO __PUTD1SNS
                 	LDD  R26,Y+@0
                 	LDD  R27,Y+@0+1
                 	ADIW R26,@1
                 	RCALL __PUTDP1
                 	.ENDM
                 
                 	.MACRO __PUTB1PMN
                 	LDS  R26,@0
                 	LDS  R27,@0+1
                 	SUBI R26,LOW(-@1)
                 	SBCI R27,HIGH(-@1)
                 	ST   X,R30
                 	.ENDM
                 
                 	.MACRO __PUTW1PMN
                 	LDS  R26,@0
                 	LDS  R27,@0+1
                 	SUBI R26,LOW(-@1)
                 	SBCI R27,HIGH(-@1)
                 	ST   X+,R30
                 	ST   X,R31
                 	.ENDM
                 
                 	.MACRO __PUTD1PMN
                 	LDS  R26,@0
                 	LDS  R27,@0+1
                 	SUBI R26,LOW(-@1)
                 	SBCI R27,HIGH(-@1)
                 	RCALL __PUTDP1
                 	.ENDM
                 
                 	.MACRO __PUTB1PMNS
                 	LDS  R26,@0
                 	LDS  R27,@0+1
                 	ADIW R26,@1
                 	ST   X,R30
                 	.ENDM
                 
                 	.MACRO __PUTW1PMNS
                 	LDS  R26,@0
                 	LDS  R27,@0+1
                 	ADIW R26,@1
                 	ST   X+,R30
                 	ST   X,R31
                 	.ENDM
                 
                 	.MACRO __PUTD1PMNS
                 	LDS  R26,@0
                 	LDS  R27,@0+1
                 	ADIW R26,@1
                 	RCALL __PUTDP1
                 	.ENDM
                 
                 	.MACRO __PUTB1RN
                 	MOVW R26,R@0
                 	SUBI R26,LOW(-@1)
                 	SBCI R27,HIGH(-@1)
                 	ST   X,R30
                 	.ENDM
                 
                 	.MACRO __PUTW1RN
                 	MOVW R26,R@0
                 	SUBI R26,LOW(-@1)
                 	SBCI R27,HIGH(-@1)
                 	ST   X+,R30
                 	ST   X,R31
                 	.ENDM
                 
                 	.MACRO __PUTD1RN
                 	MOVW R26,R@0
                 	SUBI R26,LOW(-@1)
                 	SBCI R27,HIGH(-@1)
                 	RCALL __PUTDP1
                 	.ENDM
                 
                 	.MACRO __PUTB1RNS
                 	MOVW R26,R@0
                 	ADIW R26,@1
                 	ST   X,R30
                 	.ENDM
                 
                 	.MACRO __PUTW1RNS
                 	MOVW R26,R@0
                 	ADIW R26,@1
                 	ST   X+,R30
                 	ST   X,R31
                 	.ENDM
                 
                 	.MACRO __PUTD1RNS
                 	MOVW R26,R@0
                 	ADIW R26,@1
                 	RCALL __PUTDP1
                 	.ENDM
                 
                 	.MACRO __PUTB1RON
                 	MOV  R26,R@0
                 	MOV  R27,R@1
                 	SUBI R26,LOW(-@2)
                 	SBCI R27,HIGH(-@2)
                 	ST   X,R30
                 	.ENDM
                 
                 	.MACRO __PUTW1RON
                 	MOV  R26,R@0
                 	MOV  R27,R@1
                 	SUBI R26,LOW(-@2)
                 	SBCI R27,HIGH(-@2)
                 	ST   X+,R30
                 	ST   X,R31
                 	.ENDM
                 
                 	.MACRO __PUTD1RON
                 	MOV  R26,R@0
                 	MOV  R27,R@1
                 	SUBI R26,LOW(-@2)
                 	SBCI R27,HIGH(-@2)
                 	RCALL __PUTDP1
                 	.ENDM
                 
                 	.MACRO __PUTB1RONS
                 	MOV  R26,R@0
                 	MOV  R27,R@1
                 	ADIW R26,@2
                 	ST   X,R30
                 	.ENDM
                 
                 	.MACRO __PUTW1RONS
                 	MOV  R26,R@0
                 	MOV  R27,R@1
                 	ADIW R26,@2
                 	ST   X+,R30
                 	ST   X,R31
                 	.ENDM
                 
                 	.MACRO __PUTD1RONS
                 	MOV  R26,R@0
                 	MOV  R27,R@1
                 	ADIW R26,@2
                 	RCALL __PUTDP1
                 	.ENDM
                 
                 
                 	.MACRO __GETB1SX
                 	MOVW R30,R28
                 	SUBI R30,LOW(-@0)
                 	SBCI R31,HIGH(-@0)
                 	LD   R30,Z
                 	.ENDM
                 
                 	.MACRO __GETB1HSX
                 	MOVW R30,R28
                 	SUBI R30,LOW(-@0)
                 	SBCI R31,HIGH(-@0)
                 	LD   R31,Z
                 	.ENDM
                 
                 	.MACRO __GETW1SX
                 	MOVW R30,R28
                 	SUBI R30,LOW(-@0)
                 	SBCI R31,HIGH(-@0)
                 	LD   R0,Z+
                 	LD   R31,Z
                 	MOV  R30,R0
                 	.ENDM
                 
                 	.MACRO __GETD1SX
                 	MOVW R30,R28
                 	SUBI R30,LOW(-@0)
                 	SBCI R31,HIGH(-@0)
                 	LD   R0,Z+
                 	LD   R1,Z+
                 	LD   R22,Z+
                 	LD   R23,Z
                 	MOVW R30,R0
                 	.ENDM
                 
                 	.MACRO __GETB2SX
                 	MOVW R26,R28
                 	SUBI R26,LOW(-@0)
                 	SBCI R27,HIGH(-@0)
                 	LD   R26,X
                 	.ENDM
                 
                 	.MACRO __GETW2SX
                 	MOVW R26,R28
                 	SUBI R26,LOW(-@0)
                 	SBCI R27,HIGH(-@0)
                 	LD   R0,X+
                 	LD   R27,X
                 	MOV  R26,R0
                 	.ENDM
                 
                 	.MACRO __GETD2SX
                 	MOVW R26,R28
                 	SUBI R26,LOW(-@0)
                 	SBCI R27,HIGH(-@0)
                 	LD   R0,X+
                 	LD   R1,X+
                 	LD   R24,X+
                 	LD   R25,X
                 	MOVW R26,R0
                 	.ENDM
                 
                 	.MACRO __GETBRSX
                 	MOVW R30,R28
                 	SUBI R30,LOW(-@1)
                 	SBCI R31,HIGH(-@1)
                 	LD   R@0,Z
                 	.ENDM
                 
                 	.MACRO __GETWRSX
                 	MOVW R30,R28
                 	SUBI R30,LOW(-@2)
                 	SBCI R31,HIGH(-@2)
                 	LD   R@0,Z+
                 	LD   R@1,Z
                 	.ENDM
                 
                 	.MACRO __GETBRSX2
                 	MOVW R26,R28
                 	SUBI R26,LOW(-@1)
                 	SBCI R27,HIGH(-@1)
                 	LD   R@0,X
                 	.ENDM
                 
                 	.MACRO __GETWRSX2
                 	MOVW R26,R28
                 	SUBI R26,LOW(-@2)
                 	SBCI R27,HIGH(-@2)
                 	LD   R@0,X+
                 	LD   R@1,X
                 	.ENDM
                 
                 	.MACRO __LSLW8SX
                 	MOVW R30,R28
                 	SUBI R30,LOW(-@0)
                 	SBCI R31,HIGH(-@0)
                 	LD   R31,Z
                 	CLR  R30
                 	.ENDM
                 
                 	.MACRO __PUTB1SX
                 	MOVW R26,R28
                 	SUBI R26,LOW(-@0)
                 	SBCI R27,HIGH(-@0)
                 	ST   X,R30
                 	.ENDM
                 
                 	.MACRO __PUTW1SX
                 	MOVW R26,R28
                 	SUBI R26,LOW(-@0)
                 	SBCI R27,HIGH(-@0)
                 	ST   X+,R30
                 	ST   X,R31
                 	.ENDM
                 
                 	.MACRO __PUTD1SX
                 	MOVW R26,R28
                 	SUBI R26,LOW(-@0)
                 	SBCI R27,HIGH(-@0)
                 	ST   X+,R30
                 	ST   X+,R31
                 	ST   X+,R22
                 	ST   X,R23
                 	.ENDM
                 
                 	.MACRO __CLRW1SX
                 	MOVW R26,R28
                 	SUBI R26,LOW(-@0)
                 	SBCI R27,HIGH(-@0)
                 	ST   X+,R30
                 	ST   X,R30
                 	.ENDM
                 
                 	.MACRO __CLRD1SX
                 	MOVW R26,R28
                 	SUBI R26,LOW(-@0)
                 	SBCI R27,HIGH(-@0)
                 	ST   X+,R30
                 	ST   X+,R30
                 	ST   X+,R30
                 	ST   X,R30
                 	.ENDM
                 
                 	.MACRO __PUTB2SX
                 	MOVW R30,R28
                 	SUBI R30,LOW(-@0)
                 	SBCI R31,HIGH(-@0)
                 	ST   Z,R26
                 	.ENDM
                 
                 	.MACRO __PUTW2SX
                 	MOVW R30,R28
                 	SUBI R30,LOW(-@0)
                 	SBCI R31,HIGH(-@0)
                 	ST   Z+,R26
                 	ST   Z,R27
                 	.ENDM
                 
                 	.MACRO __PUTD2SX
                 	MOVW R30,R28
                 	SUBI R30,LOW(-@0)
                 	SBCI R31,HIGH(-@0)
                 	ST   Z+,R26
                 	ST   Z+,R27
                 	ST   Z+,R24
                 	ST   Z,R25
                 	.ENDM
                 
                 	.MACRO __PUTBSRX
                 	MOVW R30,R28
                 	SUBI R30,LOW(-@1)
                 	SBCI R31,HIGH(-@1)
                 	ST   Z,R@0
                 	.ENDM
                 
                 	.MACRO __PUTWSRX
                 	MOVW R30,R28
                 	SUBI R30,LOW(-@2)
                 	SBCI R31,HIGH(-@2)
                 	ST   Z+,R@0
                 	ST   Z,R@1
                 	.ENDM
                 
                 	.MACRO __PUTB1SNX
                 	MOVW R26,R28
                 	SUBI R26,LOW(-@0)
                 	SBCI R27,HIGH(-@0)
                 	LD   R0,X+
                 	LD   R27,X
                 	MOV  R26,R0
                 	SUBI R26,LOW(-@1)
                 	SBCI R27,HIGH(-@1)
                 	ST   X,R30
                 	.ENDM
                 
                 	.MACRO __PUTW1SNX
                 	MOVW R26,R28
                 	SUBI R26,LOW(-@0)
                 	SBCI R27,HIGH(-@0)
                 	LD   R0,X+
                 	LD   R27,X
                 	MOV  R26,R0
                 	SUBI R26,LOW(-@1)
                 	SBCI R27,HIGH(-@1)
                 	ST   X+,R30
                 	ST   X,R31
                 	.ENDM
                 
                 	.MACRO __PUTD1SNX
                 	MOVW R26,R28
                 	SUBI R26,LOW(-@0)
                 	SBCI R27,HIGH(-@0)
                 	LD   R0,X+
                 	LD   R27,X
                 	MOV  R26,R0
                 	SUBI R26,LOW(-@1)
                 	SBCI R27,HIGH(-@1)
                 	ST   X+,R30
                 	ST   X+,R31
                 	ST   X+,R22
                 	ST   X,R23
                 	.ENDM
                 
                 	.MACRO __MULBRR
                 	MULS R@0,R@1
                 	MOVW R30,R0
                 	.ENDM
                 
                 	.MACRO __MULBRRU
                 	MUL  R@0,R@1
                 	MOVW R30,R0
                 	.ENDM
                 
                 	.MACRO __MULBRR0
                 	MULS R@0,R@1
                 	.ENDM
                 
                 	.MACRO __MULBRRU0
                 	MUL  R@0,R@1
                 	.ENDM
                 
                 	.MACRO __MULBNWRU
                 	LDI  R26,@2
                 	MUL  R26,R@0
                 	MOVW R30,R0
                 	MUL  R26,R@1
                 	ADD  R31,R0
                 	.ENDM
                 
                 ;NAME DEFINITIONS FOR GLOBAL VARIABLES ALLOCATED TO REGISTERS
                 	.DEF _puntaje_p1=R4
                 	.DEF _puntaje_p1_msb=R5
                 	.DEF _puntaje_p2=R6
                 	.DEF _puntaje_p2_msb=R7
                 	.DEF _fila=R8
                 	.DEF _fila_msb=R9
                 	.DEF _col=R10
                 	.DEF _col_msb=R11
                 	.DEF _bf=R12
                 	.DEF _bf_msb=R13
                 
                 	.CSEG
                 	.ORG 0x00
                 
                 ;START OF CODE MARKER
                 __START_OF_CODE:
                 
                 ;INTERRUPT VECTORS
000000 c042      	RJMP __RESET
000001 cffe      	RJMP 0x00
000002 cffd      	RJMP 0x00
000003 cffc      	RJMP 0x00
000004 cffb      	RJMP 0x00
000005 cffa      	RJMP 0x00
000006 cff9      	RJMP 0x00
000007 cff8      	RJMP 0x00
000008 cff7      	RJMP 0x00
000009 cff6      	RJMP 0x00
00000a cff5      	RJMP 0x00
00000b cff4      	RJMP 0x00
00000c cff3      	RJMP 0x00
00000d cff2      	RJMP 0x00
00000e cff1      	RJMP 0x00
00000f cff0      	RJMP 0x00
000010 cfef      	RJMP 0x00
000011 cfee      	RJMP 0x00
000012 cfed      	RJMP 0x00
000013 cfec      	RJMP 0x00
000014 cfeb      	RJMP 0x00
                 
                 ;GLOBAL REGISTER VARIABLES INITIALIZATION
                 __REG_VARS:
000015 0000
000016 0000      	.DB  0x0,0x0,0x0,0x0
000017 0002
000018 0002      	.DB  0x2,0x0,0x2,0x0
000019 0000      	.DB  0x0,0x0
                 
                 _0x3:
00001a ffc0
00001b fff9
00001c ffa4
00001d ffb0      	.DB  0xC0,0xFF,0xF9,0xFF,0xA4,0xFF,0xB0,0xFF
00001e ff99
00001f ff92
000020 ff83
000021 fff8      	.DB  0x99,0xFF,0x92,0xFF,0x83,0xFF,0xF8,0xFF
000022 ff80
000023 ff90      	.DB  0x80,0xFF,0x90,0xFF
                 _0x4:
D:\Escritorio\MCS\practices\proyecto3\code\Debug\List\pro2.asm(1144): warning: .cseg .db misalignment - padding zero byte
000024 0001      	.DB  0x1
                 _0x5:
D:\Escritorio\MCS\practices\proyecto3\code\Debug\List\pro2.asm(1146): warning: .cseg .db misalignment - padding zero byte
000025 0002      	.DB  0x2
                 _0x6:
D:\Escritorio\MCS\practices\proyecto3\code\Debug\List\pro2.asm(1148): warning: .cseg .db misalignment - padding zero byte
000026 0010      	.DB  0x10
                 _0x7:
D:\Escritorio\MCS\practices\proyecto3\code\Debug\List\pro2.asm(1150): warning: .cseg .db misalignment - padding zero byte
000027 0008      	.DB  0x8
                 _0x8:
D:\Escritorio\MCS\practices\proyecto3\code\Debug\List\pro2.asm(1152): warning: .cseg .db misalignment - padding zero byte
000028 0001      	.DB  0x1
                 _0x9:
D:\Escritorio\MCS\practices\proyecto3\code\Debug\List\pro2.asm(1154): warning: .cseg .db misalignment - padding zero byte
000029 0040      	.DB  0x40
                 
                 __GLOBAL_INI_TBL:
00002a 000a      	.DW  0x0A
00002b 0004      	.DW  0x04
00002c 002a      	.DW  __REG_VARS*2
                 
00002d 0014      	.DW  0x14
00002e 00e0      	.DW  _tabla7seg
00002f 0034      	.DW  _0x3*2
                 
000030 0001      	.DW  0x01
000031 00f6      	.DW  _j1c1
000032 0048      	.DW  _0x4*2
                 
000033 0001      	.DW  0x01
000034 00f8      	.DW  _j1c2
000035 004a      	.DW  _0x5*2
                 
000036 0001      	.DW  0x01
000037 00fa      	.DW  _j2c1
000038 004c      	.DW  _0x6*2
                 
000039 0001      	.DW  0x01
00003a 00fc      	.DW  _j2c2
00003b 004e      	.DW  _0x7*2
                 
00003c 0001      	.DW  0x01
00003d 00fe      	.DW  _filj1
00003e 0050      	.DW  _0x8*2
                 
00003f 0001      	.DW  0x01
000040 0100      	.DW  _filj2
000041 0052      	.DW  _0x9*2
                 
                 _0xFFFFFFFF:
000042 0000      	.DW  0
                 
                 #define __GLOBAL_INI_TBL_PRESENT 1
                 
                 __RESET:
000043 94f8      	CLI
000044 27ee      	CLR  R30
000045 bbec      	OUT  EECR,R30
                 
                 ;INTERRUPT VECTORS ARE PLACED
                 ;AT THE START OF FLASH
000046 e0f1      	LDI  R31,1
000047 bffb      	OUT  GICR,R31
000048 bfeb      	OUT  GICR,R30
000049 bfe5      	OUT  MCUCR,R30
                 
                 ;CLEAR R2-R14
00004a e08d      	LDI  R24,(14-2)+1
00004b e0a2      	LDI  R26,2
00004c 27bb      	CLR  R27
                 __CLEAR_REG:
00004d 93ed      	ST   X+,R30
00004e 958a      	DEC  R24
00004f f7e9      	BRNE __CLEAR_REG
                 
                 ;CLEAR SRAM
000050 e080      	LDI  R24,LOW(__CLEAR_SRAM_SIZE)
000051 e092      	LDI  R25,HIGH(__CLEAR_SRAM_SIZE)
000052 e6a0      	LDI  R26,__SRAM_START
                 __CLEAR_SRAM:
000053 93ed      	ST   X+,R30
000054 9701      	SBIW R24,1
000055 f7e9      	BRNE __CLEAR_SRAM
                 
                 ;GLOBAL VARIABLES INITIALIZATION
000056 e5e4      	LDI  R30,LOW(__GLOBAL_INI_TBL*2)
000057 e0f0      	LDI  R31,HIGH(__GLOBAL_INI_TBL*2)
                 __GLOBAL_INI_NEXT:
000058 9185      	LPM  R24,Z+
000059 9195      	LPM  R25,Z+
00005a 9700      	SBIW R24,0
00005b f061      	BREQ __GLOBAL_INI_END
00005c 91a5      	LPM  R26,Z+
00005d 91b5      	LPM  R27,Z+
00005e 9005      	LPM  R0,Z+
00005f 9015      	LPM  R1,Z+
000060 01bf      	MOVW R22,R30
000061 01f0      	MOVW R30,R0
                 __GLOBAL_INI_LOOP:
000062 9005      	LPM  R0,Z+
000063 920d      	ST   X+,R0
000064 9701      	SBIW R24,1
000065 f7e1      	BRNE __GLOBAL_INI_LOOP
000066 01fb      	MOVW R30,R22
000067 cff0      	RJMP __GLOBAL_INI_NEXT
                 __GLOBAL_INI_END:
                 
                 ;HARDWARE STACK POINTER INITIALIZATION
000068 e5ef      	LDI  R30,LOW(__SRAM_END-__HEAP_SIZE)
000069 bfed      	OUT  SPL,R30
00006a e0e2      	LDI  R30,HIGH(__SRAM_END-__HEAP_SIZE)
00006b bfee      	OUT  SPH,R30
                 
                 ;DATA STACK POINTER INITIALIZATION
00006c eec0      	LDI  R28,LOW(__SRAM_START+__DSTACK_SIZE)
00006d e0d0      	LDI  R29,HIGH(__SRAM_START+__DSTACK_SIZE)
                 
00006e c000      	RJMP _main
                 
                 	.ESEG
                 	.ORG 0x00
                 
                 	.DSEG
                 	.ORG 0xE0
                 
                 	.CSEG
                 ;/*******************************************************
                 ;This program was created by the
                 ;CodeWizardAVR V3.20 Evaluation
                 ;Automatic Program Generator
                 ;© Copyright 1998-2015 Pavel Haiduc, HP InfoTech s.r.l.
                 ;http://www.hpinfotech.com
                 ;
                 ;Project :
                 ;Version :
                 ;Date    : 5/29/2016
                 ;Author  :
                 ;Company :
                 ;Comments:
                 ;
                 ;
                 ;Chip type               : ATmega8535
                 ;Program type            : Application
                 ;AVR Core Clock frequency: 1.000000 MHz
                 ;Memory model            : Small
                 ;External RAM size       : 0
                 ;Data Stack size         : 128
                 ;*******************************************************/
                 ;
                 ;#include <io.h>
                 	#ifndef __SLEEP_DEFINED__
                 	#define __SLEEP_DEFINED__
                 	.EQU __se_bit=0x40
                 	.EQU __sm_mask=0xB0
                 	.EQU __sm_powerdown=0x20
                 	.EQU __sm_powersave=0x30
                 	.EQU __sm_standby=0xA0
                 	.EQU __sm_ext_standby=0xB0
                 	.EQU __sm_adc_noise_red=0x10
                 	.SET power_ctrl_reg=mcucr
                 	#endif
                 ;#include <delay.h>
                 ;
                 ;#define PSWITCH PINB.4
                 ;
                 ;int tabla7seg [10]={~0x3f,~0x06,~0x5b,~0x4f,~0x66,~0x6d,~0x7c,~0x07,~0x7f,~0x6f};
                 
                 	.DSEG
                 ;
                 ;void validar_derecha_jugador1(void);
                 ;void validar_izquierda_jugador1(void);
                 ;void validar_derecha_jugador2(void);
                 ;void validar_izquierda_jugador2(void);
                 ;void cambiar_columna(void);
                 ;void valida(void);
                 ;void fila_cambio(void);
                 ;void mostrar_puntaje(void);
                 ;
                 ;int puntaje_p1 =0;
                 ;int puntaje_p2=0;
                 ;int fila = 2;
                 ;int col = 2;
                 ;int bf = 0;
                 ;int bc = 0;
                 ;int j1c1 = 1;
                 ;int j1c2 = 2;
                 ;int j2c1 = 16;
                 ;int j2c2 = 8;
                 ;int filj1 = 1;
                 ;int filj2 = 64;
                 ;int contador = 0;
                 ;int bdaj1;
                 ;int bdpj1;
                 ;int biaj1;
                 ;int bipj1;
                 ;int bdaj2;
                 ;int bdpj2;
                 ;int biaj2;
                 ;int bipj2;
                 ;
                 ;
                 ;
                 ;void main(void)
                 ; 0000 0041 {
                 
                 	.CSEG
                 _main:
                 ; .FSTART _main
                 ; 0000 0042     DDRA=(1<<DDA7) | (1<<DDA6) | (1<<DDA5) | (1<<DDA4) | (1<<DDA3) | (1<<DDA2) | (1<<DDA1) | (1<<DDA0);
00006f efef      	LDI  R30,LOW(255)
000070 bbea      	OUT  0x1A,R30
                 ; 0000 0043     PORTA=(0<<PORTA7) | (0<<PORTA6) | (0<<PORTA5) | (0<<PORTA4) | (0<<PORTA3) | (0<<PORTA2) | (0<<PORTA1) | (0<<PORTA0);
000071 e0e0      	LDI  R30,LOW(0)
000072 bbeb      	OUT  0x1B,R30
                 ; 0000 0044     DDRB=(0<<DDB7) | (0<<DDB6) | (0<<DDB5) | (0<<DDB4) | (0<<DDB3) | (0<<DDB2) | (0<<DDB1) | (0<<DDB0);
000073 bbe7      	OUT  0x17,R30
                 ; 0000 0045     PORTB=(1<<PORTB7) | (1<<PORTB6) | (1<<PORTB5) | (1<<PORTB4) | (1<<PORTB3) | (1<<PORTB2) | (1<<PORTB1) | (1<<PORTB0);
000074 efef      	LDI  R30,LOW(255)
000075 bbe8      	OUT  0x18,R30
                 ; 0000 0046     DDRC=(1<<DDC7) | (1<<DDC6) | (1<<DDC5) | (1<<DDC4) | (1<<DDC3) | (1<<DDC2) | (1<<DDC1) | (1<<DDC0);
000076 bbe4      	OUT  0x14,R30
                 ; 0000 0047     PORTC=(0<<PORTC7) | (0<<PORTC6) | (0<<PORTC5) | (0<<PORTC4) | (0<<PORTC3) | (0<<PORTC2) | (0<<PORTC1) | (0<<PORTC0);
000077 e0e0      	LDI  R30,LOW(0)
000078 bbe5      	OUT  0x15,R30
                 ; 0000 0048     DDRD=(1<<DDD7) | (1<<DDD6) | (1<<DDD5) | (1<<DDD4) | (1<<DDD3) | (1<<DDD2) | (1<<DDD1) | (1<<DDD0);
000079 efef      	LDI  R30,LOW(255)
00007a bbe1      	OUT  0x11,R30
                 ; 0000 0049     PORTD=(0<<PORTD7) | (0<<PORTD6) | (0<<PORTD5) | (0<<PORTD4) | (0<<PORTD3) | (0<<PORTD2) | (0<<PORTD1) | (0<<PORTD0);
00007b e0e0      	LDI  R30,LOW(0)
00007c bbe2      	OUT  0x12,R30
                 ; 0000 004A     TCCR0=(0<<WGM00) | (0<<COM01) | (0<<COM00) | (0<<WGM01) | (0<<CS02) | (0<<CS01) | (0<<CS00);
00007d bfe3      	OUT  0x33,R30
                 ; 0000 004B     TCNT0=0x00;
00007e bfe2      	OUT  0x32,R30
                 ; 0000 004C     OCR0=0x00;
00007f bfec      	OUT  0x3C,R30
                 ; 0000 004D     TCCR1A=(0<<COM1A1) | (0<<COM1A0) | (0<<COM1B1) | (0<<COM1B0) | (0<<WGM11) | (0<<WGM10);
000080 bdef      	OUT  0x2F,R30
                 ; 0000 004E     TCCR1B=(0<<ICNC1) | (0<<ICES1) | (0<<WGM13) | (0<<WGM12) | (0<<CS12) | (0<<CS11) | (0<<CS10);
000081 bdee      	OUT  0x2E,R30
                 ; 0000 004F     TCNT1H=0x00;
000082 bded      	OUT  0x2D,R30
                 ; 0000 0050     TCNT1L=0x00;
000083 bdec      	OUT  0x2C,R30
                 ; 0000 0051     ICR1H=0x00;
000084 bde7      	OUT  0x27,R30
                 ; 0000 0052     ICR1L=0x00;
000085 bde6      	OUT  0x26,R30
                 ; 0000 0053     OCR1AH=0x00;
000086 bdeb      	OUT  0x2B,R30
                 ; 0000 0054     OCR1AL=0x00;
000087 bdea      	OUT  0x2A,R30
                 ; 0000 0055     OCR1BH=0x00;
000088 bde9      	OUT  0x29,R30
                 ; 0000 0056     OCR1BL=0x00;
000089 bde8      	OUT  0x28,R30
                 ; 0000 0057     ASSR=0<<AS2;
00008a bde2      	OUT  0x22,R30
                 ; 0000 0058     TCCR2=(0<<WGM20) | (0<<COM21) | (0<<COM20) | (0<<WGM21) | (0<<CS22) | (0<<CS21) | (0<<CS20);
00008b bde5      	OUT  0x25,R30
                 ; 0000 0059     TCNT2=0x00;
00008c bde4      	OUT  0x24,R30
                 ; 0000 005A     OCR2=0x00;
00008d bde3      	OUT  0x23,R30
                 ; 0000 005B     TIMSK=(0<<OCIE2) | (0<<TOIE2) | (0<<TICIE1) | (0<<OCIE1A) | (0<<OCIE1B) | (0<<TOIE1) | (0<<OCIE0) | (0<<TOIE0);
00008e bfe9      	OUT  0x39,R30
                 ; 0000 005C     MCUCR=(0<<ISC11) | (0<<ISC10) | (0<<ISC01) | (0<<ISC00);
00008f bfe5      	OUT  0x35,R30
                 ; 0000 005D     MCUCSR=(0<<ISC2);
000090 bfe4      	OUT  0x34,R30
                 ; 0000 005E     UCSRB=(0<<RXCIE) | (0<<TXCIE) | (0<<UDRIE) | (0<<RXEN) | (0<<TXEN) | (0<<UCSZ2) | (0<<RXB8) | (0<<TXB8);
000091 b9ea      	OUT  0xA,R30
                 ; 0000 005F     ACSR=(1<<ACD) | (0<<ACBG) | (0<<ACO) | (0<<ACI) | (0<<ACIE) | (0<<ACIC) | (0<<ACIS1) | (0<<ACIS0);
000092 e8e0      	LDI  R30,LOW(128)
000093 b9e8      	OUT  0x8,R30
                 ; 0000 0060     SFIOR=(0<<ACME);
000094 e0e0      	LDI  R30,LOW(0)
000095 bfe0      	OUT  0x30,R30
                 ; 0000 0061     ADCSRA=(0<<ADEN) | (0<<ADSC) | (0<<ADATE) | (0<<ADIF) | (0<<ADIE) | (0<<ADPS2) | (0<<ADPS1) | (0<<ADPS0);
000096 b9e6      	OUT  0x6,R30
                 ; 0000 0062     SPCR=(0<<SPIE) | (0<<SPE) | (0<<DORD) | (0<<MSTR) | (0<<CPOL) | (0<<CPHA) | (0<<SPR1) | (0<<SPR0);
000097 b9ed      	OUT  0xD,R30
                 ; 0000 0063     TWCR=(0<<TWEA) | (0<<TWSTA) | (0<<TWSTO) | (0<<TWEN) | (0<<TWIE);
000098 bfe6      	OUT  0x36,R30
                 ; 0000 0064 
                 ; 0000 0065     while (1)
                 _0xA:
                 ; 0000 0066     {
                 ; 0000 0067         mostrar_puntaje();
000099 d157      	RCALL _mostrar_puntaje
                 ; 0000 0068         validar_derecha_jugador1();
00009a d076      	RCALL _validar_derecha_jugador1
                 ; 0000 0069         validar_izquierda_jugador1();
00009b d09e      	RCALL _validar_izquierda_jugador1
                 ; 0000 006A         validar_derecha_jugador2();
00009c d0f0      	RCALL _validar_derecha_jugador2
                 ; 0000 006B         validar_izquierda_jugador2();
00009d d0c6      	RCALL _validar_izquierda_jugador2
                 ; 0000 006C         PORTD=~fila;
00009e 2de8      	MOV  R30,R8
00009f d15e      	RCALL SUBOPT_0x0
                 ; 0000 006D         PORTC=col;
0000a0 baa5      	OUT  0x15,R10
                 ; 0000 006E         delay_ms (5);
0000a1 d15f      	RCALL SUBOPT_0x1
                 ; 0000 006F         PORTC = j1c1;
0000a2 91e0 00f6 	LDS  R30,_j1c1
0000a4 d15f      	RCALL SUBOPT_0x2
                 ; 0000 0070         PORTD = ~filj1;
                 ; 0000 0071         delay_ms(5);
0000a5 d15b      	RCALL SUBOPT_0x1
                 ; 0000 0072         PORTC = j1c2;
0000a6 91e0 00f8 	LDS  R30,_j1c2
0000a8 d15b      	RCALL SUBOPT_0x2
                 ; 0000 0073         PORTD = ~filj1;
                 ; 0000 0074         delay_ms(5);
0000a9 d157      	RCALL SUBOPT_0x1
                 ; 0000 0075         PORTC = j2c1;
0000aa 91e0 00fa 	LDS  R30,_j2c1
0000ac d15b      	RCALL SUBOPT_0x3
                 ; 0000 0076         PORTD = ~filj2;
                 ; 0000 0077         delay_ms(5);
0000ad d153      	RCALL SUBOPT_0x1
                 ; 0000 0078         PORTC = j2c2;
0000ae 91e0 00fc 	LDS  R30,_j2c2
0000b0 d157      	RCALL SUBOPT_0x3
                 ; 0000 0079         PORTD = ~filj2;
                 ; 0000 007A         delay_ms(5);
0000b1 d14f      	RCALL SUBOPT_0x1
                 ; 0000 007B         contador++;
0000b2 e0a2      	LDI  R26,LOW(_contador)
0000b3 e0b1      	LDI  R27,HIGH(_contador)
0000b4 91ed      	LD   R30,X+
0000b5 91fd      	LD   R31,X+
0000b6 9631      	ADIW R30,1
0000b7 93fe      	ST   -X,R31
0000b8 93ee      	ST   -X,R30
                 ; 0000 007C         if(contador==20)
0000b9 91a0 0102 	LDS  R26,_contador
0000bb 91b0 0103 	LDS  R27,_contador+1
0000bd 9754      	SBIW R26,20
0000be f441      	BRNE _0xD
                 ; 0000 007D         {
                 ; 0000 007E           fila_cambio();
0000bf d009      	RCALL _fila_cambio
                 ; 0000 007F           cambiar_columna();
0000c0 d026      	RCALL _cambiar_columna
                 ; 0000 0080           contador = 0;
0000c1 e0e0      	LDI  R30,LOW(0)
0000c2 93e0 0102 	STS  _contador,R30
0000c4 93e0 0103 	STS  _contador+1,R30
                 ; 0000 0081           valida();
0000c6 d0f2      	RCALL _valida
                 ; 0000 0082         }
                 ; 0000 0083       }
                 _0xD:
0000c7 cfd1      	RJMP _0xA
                 ; 0000 0084 }
                 _0xE:
0000c8 cfff      	RJMP _0xE
                 ; .FEND
                 ;
                 ;
                 ;void fila_cambio()
                 ; 0000 0088 {
                 _fila_cambio:
                 ; .FSTART _fila_cambio
                 ; 0000 0089     if(bf==0)
0000c9 2c0c      	MOV  R0,R12
0000ca 280d      	OR   R0,R13
0000cb f451      	BRNE _0xF
                 ; 0000 008A     {
                 ; 0000 008B         if(fila<32)
0000cc e2e0      	LDI  R30,LOW(32)
0000cd e0f0      	LDI  R31,HIGH(32)
0000ce 168e      	CP   R8,R30
0000cf 069f      	CPC  R9,R31
0000d0 f41c      	BRGE _0x10
                 ; 0000 008C             fila = fila*2;
0000d1 0c88      	LSL  R8
0000d2 1c99      	ROL  R9
                 ; 0000 008D         else
0000d3 c002      	RJMP _0x11
                 _0x10:
                 ; 0000 008E         {
                 ; 0000 008F             bf=1;
0000d4 d137      	RCALL SUBOPT_0x4
0000d5 016f      	MOVW R12,R30
                 ; 0000 0090         }
                 _0x11:
                 ; 0000 0091     }
                 ; 0000 0092 
                 ; 0000 0093     if(bf==1)
                 _0xF:
0000d6 d135      	RCALL SUBOPT_0x4
0000d7 15ec      	CP   R30,R12
0000d8 05fd      	CPC  R31,R13
0000d9 f461      	BRNE _0x12
                 ; 0000 0094     {
                 ; 0000 0095         if(fila>2)
0000da d134      	RCALL SUBOPT_0x5
0000db 15e8      	CP   R30,R8
0000dc 05f9      	CPC  R31,R9
0000dd f424      	BRGE _0x13
                 ; 0000 0096             fila=fila/2;
0000de 01d4      	MOVW R26,R8
0000df d132      	RCALL SUBOPT_0x6
0000e0 014f      	MOVW R8,R30
                 ; 0000 0097         else
0000e1 c004      	RJMP _0x14
                 _0x13:
                 ; 0000 0098         {
                 ; 0000 0099             bf=0;
0000e2 24cc      	CLR  R12
0000e3 24dd      	CLR  R13
                 ; 0000 009A             fila*=2;
0000e4 0c88      	LSL  R8
0000e5 1c99      	ROL  R9
                 ; 0000 009B         }
                 _0x14:
                 ; 0000 009C     }
                 ; 0000 009D }
                 _0x12:
0000e6 9508      	RET
                 ; .FEND
                 ;
                 ;void cambiar_columna()
                 ; 0000 00A0 {
                 _cambiar_columna:
                 ; .FSTART _cambiar_columna
                 ; 0000 00A1 
                 ; 0000 00A2     if(bc==0)
0000e7 91e0 00f4 	LDS  R30,_bc
0000e9 91f0 00f5 	LDS  R31,_bc+1
0000eb 9730      	SBIW R30,0
0000ec f481      	BRNE _0x15
                 ; 0000 00A3     {
                 ; 0000 00A4         if(col<16)
0000ed e1e0      	LDI  R30,LOW(16)
0000ee e0f0      	LDI  R31,HIGH(16)
0000ef 16ae      	CP   R10,R30
0000f0 06bf      	CPC  R11,R31
0000f1 f41c      	BRGE _0x16
                 ; 0000 00A5             col = col*2;
0000f2 0caa      	LSL  R10
0000f3 1cbb      	ROL  R11
                 ; 0000 00A6         else
0000f4 c008      	RJMP _0x17
                 _0x16:
                 ; 0000 00A7         {
                 ; 0000 00A8             bc=1;
0000f5 d116      	RCALL SUBOPT_0x4
0000f6 93e0 00f4 	STS  _bc,R30
0000f8 93f0 00f5 	STS  _bc+1,R31
                 ; 0000 00A9             col/=2;
0000fa 01d5      	MOVW R26,R10
0000fb d116      	RCALL SUBOPT_0x6
0000fc 015f      	MOVW R10,R30
                 ; 0000 00AA         }
                 _0x17:
                 ; 0000 00AB     }
                 ; 0000 00AC 
                 ; 0000 00AD     if(bf==1)
                 _0x15:
0000fd d10e      	RCALL SUBOPT_0x4
0000fe 15ec      	CP   R30,R12
0000ff 05fd      	CPC  R31,R13
000100 f479      	BRNE _0x18
                 ; 0000 00AE     {
                 ; 0000 00AF         if(col>1)
000101 d10a      	RCALL SUBOPT_0x4
000102 15ea      	CP   R30,R10
000103 05fb      	CPC  R31,R11
000104 f424      	BRGE _0x19
                 ; 0000 00B0             col=col/2;
000105 01d5      	MOVW R26,R10
000106 d10b      	RCALL SUBOPT_0x6
000107 015f      	MOVW R10,R30
                 ; 0000 00B1         else
000108 c007      	RJMP _0x1A
                 _0x19:
                 ; 0000 00B2         {
                 ; 0000 00B3             bc=0;
000109 e0e0      	LDI  R30,LOW(0)
00010a 93e0 00f4 	STS  _bc,R30
00010c 93e0 00f5 	STS  _bc+1,R30
                 ; 0000 00B4             col*=2;
00010e 0caa      	LSL  R10
00010f 1cbb      	ROL  R11
                 ; 0000 00B5         }
                 _0x1A:
                 ; 0000 00B6     }
                 ; 0000 00B7 
                 ; 0000 00B8 }
                 _0x18:
000110 9508      	RET
                 ; .FEND
                 ;
                 ;void validar_derecha_jugador1()
                 ; 0000 00BB {
                 _validar_derecha_jugador1:
                 ; .FSTART _validar_derecha_jugador1
                 ; 0000 00BC 
                 ; 0000 00BD 
                 ; 0000 00BE         if (PINB.0==0)
000111 99b0      	SBIC 0x16,0
000112 c006      	RJMP _0x1B
                 ; 0000 00BF             bdaj1=0;
000113 e0e0      	LDI  R30,LOW(0)
000114 93e0 0104 	STS  _bdaj1,R30
000116 93e0 0105 	STS  _bdaj1+1,R30
                 ; 0000 00C0         else
000118 c005      	RJMP _0x1C
                 _0x1B:
                 ; 0000 00C1             bdaj1=1;
000119 d0f2      	RCALL SUBOPT_0x4
00011a 93e0 0104 	STS  _bdaj1,R30
00011c 93f0 0105 	STS  _bdaj1+1,R31
                 ; 0000 00C2         if ((bdaj1==0)&&(bdpj1==1)) //hubo cambio de flanco de 1 a 0
                 _0x1C:
00011e 91a0 0104 	LDS  R26,_bdaj1
000120 91b0 0105 	LDS  R27,_bdaj1+1
000122 9710      	SBIW R26,0
000123 f431      	BRNE _0x1E
000124 91a0 0106 	LDS  R26,_bdpj1
000126 91b0 0107 	LDS  R27,_bdpj1+1
000128 9711      	SBIW R26,1
000129 f009      	BREQ _0x1F
                 _0x1E:
00012a c006      	RJMP _0x1D
                 _0x1F:
                 ; 0000 00C3             {
                 ; 0000 00C4                 if(j1c1<8)
00012b d0e9      	RCALL SUBOPT_0x7
00012c 9718      	SBIW R26,8
00012d f41c      	BRGE _0x20
                 ; 0000 00C5                 {
                 ; 0000 00C6                     j1c1*=2;
00012e d0eb      	RCALL SUBOPT_0x8
00012f d0f1      	RCALL SUBOPT_0x9
                 ; 0000 00C7                     j1c2=j1c1*2;
000130 d0f5      	RCALL SUBOPT_0xA
                 ; 0000 00C8                 }
                 ; 0000 00C9             }
                 _0x20:
                 ; 0000 00CA        bdpj1 = bdaj1;
                 _0x1D:
000131 91e0 0104 	LDS  R30,_bdaj1
000133 91f0 0105 	LDS  R31,_bdaj1+1
000135 93e0 0106 	STS  _bdpj1,R30
000137 93f0 0107 	STS  _bdpj1+1,R31
                 ; 0000 00CB 
                 ; 0000 00CC 
                 ; 0000 00CD }
000139 9508      	RET
                 ; .FEND
                 ;
                 ;void validar_izquierda_jugador1()
                 ; 0000 00D0 {
                 _validar_izquierda_jugador1:
                 ; .FSTART _validar_izquierda_jugador1
                 ; 0000 00D1 
                 ; 0000 00D2      if (PINB.1==0)
00013a 99b1      	SBIC 0x16,1
00013b c006      	RJMP _0x21
                 ; 0000 00D3             biaj1=0;
00013c e0e0      	LDI  R30,LOW(0)
00013d 93e0 0108 	STS  _biaj1,R30
00013f 93e0 0109 	STS  _biaj1+1,R30
                 ; 0000 00D4         else
000141 c005      	RJMP _0x22
                 _0x21:
                 ; 0000 00D5             biaj1=1;
000142 d0c9      	RCALL SUBOPT_0x4
000143 93e0 0108 	STS  _biaj1,R30
000145 93f0 0109 	STS  _biaj1+1,R31
                 ; 0000 00D6         if ((biaj1==0)&&(bipj1==1)) //hubo cambio de flanco de 1 a 0
                 _0x22:
000147 91a0 0108 	LDS  R26,_biaj1
000149 91b0 0109 	LDS  R27,_biaj1+1
00014b 9710      	SBIW R26,0
00014c f431      	BRNE _0x24
00014d 91a0 010a 	LDS  R26,_bipj1
00014f 91b0 010b 	LDS  R27,_bipj1+1
000151 9711      	SBIW R26,1
000152 f009      	BREQ _0x25
                 _0x24:
000153 c007      	RJMP _0x23
                 _0x25:
                 ; 0000 00D7             {
                 ; 0000 00D8                 if(j1c1>1)
000154 d0c0      	RCALL SUBOPT_0x7
000155 9712      	SBIW R26,2
000156 f024      	BRLT _0x26
                 ; 0000 00D9                 {
                 ; 0000 00DA                     j1c1/=2;
000157 d0bd      	RCALL SUBOPT_0x7
000158 d0b9      	RCALL SUBOPT_0x6
000159 d0c7      	RCALL SUBOPT_0x9
                 ; 0000 00DB                     j1c2=j1c1*2;
00015a d0cb      	RCALL SUBOPT_0xA
                 ; 0000 00DC 
                 ; 0000 00DD                 }
                 ; 0000 00DE             }
                 _0x26:
                 ; 0000 00DF        bipj1 = biaj1;
                 _0x23:
00015b 91e0 0108 	LDS  R30,_biaj1
00015d 91f0 0109 	LDS  R31,_biaj1+1
00015f 93e0 010a 	STS  _bipj1,R30
000161 93f0 010b 	STS  _bipj1+1,R31
                 ; 0000 00E0 }
000163 9508      	RET
                 ; .FEND
                 ;
                 ;void validar_izquierda_jugador2()
                 ; 0000 00E3 {
                 _validar_izquierda_jugador2:
                 ; .FSTART _validar_izquierda_jugador2
                 ; 0000 00E4 
                 ; 0000 00E5     if (PINB.2==0)
000164 99b2      	SBIC 0x16,2
000165 c006      	RJMP _0x27
                 ; 0000 00E6             biaj2=0;
000166 e0e0      	LDI  R30,LOW(0)
000167 93e0 0110 	STS  _biaj2,R30
000169 93e0 0111 	STS  _biaj2+1,R30
                 ; 0000 00E7         else
00016b c005      	RJMP _0x28
                 _0x27:
                 ; 0000 00E8             biaj2=1;
00016c d09f      	RCALL SUBOPT_0x4
00016d 93e0 0110 	STS  _biaj2,R30
00016f 93f0 0111 	STS  _biaj2+1,R31
                 ; 0000 00E9         if ((biaj2==0)&&(bipj2==1)) //hubo cambio de flanco de 1 a 0
                 _0x28:
000171 91a0 0110 	LDS  R26,_biaj2
000173 91b0 0111 	LDS  R27,_biaj2+1
000175 9710      	SBIW R26,0
000176 f431      	BRNE _0x2A
000177 91a0 0112 	LDS  R26,_bipj2
000179 91b0 0113 	LDS  R27,_bipj2+1
00017b 9711      	SBIW R26,1
00017c f009      	BREQ _0x2B
                 _0x2A:
00017d c006      	RJMP _0x29
                 _0x2B:
                 ; 0000 00EA             {
                 ; 0000 00EB                 if(j2c1>1)
00017e d0ac      	RCALL SUBOPT_0xB
00017f 9712      	SBIW R26,2
000180 f01c      	BRLT _0x2C
                 ; 0000 00EC                 {
                 ; 0000 00ED                     j2c1/=2;
000181 d0a9      	RCALL SUBOPT_0xB
000182 d08f      	RCALL SUBOPT_0x6
000183 d0ac      	RCALL SUBOPT_0xC
                 ; 0000 00EE                     j2c2=j2c1*2;
                 ; 0000 00EF                 }
                 ; 0000 00F0             }
                 _0x2C:
                 ; 0000 00F1        bipj2 = biaj2;
                 _0x29:
000184 91e0 0110 	LDS  R30,_biaj2
000186 91f0 0111 	LDS  R31,_biaj2+1
000188 93e0 0112 	STS  _bipj2,R30
00018a 93f0 0113 	STS  _bipj2+1,R31
                 ; 0000 00F2 
                 ; 0000 00F3 }
00018c 9508      	RET
                 ; .FEND
                 ;
                 ;void validar_derecha_jugador2()
                 ; 0000 00F6 {
                 _validar_derecha_jugador2:
                 ; .FSTART _validar_derecha_jugador2
                 ; 0000 00F7 
                 ; 0000 00F8      if (PINB.3==0)
00018d 99b3      	SBIC 0x16,3
00018e c006      	RJMP _0x2D
                 ; 0000 00F9             bdaj2=0;
00018f e0e0      	LDI  R30,LOW(0)
000190 93e0 010c 	STS  _bdaj2,R30
000192 93e0 010d 	STS  _bdaj2+1,R30
                 ; 0000 00FA         else
000194 c005      	RJMP _0x2E
                 _0x2D:
                 ; 0000 00FB             bdaj2=1;
000195 d076      	RCALL SUBOPT_0x4
000196 93e0 010c 	STS  _bdaj2,R30
000198 93f0 010d 	STS  _bdaj2+1,R31
                 ; 0000 00FC         if ((bdaj2==0)&&(bdpj2==1)) //hubo cambio de flanco de 1 a 0
                 _0x2E:
00019a 91a0 010c 	LDS  R26,_bdaj2
00019c 91b0 010d 	LDS  R27,_bdaj2+1
00019e 9710      	SBIW R26,0
00019f f431      	BRNE _0x30
0001a0 91a0 010e 	LDS  R26,_bdpj2
0001a2 91b0 010f 	LDS  R27,_bdpj2+1
0001a4 9711      	SBIW R26,1
0001a5 f009      	BREQ _0x31
                 _0x30:
0001a6 c009      	RJMP _0x2F
                 _0x31:
                 ; 0000 00FD             {
                 ; 0000 00FE                 if(j2c1<8)
0001a7 d083      	RCALL SUBOPT_0xB
0001a8 9718      	SBIW R26,8
0001a9 f434      	BRGE _0x32
                 ; 0000 00FF                 {
                 ; 0000 0100                     j2c1*=2;
0001aa 91e0 00fa 	LDS  R30,_j2c1
0001ac 91f0 00fb 	LDS  R31,_j2c1+1
0001ae d08c      	RCALL SUBOPT_0xD
0001af d080      	RCALL SUBOPT_0xC
                 ; 0000 0101                     j2c2=j2c1*2;
                 ; 0000 0102                 }
                 ; 0000 0103             }
                 _0x32:
                 ; 0000 0104        bdpj2 = bdaj2;
                 _0x2F:
0001b0 91e0 010c 	LDS  R30,_bdaj2
0001b2 91f0 010d 	LDS  R31,_bdaj2+1
0001b4 93e0 010e 	STS  _bdpj2,R30
0001b6 93f0 010f 	STS  _bdpj2+1,R31
                 ; 0000 0105 }
0001b8 9508      	RET
                 ; .FEND
                 ;
                 ;void valida()
                 ; 0000 0108 {
                 _valida:
                 ; .FSTART _valida
                 ; 0000 0109     if (fila==32)
0001b9 e2e0      	LDI  R30,LOW(32)
0001ba e0f0      	LDI  R31,HIGH(32)
0001bb 15e8      	CP   R30,R8
0001bc 05f9      	CPC  R31,R9
0001bd f4b9      	BRNE _0x33
                 ; 0000 010A     {
                 ; 0000 010B         if((j2c1!=col)&&(j2c2!=col))
0001be d06c      	RCALL SUBOPT_0xB
0001bf d07e      	RCALL SUBOPT_0xE
0001c0 f031      	BREQ _0x35
0001c1 91a0 00fc 	LDS  R26,_j2c2
0001c3 91b0 00fd 	LDS  R27,_j2c2+1
0001c5 d078      	RCALL SUBOPT_0xE
0001c6 f409      	BRNE _0x36
                 _0x35:
0001c7 c00d      	RJMP _0x34
                 _0x36:
                 ; 0000 010C         {
                 ; 0000 010D             delay_ms(100);
0001c8 e6a4      	LDI  R26,LOW(100)
0001c9 d077      	RCALL SUBOPT_0xF
                 ; 0000 010E             puntaje_p1++;
0001ca 01f2      	MOVW R30,R4
0001cb 9631      	ADIW R30,1
0001cc 012f      	MOVW R4,R30
                 ; 0000 010F             if(puntaje_p1==5)
0001cd e0e5      	LDI  R30,LOW(5)
0001ce e0f0      	LDI  R31,HIGH(5)
0001cf 15e4      	CP   R30,R4
0001d0 05f5      	CPC  R31,R5
0001d1 f419      	BRNE _0x37
                 ; 0000 0110             {
                 ; 0000 0111                 PORTA = tabla7seg[puntaje_p1];
0001d2 d070      	RCALL SUBOPT_0x10
                 ; 0000 0112                 PORTC.5 = 1;
                 ; 0000 0113                 PORTC.6 = 0;
                 ; 0000 0114                 delay_ms(200);
                 ; 0000 0115                 PORTA = tabla7seg[puntaje_p2];
0001d3 d07b      	RCALL SUBOPT_0x11
                 ; 0000 0116                 PORTC.5 = 0;
                 ; 0000 0117                 PORTC.6 = 1;
                 ; 0000 0118                 delay_ms(200);
                 ; 0000 0119                 puntaje_p1=0;
0001d4 d086      	RCALL SUBOPT_0x12
                 ; 0000 011A                 puntaje_p2=0;
                 ; 0000 011B             }
                 ; 0000 011C         }
                 _0x37:
                 ; 0000 011D 
                 ; 0000 011E     }
                 _0x34:
                 ; 0000 011F     if (fila==2)
                 _0x33:
0001d5 d039      	RCALL SUBOPT_0x5
0001d6 15e8      	CP   R30,R8
0001d7 05f9      	CPC  R31,R9
0001d8 f4b9      	BRNE _0x40
                 ; 0000 0120     {
                 ; 0000 0121         if((j1c1!=col)&&(j1c2!=col))
0001d9 d03b      	RCALL SUBOPT_0x7
0001da d063      	RCALL SUBOPT_0xE
0001db f031      	BREQ _0x42
0001dc 91a0 00f8 	LDS  R26,_j1c2
0001de 91b0 00f9 	LDS  R27,_j1c2+1
0001e0 d05d      	RCALL SUBOPT_0xE
0001e1 f409      	BRNE _0x43
                 _0x42:
0001e2 c00d      	RJMP _0x41
                 _0x43:
                 ; 0000 0122         {
                 ; 0000 0123             delay_ms(100);
0001e3 e6a4      	LDI  R26,LOW(100)
0001e4 d05c      	RCALL SUBOPT_0xF
                 ; 0000 0124             puntaje_p2++;
0001e5 01f3      	MOVW R30,R6
0001e6 9631      	ADIW R30,1
0001e7 013f      	MOVW R6,R30
                 ; 0000 0125             if(puntaje_p2==5)
0001e8 e0e5      	LDI  R30,LOW(5)
0001e9 e0f0      	LDI  R31,HIGH(5)
0001ea 15e6      	CP   R30,R6
0001eb 05f7      	CPC  R31,R7
0001ec f419      	BRNE _0x44
                 ; 0000 0126             {
                 ; 0000 0127                 PORTA = tabla7seg[puntaje_p1];
0001ed d055      	RCALL SUBOPT_0x10
                 ; 0000 0128                 PORTC.5 = 1;
                 ; 0000 0129                 PORTC.6 = 0;
                 ; 0000 012A                 delay_ms(200);
                 ; 0000 012B                 PORTA = tabla7seg[puntaje_p2];
0001ee d060      	RCALL SUBOPT_0x11
                 ; 0000 012C                 PORTC.5 = 0;
                 ; 0000 012D                 PORTC.6 = 1;
                 ; 0000 012E                 delay_ms(200);
                 ; 0000 012F                 puntaje_p1=0;
0001ef d06b      	RCALL SUBOPT_0x12
                 ; 0000 0130                 puntaje_p2=0;
                 ; 0000 0131             }
                 ; 0000 0132         }
                 _0x44:
                 ; 0000 0133 
                 ; 0000 0134     }
                 _0x41:
                 ; 0000 0135 }
                 _0x40:
0001f0 9508      	RET
                 ; .FEND
                 ;
                 ;void mostrar_puntaje()
                 ; 0000 0138 {
                 _mostrar_puntaje:
                 ; .FSTART _mostrar_puntaje
                 ; 0000 0139     if (PSWITCH ==1 ) {
0001f1 9bb4      	SBIS 0x16,4
0001f2 c005      	RJMP _0x4D
                 ; 0000 013A       PORTA = tabla7seg[puntaje_p1];
0001f3 01f2      	MOVW R30,R4
0001f4 d06b      	RCALL SUBOPT_0x13
                 ; 0000 013B       PORTC.5 = 1;
0001f5 9aad      	SBI  0x15,5
                 ; 0000 013C       PORTC.6 = 0;
0001f6 98ae      	CBI  0x15,6
                 ; 0000 013D     } else {
0001f7 c004      	RJMP _0x52
                 _0x4D:
                 ; 0000 013E        PORTA = tabla7seg[puntaje_p2];
0001f8 01f3      	MOVW R30,R6
0001f9 d066      	RCALL SUBOPT_0x13
                 ; 0000 013F         PORTC.5 = 0;
0001fa 98ad      	CBI  0x15,5
                 ; 0000 0140         PORTC.6 = 1;
0001fb 9aae      	SBI  0x15,6
                 ; 0000 0141     }
                 _0x52:
                 ; 0000 0142     delay_ms(5);
0001fc d004      	RCALL SUBOPT_0x1
                 ; 0000 0143 }
0001fd 9508      	RET
                 ; .FEND
                 
                 	.DSEG
                 _tabla7seg:
0000e0           	.BYTE 0x14
                 _bc:
0000f4           	.BYTE 0x2
                 _j1c1:
0000f6           	.BYTE 0x2
                 _j1c2:
0000f8           	.BYTE 0x2
                 _j2c1:
0000fa           	.BYTE 0x2
                 _j2c2:
0000fc           	.BYTE 0x2
                 _filj1:
0000fe           	.BYTE 0x2
                 _filj2:
000100           	.BYTE 0x2
                 _contador:
000102           	.BYTE 0x2
                 _bdaj1:
000104           	.BYTE 0x2
                 _bdpj1:
000106           	.BYTE 0x2
                 _biaj1:
000108           	.BYTE 0x2
                 _bipj1:
00010a           	.BYTE 0x2
                 _bdaj2:
00010c           	.BYTE 0x2
                 _bdpj2:
00010e           	.BYTE 0x2
                 _biaj2:
000110           	.BYTE 0x2
                 _bipj2:
000112           	.BYTE 0x2
                 
                 	.CSEG
                 ;OPTIMIZER ADDED SUBROUTINE, CALLED 5 TIMES, CODE SIZE REDUCTION:2 WORDS
                 SUBOPT_0x0:
0001fe 95e0      	COM  R30
0001ff bbe2      	OUT  0x12,R30
000200 9508      	RET
                 
                 ;OPTIMIZER ADDED SUBROUTINE, CALLED 6 TIMES, CODE SIZE REDUCTION:8 WORDS
                 SUBOPT_0x1:
000201 e0a5      	LDI  R26,LOW(5)
000202 e0b0      	LDI  R27,0
000203 c08e      	RJMP _delay_ms
                 
                 ;OPTIMIZER ADDED SUBROUTINE, CALLED 2 TIMES, CODE SIZE REDUCTION:1 WORDS
                 SUBOPT_0x2:
000204 bbe5      	OUT  0x15,R30
000205 91e0 00fe 	LDS  R30,_filj1
000207 cff6      	RJMP SUBOPT_0x0
                 
                 ;OPTIMIZER ADDED SUBROUTINE, CALLED 2 TIMES, CODE SIZE REDUCTION:1 WORDS
                 SUBOPT_0x3:
000208 bbe5      	OUT  0x15,R30
000209 91e0 0100 	LDS  R30,_filj2
00020b cff2      	RJMP SUBOPT_0x0
                 
                 ;OPTIMIZER ADDED SUBROUTINE, CALLED 9 TIMES, CODE SIZE REDUCTION:6 WORDS
                 SUBOPT_0x4:
00020c e0e1      	LDI  R30,LOW(1)
00020d e0f0      	LDI  R31,HIGH(1)
00020e 9508      	RET
                 
                 ;OPTIMIZER ADDED SUBROUTINE, CALLED 7 TIMES, CODE SIZE REDUCTION:4 WORDS
                 SUBOPT_0x5:
00020f e0e2      	LDI  R30,LOW(2)
000210 e0f0      	LDI  R31,HIGH(2)
000211 9508      	RET
                 
                 ;OPTIMIZER ADDED SUBROUTINE, CALLED 5 TIMES, CODE SIZE REDUCTION:2 WORDS
                 SUBOPT_0x6:
000212 dffc      	RCALL SUBOPT_0x5
000213 d06b      	RCALL __DIVW21
000214 9508      	RET
                 
                 ;OPTIMIZER ADDED SUBROUTINE, CALLED 4 TIMES, CODE SIZE REDUCTION:7 WORDS
                 SUBOPT_0x7:
000215 91a0 00f6 	LDS  R26,_j1c1
000217 91b0 00f7 	LDS  R27,_j1c1+1
000219 9508      	RET
                 
                 ;OPTIMIZER ADDED SUBROUTINE, CALLED 3 TIMES, CODE SIZE REDUCTION:8 WORDS
                 SUBOPT_0x8:
00021a 91e0 00f6 	LDS  R30,_j1c1
00021c 91f0 00f7 	LDS  R31,_j1c1+1
00021e 0fee      	LSL  R30
00021f 1fff      	ROL  R31
000220 9508      	RET
                 
                 ;OPTIMIZER ADDED SUBROUTINE, CALLED 2 TIMES, CODE SIZE REDUCTION:2 WORDS
                 SUBOPT_0x9:
000221 93e0 00f6 	STS  _j1c1,R30
000223 93f0 00f7 	STS  _j1c1+1,R31
000225 cff4      	RJMP SUBOPT_0x8
                 
                 ;OPTIMIZER ADDED SUBROUTINE, CALLED 2 TIMES, CODE SIZE REDUCTION:1 WORDS
                 SUBOPT_0xA:
000226 93e0 00f8 	STS  _j1c2,R30
000228 93f0 00f9 	STS  _j1c2+1,R31
00022a 9508      	RET
                 
                 ;OPTIMIZER ADDED SUBROUTINE, CALLED 4 TIMES, CODE SIZE REDUCTION:7 WORDS
                 SUBOPT_0xB:
00022b 91a0 00fa 	LDS  R26,_j2c1
00022d 91b0 00fb 	LDS  R27,_j2c1+1
00022f 9508      	RET
                 
                 ;OPTIMIZER ADDED SUBROUTINE, CALLED 2 TIMES, CODE SIZE REDUCTION:11 WORDS
                 SUBOPT_0xC:
000230 93e0 00fa 	STS  _j2c1,R30
000232 93f0 00fb 	STS  _j2c1+1,R31
000234 0fee      	LSL  R30
000235 1fff      	ROL  R31
000236 93e0 00fc 	STS  _j2c2,R30
000238 93f0 00fd 	STS  _j2c2+1,R31
00023a 9508      	RET
                 
                 ;OPTIMIZER ADDED SUBROUTINE, CALLED 7 TIMES, CODE SIZE REDUCTION:4 WORDS
                 SUBOPT_0xD:
00023b 0fee      	LSL  R30
00023c 1fff      	ROL  R31
00023d 9508      	RET
                 
                 ;OPTIMIZER ADDED SUBROUTINE, CALLED 4 TIMES, CODE SIZE REDUCTION:1 WORDS
                 SUBOPT_0xE:
00023e 16aa      	CP   R10,R26
00023f 06bb      	CPC  R11,R27
000240 9508      	RET
                 
                 ;OPTIMIZER ADDED SUBROUTINE, CALLED 6 TIMES, CODE SIZE REDUCTION:3 WORDS
                 SUBOPT_0xF:
000241 e0b0      	LDI  R27,0
000242 c04f      	RJMP _delay_ms
                 
                 ;OPTIMIZER ADDED SUBROUTINE, CALLED 2 TIMES, CODE SIZE REDUCTION:9 WORDS
                 SUBOPT_0x10:
000243 01f2      	MOVW R30,R4
000244 eea0      	LDI  R26,LOW(_tabla7seg)
000245 e0b0      	LDI  R27,HIGH(_tabla7seg)
000246 dff4      	RCALL SUBOPT_0xD
000247 0fae      	ADD  R26,R30
000248 1fbf      	ADC  R27,R31
000249 91ec      	LD   R30,X
00024a bbeb      	OUT  0x1B,R30
00024b 9aad      	SBI  0x15,5
00024c 98ae      	CBI  0x15,6
00024d eca8      	LDI  R26,LOW(200)
00024e cff2      	RJMP SUBOPT_0xF
                 
                 ;OPTIMIZER ADDED SUBROUTINE, CALLED 2 TIMES, CODE SIZE REDUCTION:9 WORDS
                 SUBOPT_0x11:
00024f 01f3      	MOVW R30,R6
000250 eea0      	LDI  R26,LOW(_tabla7seg)
000251 e0b0      	LDI  R27,HIGH(_tabla7seg)
000252 dfe8      	RCALL SUBOPT_0xD
000253 0fae      	ADD  R26,R30
000254 1fbf      	ADC  R27,R31
000255 91ec      	LD   R30,X
000256 bbeb      	OUT  0x1B,R30
000257 98ad      	CBI  0x15,5
000258 9aae      	SBI  0x15,6
000259 eca8      	LDI  R26,LOW(200)
00025a cfe6      	RJMP SUBOPT_0xF
                 
                 ;OPTIMIZER ADDED SUBROUTINE, CALLED 2 TIMES, CODE SIZE REDUCTION:1 WORDS
                 SUBOPT_0x12:
00025b 2444      	CLR  R4
00025c 2455      	CLR  R5
00025d 2466      	CLR  R6
00025e 2477      	CLR  R7
00025f 9508      	RET
                 
                 ;OPTIMIZER ADDED SUBROUTINE, CALLED 2 TIMES, CODE SIZE REDUCTION:4 WORDS
                 SUBOPT_0x13:
000260 eea0      	LDI  R26,LOW(_tabla7seg)
000261 e0b0      	LDI  R27,HIGH(_tabla7seg)
000262 dfd8      	RCALL SUBOPT_0xD
000263 0fae      	ADD  R26,R30
000264 1fbf      	ADC  R27,R31
000265 91ec      	LD   R30,X
000266 bbeb      	OUT  0x1B,R30
000267 9508      	RET
                 
                 ;RUNTIME LIBRARY
                 
                 	.CSEG
                 __ANEGW1:
000268 95f1      	NEG  R31
000269 95e1      	NEG  R30
00026a 40f0      	SBCI R31,0
00026b 9508      	RET
                 
                 __DIVW21U:
00026c 2400      	CLR  R0
00026d 2411      	CLR  R1
00026e e190      	LDI  R25,16
                 __DIVW21U1:
00026f 0faa      	LSL  R26
000270 1fbb      	ROL  R27
000271 1c00      	ROL  R0
000272 1c11      	ROL  R1
000273 1a0e      	SUB  R0,R30
000274 0a1f      	SBC  R1,R31
000275 f418      	BRCC __DIVW21U2
000276 0e0e      	ADD  R0,R30
000277 1e1f      	ADC  R1,R31
000278 c001      	RJMP __DIVW21U3
                 __DIVW21U2:
000279 60a1      	SBR  R26,1
                 __DIVW21U3:
00027a 959a      	DEC  R25
00027b f799      	BRNE __DIVW21U1
00027c 01fd      	MOVW R30,R26
00027d 01d0      	MOVW R26,R0
00027e 9508      	RET
                 
                 __DIVW21:
00027f d004      	RCALL __CHKSIGNW
000280 dfeb      	RCALL __DIVW21U
000281 f40e      	BRTC __DIVW211
000282 dfe5      	RCALL __ANEGW1
                 __DIVW211:
000283 9508      	RET
                 
                 __CHKSIGNW:
000284 94e8      	CLT
000285 fff7      	SBRS R31,7
000286 c002      	RJMP __CHKSW1
000287 dfe0      	RCALL __ANEGW1
000288 9468      	SET
                 __CHKSW1:
000289 ffb7      	SBRS R27,7
00028a c006      	RJMP __CHKSW2
00028b 95b1      	NEG  R27
00028c 95a1      	NEG  R26
00028d 40b0      	SBCI R27,0
00028e f800      	BLD  R0,0
00028f 9403      	INC  R0
000290 fa00      	BST  R0,0
                 __CHKSW2:
000291 9508      	RET
                 
                 _delay_ms:
000292 9610      	adiw r26,0
000293 f039      	breq __delay_ms1
                 __delay_ms0:
000294 95a8      	wdr
                +
000295 ef8a     +LDI R24 , LOW ( 0xFA )
000296 e090     +LDI R25 , HIGH ( 0xFA )
                +__DELAY_USW_LOOP :
000297 9701     +SBIW R24 , 1
000298 f7f1     +BRNE __DELAY_USW_LOOP
                 	__DELAY_USW 0xFA
000299 9711      	sbiw r26,1
00029a f7c9      	brne __delay_ms0
                 __delay_ms1:
00029b 9508      	ret
                 
                 ;END OF CODE MARKER
                 __END_OF_CODE:


RESOURCE USE INFORMATION
------------------------

Notice:
The register and instruction counts are symbol table hit counts,
and hence implicitly used resources are not counted, eg, the
'lpm' instruction without operands implicitly uses r0 and z,
none of which are counted.

x,y,z are separate entities in the symbol table and are
counted separately from r26..r31 here.

.dseg memory usage only counts static data declared with .byte

ATmega8535 register use summary:
r0 :  14 r1 :   5 r2 :   0 r3 :   0 r4 :   6 r5 :   2 r6 :   6 r7 :   2 
r8 :   9 r9 :   6 r10:  10 r11:   5 r12:   5 r13:   4 r14:   0 r15:   0 
r16:   0 r17:   0 r18:   0 r19:   0 r20:   0 r21:   0 r22:   2 r23:   0 
r24:   9 r25:   5 r26:  52 r27:  29 r28:   1 r29:   1 r30: 156 r31:  53 
x  :  10 y  :   0 z  :   7 
Registers used: 23 out of 35 (65.7%)

ATmega8535 instruction use summary:
.lds  :   0 .lds.l:   0 .sts  :   0 .sts.l:   0 adc   :   4 add   :   4 
adiw  :   4 and   :   0 andi  :   0 asr   :   0 bclr  :   0 bld   :   1 
brbc  :   0 brbs  :   0 brcc  :   1 brcs  :   0 break :   0 breq  :   8 
brge  :   6 brhc  :   0 brhs  :   0 brid  :   0 brie  :   0 brlo  :   0 
brlt  :   2 brmi  :   0 brne  :  21 brpl  :   0 brsh  :   0 brtc  :   1 
brts  :   0 brvc  :   0 brvs  :   0 bset  :   0 bst   :   1 cbi   :   4 
cbr   :   0 clc   :   0 clh   :   0 cli   :   1 cln   :   0 clr   :  10 
cls   :   0 clt   :   1 clv   :   0 clz   :   0 com   :   1 cp    :  11 
cpc   :  11 cpi   :   0 cpse  :   0 dec   :   2 des   :   0 eor   :   0 
fmul  :   0 fmuls :   0 fmulsu:   0 icall :   0 ijmp  :   0 in    :   0 
inc   :   1 ld    :   5 ldd   :   0 ldi   :  58 lds   :  46 lpm   :   7 
lsl   :   8 lsr   :   0 mov   :   2 movw  :  20 mul   :   0 muls  :   0 
mulsu :   0 neg   :   4 nop   :   0 or    :   1 ori   :   0 out   :  47 
pop   :   0 push  :   0 rcall :  74 ret   :  26 reti  :   0 rjmp  :  55 
rol   :  10 ror   :   0 sbc   :   1 sbci  :   2 sbi   :   4 sbic  :   4 
sbis  :   1 sbiw  :  19 sbr   :   1 sbrc  :   0 sbrs  :   2 sec   :   0 
seh   :   0 sei   :   0 sen   :   0 ser   :   0 ses   :   0 set   :   1 
sev   :   0 sez   :   0 sleep :   0 spm   :   0 st    :   5 std   :   0 
sts   :  38 sub   :   1 subi  :   0 swap  :   0 tst   :   0 wdr   :   1 

Instructions used: 47 out of 114 (41.2%)

ATmega8535 memory use summary [bytes]:
Segment   Begin    End      Code   Data   Used    Size   Use%
---------------------------------------------------------------
[.cseg] 0x000000 0x000538   1244     92   1336    8192  16.3%
[.dseg] 0x000060 0x000114      0     52     52     512  10.2%
[.eseg] 0x000000 0x000000      0      0      0     512   0.0%

Assembly complete, 0 errors, 16 warnings
