
AVRASM ver. 2.1.30  D:\Escritorio\MCS\practices\proyecto1\Debug\List\emisor.asm Tue Feb 26 06:22:30 2019

D:\Escritorio\MCS\practices\proyecto1\Debug\List\emisor.asm(1093): warning: Register r4 already defined by the .DEF directive
D:\Escritorio\MCS\practices\proyecto1\Debug\List\emisor.asm(1094): warning: Register r5 already defined by the .DEF directive
                 
                 
                 ;CodeVisionAVR C Compiler V3.34 Evaluation
                 ;(C) Copyright 1998-2018 Pavel Haiduc, HP InfoTech s.r.l.
                 ;http://www.hpinfotech.com
                 
                 ;Build configuration    : Debug
                 ;Chip type              : ATmega8535L
                 ;Program type           : Application
                 ;Clock frequency        : 1.000000 MHz
                 ;Memory model           : Small
                 ;Optimize for           : Size
                 ;(s)printf features     : int, width
                 ;(s)scanf features      : int, width
                 ;External RAM size      : 0
                 ;Data Stack size        : 128 byte(s)
                 ;Heap size              : 0 byte(s)
                 ;Promote 'char' to 'int': Yes
                 ;'char' is unsigned     : Yes
                 ;8 bit enums            : Yes
                 ;Global 'const' stored in FLASH: Yes
                 ;Enhanced function parameter passing: Mode 2
                 ;Enhanced core instructions: On
                 ;Automatic register allocation for global variables: On
                 ;Smart register allocation: On
                 
                 	#define _MODEL_SMALL_
                 
                 	#pragma AVRPART ADMIN PART_NAME ATmega8535L
                 	#pragma AVRPART MEMORY PROG_FLASH 8192
                 	#pragma AVRPART MEMORY EEPROM 512
                 	#pragma AVRPART MEMORY INT_SRAM SIZE 512
                 	#pragma AVRPART MEMORY INT_SRAM START_ADDR 0x60
                 
                 	.LISTMAC
                 	.EQU UDRE=0x5
                 	.EQU RXC=0x7
                 	.EQU USR=0xB
                 	.EQU UDR=0xC
                 	.EQU SPSR=0xE
                 	.EQU SPDR=0xF
                 	.EQU EERE=0x0
                 	.EQU EEWE=0x1
                 	.EQU EEMWE=0x2
                 	.EQU EECR=0x1C
                 	.EQU EEDR=0x1D
                 	.EQU EEARL=0x1E
                 	.EQU EEARH=0x1F
                 	.EQU WDTCR=0x21
                 	.EQU MCUCR=0x35
                 	.EQU GICR=0x3B
                 	.EQU SPL=0x3D
                 	.EQU SPH=0x3E
                 	.EQU SREG=0x3F
                 
                 	.DEF R0X0=R0
                 	.DEF R0X1=R1
                 	.DEF R0X2=R2
                 	.DEF R0X3=R3
                 	.DEF R0X4=R4
                 	.DEF R0X5=R5
                 	.DEF R0X6=R6
                 	.DEF R0X7=R7
                 	.DEF R0X8=R8
                 	.DEF R0X9=R9
                 	.DEF R0XA=R10
                 	.DEF R0XB=R11
                 	.DEF R0XC=R12
                 	.DEF R0XD=R13
                 	.DEF R0XE=R14
                 	.DEF R0XF=R15
                 	.DEF R0X10=R16
                 	.DEF R0X11=R17
                 	.DEF R0X12=R18
                 	.DEF R0X13=R19
                 	.DEF R0X14=R20
                 	.DEF R0X15=R21
                 	.DEF R0X16=R22
                 	.DEF R0X17=R23
                 	.DEF R0X18=R24
                 	.DEF R0X19=R25
                 	.DEF R0X1A=R26
                 	.DEF R0X1B=R27
                 	.DEF R0X1C=R28
                 	.DEF R0X1D=R29
                 	.DEF R0X1E=R30
                 	.DEF R0X1F=R31
                 
                 	.EQU __SRAM_START=0x0060
                 	.EQU __SRAM_END=0x025F
                 	.EQU __DSTACK_SIZE=0x0080
                 	.EQU __HEAP_SIZE=0x0000
                 	.EQU __CLEAR_SRAM_SIZE=__SRAM_END-__SRAM_START+1
                 
                 	.MACRO __CPD1N
                 	CPI  R30,LOW(@0)
                 	LDI  R26,HIGH(@0)
                 	CPC  R31,R26
                 	LDI  R26,BYTE3(@0)
                 	CPC  R22,R26
                 	LDI  R26,BYTE4(@0)
                 	CPC  R23,R26
                 	.ENDM
                 
                 	.MACRO __CPD2N
                 	CPI  R26,LOW(@0)
                 	LDI  R30,HIGH(@0)
                 	CPC  R27,R30
                 	LDI  R30,BYTE3(@0)
                 	CPC  R24,R30
                 	LDI  R30,BYTE4(@0)
                 	CPC  R25,R30
                 	.ENDM
                 
                 	.MACRO __CPWRR
                 	CP   R@0,R@2
                 	CPC  R@1,R@3
                 	.ENDM
                 
                 	.MACRO __CPWRN
                 	CPI  R@0,LOW(@2)
                 	LDI  R30,HIGH(@2)
                 	CPC  R@1,R30
                 	.ENDM
                 
                 	.MACRO __ADDB1MN
                 	SUBI R30,LOW(-@0-(@1))
                 	.ENDM
                 
                 	.MACRO __ADDB2MN
                 	SUBI R26,LOW(-@0-(@1))
                 	.ENDM
                 
                 	.MACRO __ADDW1MN
                 	SUBI R30,LOW(-@0-(@1))
                 	SBCI R31,HIGH(-@0-(@1))
                 	.ENDM
                 
                 	.MACRO __ADDW2MN
                 	SUBI R26,LOW(-@0-(@1))
                 	SBCI R27,HIGH(-@0-(@1))
                 	.ENDM
                 
                 	.MACRO __ADDW1FN
                 	SUBI R30,LOW(-2*@0-(@1))
                 	SBCI R31,HIGH(-2*@0-(@1))
                 	.ENDM
                 
                 	.MACRO __ADDD1FN
                 	SUBI R30,LOW(-2*@0-(@1))
                 	SBCI R31,HIGH(-2*@0-(@1))
                 	SBCI R22,BYTE3(-2*@0-(@1))
                 	.ENDM
                 
                 	.MACRO __ADDD1N
                 	SUBI R30,LOW(-@0)
                 	SBCI R31,HIGH(-@0)
                 	SBCI R22,BYTE3(-@0)
                 	SBCI R23,BYTE4(-@0)
                 	.ENDM
                 
                 	.MACRO __ADDD2N
                 	SUBI R26,LOW(-@0)
                 	SBCI R27,HIGH(-@0)
                 	SBCI R24,BYTE3(-@0)
                 	SBCI R25,BYTE4(-@0)
                 	.ENDM
                 
                 	.MACRO __SUBD1N
                 	SUBI R30,LOW(@0)
                 	SBCI R31,HIGH(@0)
                 	SBCI R22,BYTE3(@0)
                 	SBCI R23,BYTE4(@0)
                 	.ENDM
                 
                 	.MACRO __SUBD2N
                 	SUBI R26,LOW(@0)
                 	SBCI R27,HIGH(@0)
                 	SBCI R24,BYTE3(@0)
                 	SBCI R25,BYTE4(@0)
                 	.ENDM
                 
                 	.MACRO __ANDBMNN
                 	LDS  R30,@0+(@1)
                 	ANDI R30,LOW(@2)
                 	STS  @0+(@1),R30
                 	.ENDM
                 
                 	.MACRO __ANDWMNN
                 	LDS  R30,@0+(@1)
                 	ANDI R30,LOW(@2)
                 	STS  @0+(@1),R30
                 	LDS  R30,@0+(@1)+1
                 	ANDI R30,HIGH(@2)
                 	STS  @0+(@1)+1,R30
                 	.ENDM
                 
                 	.MACRO __ANDD1N
                 	ANDI R30,LOW(@0)
                 	ANDI R31,HIGH(@0)
                 	ANDI R22,BYTE3(@0)
                 	ANDI R23,BYTE4(@0)
                 	.ENDM
                 
                 	.MACRO __ANDD2N
                 	ANDI R26,LOW(@0)
                 	ANDI R27,HIGH(@0)
                 	ANDI R24,BYTE3(@0)
                 	ANDI R25,BYTE4(@0)
                 	.ENDM
                 
                 	.MACRO __ORBMNN
                 	LDS  R30,@0+(@1)
                 	ORI  R30,LOW(@2)
                 	STS  @0+(@1),R30
                 	.ENDM
                 
                 	.MACRO __ORWMNN
                 	LDS  R30,@0+(@1)
                 	ORI  R30,LOW(@2)
                 	STS  @0+(@1),R30
                 	LDS  R30,@0+(@1)+1
                 	ORI  R30,HIGH(@2)
                 	STS  @0+(@1)+1,R30
                 	.ENDM
                 
                 	.MACRO __ORD1N
                 	ORI  R30,LOW(@0)
                 	ORI  R31,HIGH(@0)
                 	ORI  R22,BYTE3(@0)
                 	ORI  R23,BYTE4(@0)
                 	.ENDM
                 
                 	.MACRO __ORD2N
                 	ORI  R26,LOW(@0)
                 	ORI  R27,HIGH(@0)
                 	ORI  R24,BYTE3(@0)
                 	ORI  R25,BYTE4(@0)
                 	.ENDM
                 
                 	.MACRO __DELAY_USB
                 	LDI  R24,LOW(@0)
                 __DELAY_USB_LOOP:
                 	DEC  R24
                 	BRNE __DELAY_USB_LOOP
                 	.ENDM
                 
                 	.MACRO __DELAY_USW
                 	LDI  R24,LOW(@0)
                 	LDI  R25,HIGH(@0)
                 __DELAY_USW_LOOP:
                 	SBIW R24,1
                 	BRNE __DELAY_USW_LOOP
                 	.ENDM
                 
                 	.MACRO __GETD1S
                 	LDD  R30,Y+@0
                 	LDD  R31,Y+@0+1
                 	LDD  R22,Y+@0+2
                 	LDD  R23,Y+@0+3
                 	.ENDM
                 
                 	.MACRO __GETD2S
                 	LDD  R26,Y+@0
                 	LDD  R27,Y+@0+1
                 	LDD  R24,Y+@0+2
                 	LDD  R25,Y+@0+3
                 	.ENDM
                 
                 	.MACRO __PUTD1S
                 	STD  Y+@0,R30
                 	STD  Y+@0+1,R31
                 	STD  Y+@0+2,R22
                 	STD  Y+@0+3,R23
                 	.ENDM
                 
                 	.MACRO __PUTD2S
                 	STD  Y+@0,R26
                 	STD  Y+@0+1,R27
                 	STD  Y+@0+2,R24
                 	STD  Y+@0+3,R25
                 	.ENDM
                 
                 	.MACRO __PUTDZ2
                 	STD  Z+@0,R26
                 	STD  Z+@0+1,R27
                 	STD  Z+@0+2,R24
                 	STD  Z+@0+3,R25
                 	.ENDM
                 
                 	.MACRO __CLRD1S
                 	STD  Y+@0,R30
                 	STD  Y+@0+1,R30
                 	STD  Y+@0+2,R30
                 	STD  Y+@0+3,R30
                 	.ENDM
                 
                 	.MACRO __POINTB1MN
                 	LDI  R30,LOW(@0+(@1))
                 	.ENDM
                 
                 	.MACRO __POINTW1MN
                 	LDI  R30,LOW(@0+(@1))
                 	LDI  R31,HIGH(@0+(@1))
                 	.ENDM
                 
                 	.MACRO __POINTD1M
                 	LDI  R30,LOW(@0)
                 	LDI  R31,HIGH(@0)
                 	LDI  R22,BYTE3(@0)
                 	LDI  R23,BYTE4(@0)
                 	.ENDM
                 
                 	.MACRO __POINTW1FN
                 	LDI  R30,LOW(2*@0+(@1))
                 	LDI  R31,HIGH(2*@0+(@1))
                 	.ENDM
                 
                 	.MACRO __POINTD1FN
                 	LDI  R30,LOW(2*@0+(@1))
                 	LDI  R31,HIGH(2*@0+(@1))
                 	LDI  R22,BYTE3(2*@0+(@1))
                 	LDI  R23,BYTE4(2*@0+(@1))
                 	.ENDM
                 
                 	.MACRO __POINTB2MN
                 	LDI  R26,LOW(@0+(@1))
                 	.ENDM
                 
                 	.MACRO __POINTW2MN
                 	LDI  R26,LOW(@0+(@1))
                 	LDI  R27,HIGH(@0+(@1))
                 	.ENDM
                 
                 	.MACRO __POINTD2M
                 	LDI  R26,LOW(@0)
                 	LDI  R27,HIGH(@0)
                 	LDI  R24,BYTE3(@0)
                 	LDI  R25,BYTE4(@0)
                 	.ENDM
                 
                 	.MACRO __POINTW2FN
                 	LDI  R26,LOW(2*@0+(@1))
                 	LDI  R27,HIGH(2*@0+(@1))
                 	.ENDM
                 
                 	.MACRO __POINTD2FN
                 	LDI  R26,LOW(2*@0+(@1))
                 	LDI  R27,HIGH(2*@0+(@1))
                 	LDI  R24,BYTE3(2*@0+(@1))
                 	LDI  R25,BYTE4(2*@0+(@1))
                 	.ENDM
                 
                 	.MACRO __POINTBRM
                 	LDI  R@0,LOW(@1)
                 	.ENDM
                 
                 	.MACRO __POINTWRM
                 	LDI  R@0,LOW(@2)
                 	LDI  R@1,HIGH(@2)
                 	.ENDM
                 
                 	.MACRO __POINTBRMN
                 	LDI  R@0,LOW(@1+(@2))
                 	.ENDM
                 
                 	.MACRO __POINTWRMN
                 	LDI  R@0,LOW(@2+(@3))
                 	LDI  R@1,HIGH(@2+(@3))
                 	.ENDM
                 
                 	.MACRO __POINTWRFN
                 	LDI  R@0,LOW(@2*2+(@3))
                 	LDI  R@1,HIGH(@2*2+(@3))
                 	.ENDM
                 
                 	.MACRO __GETD1N
                 	LDI  R30,LOW(@0)
                 	LDI  R31,HIGH(@0)
                 	LDI  R22,BYTE3(@0)
                 	LDI  R23,BYTE4(@0)
                 	.ENDM
                 
                 	.MACRO __GETD2N
                 	LDI  R26,LOW(@0)
                 	LDI  R27,HIGH(@0)
                 	LDI  R24,BYTE3(@0)
                 	LDI  R25,BYTE4(@0)
                 	.ENDM
                 
                 	.MACRO __GETB1MN
                 	LDS  R30,@0+(@1)
                 	.ENDM
                 
                 	.MACRO __GETB1HMN
                 	LDS  R31,@0+(@1)
                 	.ENDM
                 
                 	.MACRO __GETW1MN
                 	LDS  R30,@0+(@1)
                 	LDS  R31,@0+(@1)+1
                 	.ENDM
                 
                 	.MACRO __GETD1MN
                 	LDS  R30,@0+(@1)
                 	LDS  R31,@0+(@1)+1
                 	LDS  R22,@0+(@1)+2
                 	LDS  R23,@0+(@1)+3
                 	.ENDM
                 
                 	.MACRO __GETBRMN
                 	LDS  R@0,@1+(@2)
                 	.ENDM
                 
                 	.MACRO __GETWRMN
                 	LDS  R@0,@2+(@3)
                 	LDS  R@1,@2+(@3)+1
                 	.ENDM
                 
                 	.MACRO __GETWRZ
                 	LDD  R@0,Z+@2
                 	LDD  R@1,Z+@2+1
                 	.ENDM
                 
                 	.MACRO __GETD2Z
                 	LDD  R26,Z+@0
                 	LDD  R27,Z+@0+1
                 	LDD  R24,Z+@0+2
                 	LDD  R25,Z+@0+3
                 	.ENDM
                 
                 	.MACRO __GETB2MN
                 	LDS  R26,@0+(@1)
                 	.ENDM
                 
                 	.MACRO __GETW2MN
                 	LDS  R26,@0+(@1)
                 	LDS  R27,@0+(@1)+1
                 	.ENDM
                 
                 	.MACRO __GETD2MN
                 	LDS  R26,@0+(@1)
                 	LDS  R27,@0+(@1)+1
                 	LDS  R24,@0+(@1)+2
                 	LDS  R25,@0+(@1)+3
                 	.ENDM
                 
                 	.MACRO __PUTB1MN
                 	STS  @0+(@1),R30
                 	.ENDM
                 
                 	.MACRO __PUTW1MN
                 	STS  @0+(@1),R30
                 	STS  @0+(@1)+1,R31
                 	.ENDM
                 
                 	.MACRO __PUTD1MN
                 	STS  @0+(@1),R30
                 	STS  @0+(@1)+1,R31
                 	STS  @0+(@1)+2,R22
                 	STS  @0+(@1)+3,R23
                 	.ENDM
                 
                 	.MACRO __PUTB1EN
                 	LDI  R26,LOW(@0+(@1))
                 	LDI  R27,HIGH(@0+(@1))
                 	RCALL __EEPROMWRB
                 	.ENDM
                 
                 	.MACRO __PUTW1EN
                 	LDI  R26,LOW(@0+(@1))
                 	LDI  R27,HIGH(@0+(@1))
                 	RCALL __EEPROMWRW
                 	.ENDM
                 
                 	.MACRO __PUTD1EN
                 	LDI  R26,LOW(@0+(@1))
                 	LDI  R27,HIGH(@0+(@1))
                 	RCALL __EEPROMWRD
                 	.ENDM
                 
                 	.MACRO __PUTBR0MN
                 	STS  @0+(@1),R0
                 	.ENDM
                 
                 	.MACRO __PUTBMRN
                 	STS  @0+(@1),R@2
                 	.ENDM
                 
                 	.MACRO __PUTWMRN
                 	STS  @0+(@1),R@2
                 	STS  @0+(@1)+1,R@3
                 	.ENDM
                 
                 	.MACRO __PUTBZR
                 	STD  Z+@1,R@0
                 	.ENDM
                 
                 	.MACRO __PUTWZR
                 	STD  Z+@2,R@0
                 	STD  Z+@2+1,R@1
                 	.ENDM
                 
                 	.MACRO __GETW1R
                 	MOV  R30,R@0
                 	MOV  R31,R@1
                 	.ENDM
                 
                 	.MACRO __GETW2R
                 	MOV  R26,R@0
                 	MOV  R27,R@1
                 	.ENDM
                 
                 	.MACRO __GETWRN
                 	LDI  R@0,LOW(@2)
                 	LDI  R@1,HIGH(@2)
                 	.ENDM
                 
                 	.MACRO __PUTW1R
                 	MOV  R@0,R30
                 	MOV  R@1,R31
                 	.ENDM
                 
                 	.MACRO __PUTW2R
                 	MOV  R@0,R26
                 	MOV  R@1,R27
                 	.ENDM
                 
                 	.MACRO __ADDWRN
                 	SUBI R@0,LOW(-@2)
                 	SBCI R@1,HIGH(-@2)
                 	.ENDM
                 
                 	.MACRO __ADDWRR
                 	ADD  R@0,R@2
                 	ADC  R@1,R@3
                 	.ENDM
                 
                 	.MACRO __SUBWRN
                 	SUBI R@0,LOW(@2)
                 	SBCI R@1,HIGH(@2)
                 	.ENDM
                 
                 	.MACRO __SUBWRR
                 	SUB  R@0,R@2
                 	SBC  R@1,R@3
                 	.ENDM
                 
                 	.MACRO __ANDWRN
                 	ANDI R@0,LOW(@2)
                 	ANDI R@1,HIGH(@2)
                 	.ENDM
                 
                 	.MACRO __ANDWRR
                 	AND  R@0,R@2
                 	AND  R@1,R@3
                 	.ENDM
                 
                 	.MACRO __ORWRN
                 	ORI  R@0,LOW(@2)
                 	ORI  R@1,HIGH(@2)
                 	.ENDM
                 
                 	.MACRO __ORWRR
                 	OR   R@0,R@2
                 	OR   R@1,R@3
                 	.ENDM
                 
                 	.MACRO __EORWRR
                 	EOR  R@0,R@2
                 	EOR  R@1,R@3
                 	.ENDM
                 
                 	.MACRO __GETWRS
                 	LDD  R@0,Y+@2
                 	LDD  R@1,Y+@2+1
                 	.ENDM
                 
                 	.MACRO __PUTBSR
                 	STD  Y+@1,R@0
                 	.ENDM
                 
                 	.MACRO __PUTWSR
                 	STD  Y+@2,R@0
                 	STD  Y+@2+1,R@1
                 	.ENDM
                 
                 	.MACRO __MOVEWRR
                 	MOV  R@0,R@2
                 	MOV  R@1,R@3
                 	.ENDM
                 
                 	.MACRO __INWR
                 	IN   R@0,@2
                 	IN   R@1,@2+1
                 	.ENDM
                 
                 	.MACRO __OUTWR
                 	OUT  @2+1,R@1
                 	OUT  @2,R@0
                 	.ENDM
                 
                 	.MACRO __CALL1MN
                 	LDS  R30,@0+(@1)
                 	LDS  R31,@0+(@1)+1
                 	ICALL
                 	.ENDM
                 
                 	.MACRO __CALL1FN
                 	LDI  R30,LOW(2*@0+(@1))
                 	LDI  R31,HIGH(2*@0+(@1))
                 	RCALL __GETW1PF
                 	ICALL
                 	.ENDM
                 
                 	.MACRO __CALL2EN
                 	PUSH R26
                 	PUSH R27
                 	LDI  R26,LOW(@0+(@1))
                 	LDI  R27,HIGH(@0+(@1))
                 	RCALL __EEPROMRDW
                 	POP  R27
                 	POP  R26
                 	ICALL
                 	.ENDM
                 
                 	.MACRO __CALL2EX
                 	SUBI R26,LOW(-@0)
                 	SBCI R27,HIGH(-@0)
                 	RCALL __EEPROMRDD
                 	ICALL
                 	.ENDM
                 
                 	.MACRO __GETW1STACK
                 	IN   R30,SPL
                 	IN   R31,SPH
                 	ADIW R30,@0+1
                 	LD   R0,Z+
                 	LD   R31,Z
                 	MOV  R30,R0
                 	.ENDM
                 
                 	.MACRO __GETD1STACK
                 	IN   R30,SPL
                 	IN   R31,SPH
                 	ADIW R30,@0+1
                 	LD   R0,Z+
                 	LD   R1,Z+
                 	LD   R22,Z
                 	MOVW R30,R0
                 	.ENDM
                 
                 	.MACRO __NBST
                 	BST  R@0,@1
                 	IN   R30,SREG
                 	LDI  R31,0x40
                 	EOR  R30,R31
                 	OUT  SREG,R30
                 	.ENDM
                 
                 
                 	.MACRO __PUTB1SN
                 	LDD  R26,Y+@0
                 	LDD  R27,Y+@0+1
                 	SUBI R26,LOW(-@1)
                 	SBCI R27,HIGH(-@1)
                 	ST   X,R30
                 	.ENDM
                 
                 	.MACRO __PUTW1SN
                 	LDD  R26,Y+@0
                 	LDD  R27,Y+@0+1
                 	SUBI R26,LOW(-@1)
                 	SBCI R27,HIGH(-@1)
                 	ST   X+,R30
                 	ST   X,R31
                 	.ENDM
                 
                 	.MACRO __PUTD1SN
                 	LDD  R26,Y+@0
                 	LDD  R27,Y+@0+1
                 	SUBI R26,LOW(-@1)
                 	SBCI R27,HIGH(-@1)
                 	RCALL __PUTDP1
                 	.ENDM
                 
                 	.MACRO __PUTB1SNS
                 	LDD  R26,Y+@0
                 	LDD  R27,Y+@0+1
                 	ADIW R26,@1
                 	ST   X,R30
                 	.ENDM
                 
                 	.MACRO __PUTW1SNS
                 	LDD  R26,Y+@0
                 	LDD  R27,Y+@0+1
                 	ADIW R26,@1
                 	ST   X+,R30
                 	ST   X,R31
                 	.ENDM
                 
                 	.MACRO __PUTD1SNS
                 	LDD  R26,Y+@0
                 	LDD  R27,Y+@0+1
                 	ADIW R26,@1
                 	RCALL __PUTDP1
                 	.ENDM
                 
                 	.MACRO __PUTB1PMN
                 	LDS  R26,@0
                 	LDS  R27,@0+1
                 	SUBI R26,LOW(-@1)
                 	SBCI R27,HIGH(-@1)
                 	ST   X,R30
                 	.ENDM
                 
                 	.MACRO __PUTW1PMN
                 	LDS  R26,@0
                 	LDS  R27,@0+1
                 	SUBI R26,LOW(-@1)
                 	SBCI R27,HIGH(-@1)
                 	ST   X+,R30
                 	ST   X,R31
                 	.ENDM
                 
                 	.MACRO __PUTD1PMN
                 	LDS  R26,@0
                 	LDS  R27,@0+1
                 	SUBI R26,LOW(-@1)
                 	SBCI R27,HIGH(-@1)
                 	RCALL __PUTDP1
                 	.ENDM
                 
                 	.MACRO __PUTB1PMNS
                 	LDS  R26,@0
                 	LDS  R27,@0+1
                 	ADIW R26,@1
                 	ST   X,R30
                 	.ENDM
                 
                 	.MACRO __PUTW1PMNS
                 	LDS  R26,@0
                 	LDS  R27,@0+1
                 	ADIW R26,@1
                 	ST   X+,R30
                 	ST   X,R31
                 	.ENDM
                 
                 	.MACRO __PUTD1PMNS
                 	LDS  R26,@0
                 	LDS  R27,@0+1
                 	ADIW R26,@1
                 	RCALL __PUTDP1
                 	.ENDM
                 
                 	.MACRO __PUTB1RN
                 	MOVW R26,R@0
                 	SUBI R26,LOW(-@1)
                 	SBCI R27,HIGH(-@1)
                 	ST   X,R30
                 	.ENDM
                 
                 	.MACRO __PUTW1RN
                 	MOVW R26,R@0
                 	SUBI R26,LOW(-@1)
                 	SBCI R27,HIGH(-@1)
                 	ST   X+,R30
                 	ST   X,R31
                 	.ENDM
                 
                 	.MACRO __PUTD1RN
                 	MOVW R26,R@0
                 	SUBI R26,LOW(-@1)
                 	SBCI R27,HIGH(-@1)
                 	RCALL __PUTDP1
                 	.ENDM
                 
                 	.MACRO __PUTB1RNS
                 	MOVW R26,R@0
                 	ADIW R26,@1
                 	ST   X,R30
                 	.ENDM
                 
                 	.MACRO __PUTW1RNS
                 	MOVW R26,R@0
                 	ADIW R26,@1
                 	ST   X+,R30
                 	ST   X,R31
                 	.ENDM
                 
                 	.MACRO __PUTD1RNS
                 	MOVW R26,R@0
                 	ADIW R26,@1
                 	RCALL __PUTDP1
                 	.ENDM
                 
                 	.MACRO __PUTB1RON
                 	MOV  R26,R@0
                 	MOV  R27,R@1
                 	SUBI R26,LOW(-@2)
                 	SBCI R27,HIGH(-@2)
                 	ST   X,R30
                 	.ENDM
                 
                 	.MACRO __PUTW1RON
                 	MOV  R26,R@0
                 	MOV  R27,R@1
                 	SUBI R26,LOW(-@2)
                 	SBCI R27,HIGH(-@2)
                 	ST   X+,R30
                 	ST   X,R31
                 	.ENDM
                 
                 	.MACRO __PUTD1RON
                 	MOV  R26,R@0
                 	MOV  R27,R@1
                 	SUBI R26,LOW(-@2)
                 	SBCI R27,HIGH(-@2)
                 	RCALL __PUTDP1
                 	.ENDM
                 
                 	.MACRO __PUTB1RONS
                 	MOV  R26,R@0
                 	MOV  R27,R@1
                 	ADIW R26,@2
                 	ST   X,R30
                 	.ENDM
                 
                 	.MACRO __PUTW1RONS
                 	MOV  R26,R@0
                 	MOV  R27,R@1
                 	ADIW R26,@2
                 	ST   X+,R30
                 	ST   X,R31
                 	.ENDM
                 
                 	.MACRO __PUTD1RONS
                 	MOV  R26,R@0
                 	MOV  R27,R@1
                 	ADIW R26,@2
                 	RCALL __PUTDP1
                 	.ENDM
                 
                 
                 	.MACRO __GETB1SX
                 	MOVW R30,R28
                 	SUBI R30,LOW(-@0)
                 	SBCI R31,HIGH(-@0)
                 	LD   R30,Z
                 	.ENDM
                 
                 	.MACRO __GETB1HSX
                 	MOVW R30,R28
                 	SUBI R30,LOW(-@0)
                 	SBCI R31,HIGH(-@0)
                 	LD   R31,Z
                 	.ENDM
                 
                 	.MACRO __GETW1SX
                 	MOVW R30,R28
                 	SUBI R30,LOW(-@0)
                 	SBCI R31,HIGH(-@0)
                 	LD   R0,Z+
                 	LD   R31,Z
                 	MOV  R30,R0
                 	.ENDM
                 
                 	.MACRO __GETD1SX
                 	MOVW R30,R28
                 	SUBI R30,LOW(-@0)
                 	SBCI R31,HIGH(-@0)
                 	LD   R0,Z+
                 	LD   R1,Z+
                 	LD   R22,Z+
                 	LD   R23,Z
                 	MOVW R30,R0
                 	.ENDM
                 
                 	.MACRO __GETB2SX
                 	MOVW R26,R28
                 	SUBI R26,LOW(-@0)
                 	SBCI R27,HIGH(-@0)
                 	LD   R26,X
                 	.ENDM
                 
                 	.MACRO __GETW2SX
                 	MOVW R26,R28
                 	SUBI R26,LOW(-@0)
                 	SBCI R27,HIGH(-@0)
                 	LD   R0,X+
                 	LD   R27,X
                 	MOV  R26,R0
                 	.ENDM
                 
                 	.MACRO __GETD2SX
                 	MOVW R26,R28
                 	SUBI R26,LOW(-@0)
                 	SBCI R27,HIGH(-@0)
                 	LD   R0,X+
                 	LD   R1,X+
                 	LD   R24,X+
                 	LD   R25,X
                 	MOVW R26,R0
                 	.ENDM
                 
                 	.MACRO __GETBRSX
                 	MOVW R30,R28
                 	SUBI R30,LOW(-@1)
                 	SBCI R31,HIGH(-@1)
                 	LD   R@0,Z
                 	.ENDM
                 
                 	.MACRO __GETWRSX
                 	MOVW R30,R28
                 	SUBI R30,LOW(-@2)
                 	SBCI R31,HIGH(-@2)
                 	LD   R@0,Z+
                 	LD   R@1,Z
                 	.ENDM
                 
                 	.MACRO __GETBRSX2
                 	MOVW R26,R28
                 	SUBI R26,LOW(-@1)
                 	SBCI R27,HIGH(-@1)
                 	LD   R@0,X
                 	.ENDM
                 
                 	.MACRO __GETWRSX2
                 	MOVW R26,R28
                 	SUBI R26,LOW(-@2)
                 	SBCI R27,HIGH(-@2)
                 	LD   R@0,X+
                 	LD   R@1,X
                 	.ENDM
                 
                 	.MACRO __LSLW8SX
                 	MOVW R30,R28
                 	SUBI R30,LOW(-@0)
                 	SBCI R31,HIGH(-@0)
                 	LD   R31,Z
                 	CLR  R30
                 	.ENDM
                 
                 	.MACRO __PUTB1SX
                 	MOVW R26,R28
                 	SUBI R26,LOW(-@0)
                 	SBCI R27,HIGH(-@0)
                 	ST   X,R30
                 	.ENDM
                 
                 	.MACRO __PUTW1SX
                 	MOVW R26,R28
                 	SUBI R26,LOW(-@0)
                 	SBCI R27,HIGH(-@0)
                 	ST   X+,R30
                 	ST   X,R31
                 	.ENDM
                 
                 	.MACRO __PUTD1SX
                 	MOVW R26,R28
                 	SUBI R26,LOW(-@0)
                 	SBCI R27,HIGH(-@0)
                 	ST   X+,R30
                 	ST   X+,R31
                 	ST   X+,R22
                 	ST   X,R23
                 	.ENDM
                 
                 	.MACRO __CLRW1SX
                 	MOVW R26,R28
                 	SUBI R26,LOW(-@0)
                 	SBCI R27,HIGH(-@0)
                 	ST   X+,R30
                 	ST   X,R30
                 	.ENDM
                 
                 	.MACRO __CLRD1SX
                 	MOVW R26,R28
                 	SUBI R26,LOW(-@0)
                 	SBCI R27,HIGH(-@0)
                 	ST   X+,R30
                 	ST   X+,R30
                 	ST   X+,R30
                 	ST   X,R30
                 	.ENDM
                 
                 	.MACRO __PUTB2SX
                 	MOVW R30,R28
                 	SUBI R30,LOW(-@0)
                 	SBCI R31,HIGH(-@0)
                 	ST   Z,R26
                 	.ENDM
                 
                 	.MACRO __PUTW2SX
                 	MOVW R30,R28
                 	SUBI R30,LOW(-@0)
                 	SBCI R31,HIGH(-@0)
                 	ST   Z+,R26
                 	ST   Z,R27
                 	.ENDM
                 
                 	.MACRO __PUTD2SX
                 	MOVW R30,R28
                 	SUBI R30,LOW(-@0)
                 	SBCI R31,HIGH(-@0)
                 	ST   Z+,R26
                 	ST   Z+,R27
                 	ST   Z+,R24
                 	ST   Z,R25
                 	.ENDM
                 
                 	.MACRO __PUTBSRX
                 	MOVW R30,R28
                 	SUBI R30,LOW(-@1)
                 	SBCI R31,HIGH(-@1)
                 	ST   Z,R@0
                 	.ENDM
                 
                 	.MACRO __PUTWSRX
                 	MOVW R30,R28
                 	SUBI R30,LOW(-@2)
                 	SBCI R31,HIGH(-@2)
                 	ST   Z+,R@0
                 	ST   Z,R@1
                 	.ENDM
                 
                 	.MACRO __PUTB1SNX
                 	MOVW R26,R28
                 	SUBI R26,LOW(-@0)
                 	SBCI R27,HIGH(-@0)
                 	LD   R0,X+
                 	LD   R27,X
                 	MOV  R26,R0
                 	SUBI R26,LOW(-@1)
                 	SBCI R27,HIGH(-@1)
                 	ST   X,R30
                 	.ENDM
                 
                 	.MACRO __PUTW1SNX
                 	MOVW R26,R28
                 	SUBI R26,LOW(-@0)
                 	SBCI R27,HIGH(-@0)
                 	LD   R0,X+
                 	LD   R27,X
                 	MOV  R26,R0
                 	SUBI R26,LOW(-@1)
                 	SBCI R27,HIGH(-@1)
                 	ST   X+,R30
                 	ST   X,R31
                 	.ENDM
                 
                 	.MACRO __PUTD1SNX
                 	MOVW R26,R28
                 	SUBI R26,LOW(-@0)
                 	SBCI R27,HIGH(-@0)
                 	LD   R0,X+
                 	LD   R27,X
                 	MOV  R26,R0
                 	SUBI R26,LOW(-@1)
                 	SBCI R27,HIGH(-@1)
                 	ST   X+,R30
                 	ST   X+,R31
                 	ST   X+,R22
                 	ST   X,R23
                 	.ENDM
                 
                 	.MACRO __MULBRR
                 	MULS R@0,R@1
                 	MOVW R30,R0
                 	.ENDM
                 
                 	.MACRO __MULBRRU
                 	MUL  R@0,R@1
                 	MOVW R30,R0
                 	.ENDM
                 
                 	.MACRO __MULBRR0
                 	MULS R@0,R@1
                 	.ENDM
                 
                 	.MACRO __MULBRRU0
                 	MUL  R@0,R@1
                 	.ENDM
                 
                 	.MACRO __MULBNWRU
                 	LDI  R26,@2
                 	MUL  R26,R@0
                 	MOVW R30,R0
                 	MUL  R26,R@1
                 	ADD  R31,R0
                 	.ENDM
                 
                 ;NAME DEFINITIONS FOR GLOBAL VARIABLES ALLOCATED TO REGISTERS
                 	.DEF _contador=R4
                 	.DEF _contador_msb=R5
                 
                 	.CSEG
                 	.ORG 0x00
                 
                 ;START OF CODE MARKER
                 __START_OF_CODE:
                 
                 ;INTERRUPT VECTORS
000000 c01d      	RJMP __RESET
000001 cffe      	RJMP 0x00
000002 cffd      	RJMP 0x00
000003 cffc      	RJMP 0x00
000004 cffb      	RJMP 0x00
000005 cffa      	RJMP 0x00
000006 cff9      	RJMP 0x00
000007 cff8      	RJMP 0x00
000008 cff7      	RJMP 0x00
000009 cff6      	RJMP 0x00
00000a cff5      	RJMP 0x00
00000b cff4      	RJMP 0x00
00000c cff3      	RJMP 0x00
00000d cff2      	RJMP 0x00
00000e cff1      	RJMP 0x00
00000f cff0      	RJMP 0x00
000010 cfef      	RJMP 0x00
000011 cfee      	RJMP 0x00
000012 cfed      	RJMP 0x00
000013 cfec      	RJMP 0x00
000014 cfeb      	RJMP 0x00
                 
                 ;REGISTER BIT VARIABLES INITIALIZATION
                 __REG_BIT_VARS:
000015 0000      	.DW  0x0000
                 
                 ;GLOBAL REGISTER VARIABLES INITIALIZATION
                 __REG_VARS:
000016 0000      	.DB  0x0,0x0
                 
                 
                 __GLOBAL_INI_TBL:
000017 0001      	.DW  0x01
000018 0002      	.DW  0x02
000019 002a      	.DW  __REG_BIT_VARS*2
                 
00001a 0002      	.DW  0x02
00001b 0004      	.DW  0x04
00001c 002c      	.DW  __REG_VARS*2
                 
                 _0xFFFFFFFF:
00001d 0000      	.DW  0
                 
                 #define __GLOBAL_INI_TBL_PRESENT 1
                 
                 __RESET:
00001e 94f8      	CLI
00001f 27ee      	CLR  R30
000020 bbec      	OUT  EECR,R30
                 
                 ;INTERRUPT VECTORS ARE PLACED
                 ;AT THE START OF FLASH
000021 e0f1      	LDI  R31,1
000022 bffb      	OUT  GICR,R31
000023 bfeb      	OUT  GICR,R30
000024 bfe5      	OUT  MCUCR,R30
                 
                 ;CLEAR R2-R14
000025 e08d      	LDI  R24,(14-2)+1
000026 e0a2      	LDI  R26,2
000027 27bb      	CLR  R27
                 __CLEAR_REG:
000028 93ed      	ST   X+,R30
000029 958a      	DEC  R24
00002a f7e9      	BRNE __CLEAR_REG
                 
                 ;CLEAR SRAM
00002b e080      	LDI  R24,LOW(__CLEAR_SRAM_SIZE)
00002c e092      	LDI  R25,HIGH(__CLEAR_SRAM_SIZE)
00002d e6a0      	LDI  R26,__SRAM_START
                 __CLEAR_SRAM:
00002e 93ed      	ST   X+,R30
00002f 9701      	SBIW R24,1
000030 f7e9      	BRNE __CLEAR_SRAM
                 
                 ;GLOBAL VARIABLES INITIALIZATION
000031 e2ee      	LDI  R30,LOW(__GLOBAL_INI_TBL*2)
000032 e0f0      	LDI  R31,HIGH(__GLOBAL_INI_TBL*2)
                 __GLOBAL_INI_NEXT:
000033 9185      	LPM  R24,Z+
000034 9195      	LPM  R25,Z+
000035 9700      	SBIW R24,0
000036 f061      	BREQ __GLOBAL_INI_END
000037 91a5      	LPM  R26,Z+
000038 91b5      	LPM  R27,Z+
000039 9005      	LPM  R0,Z+
00003a 9015      	LPM  R1,Z+
00003b 01bf      	MOVW R22,R30
00003c 01f0      	MOVW R30,R0
                 __GLOBAL_INI_LOOP:
00003d 9005      	LPM  R0,Z+
00003e 920d      	ST   X+,R0
00003f 9701      	SBIW R24,1
000040 f7e1      	BRNE __GLOBAL_INI_LOOP
000041 01fb      	MOVW R30,R22
000042 cff0      	RJMP __GLOBAL_INI_NEXT
                 __GLOBAL_INI_END:
                 
                 ;HARDWARE STACK POINTER INITIALIZATION
000043 e5ef      	LDI  R30,LOW(__SRAM_END-__HEAP_SIZE)
000044 bfed      	OUT  SPL,R30
000045 e0e2      	LDI  R30,HIGH(__SRAM_END-__HEAP_SIZE)
000046 bfee      	OUT  SPH,R30
                 
                 ;DATA STACK POINTER INITIALIZATION
000047 eec0      	LDI  R28,LOW(__SRAM_START+__DSTACK_SIZE)
000048 e0d0      	LDI  R29,HIGH(__SRAM_START+__DSTACK_SIZE)
                 
000049 c000      	RJMP _main
                 
                 	.ESEG
                 	.ORG 0x00
                 
                 	.DSEG
                 	.ORG 0xE0
                 
                 	.CSEG
                 ;/*******************************************************
                 ;This program was created by the CodeWizardAVR V3.34
                 ;Automatic Program Generator
                 ;© Copyright 1998-2018 Pavel Haiduc, HP InfoTech s.r.l.
                 ;http://www.hpinfotech.com
                 ;
                 ;Project :
                 ;Version :
                 ;Date    : 26/02/2019
                 ;Author  :
                 ;Company :
                 ;Comments:
                 ;
                 ;
                 ;Chip type               : ATmega8535L
                 ;Program type            : Application
                 ;AVR Core Clock frequency: 1.000000 MHz
                 ;Memory model            : Small
                 ;External RAM size       : 0
                 ;Data Stack size         : 128
                 ;*******************************************************/
                 ;
                 ;#include <mega8535.h>
                 	#ifndef __SLEEP_DEFINED__
                 	#define __SLEEP_DEFINED__
                 	.EQU __se_bit=0x40
                 	.EQU __sm_mask=0xB0
                 	.EQU __sm_powerdown=0x20
                 	.EQU __sm_powersave=0x30
                 	.EQU __sm_standby=0xA0
                 	.EQU __sm_ext_standby=0xB0
                 	.EQU __sm_adc_noise_red=0x10
                 	.SET power_ctrl_reg=mcucr
                 	#endif
                 ;#include <delay.h>
                 ;#define boton PINB.0
                 ;bit botonp;
                 ;bit botona;
                 ;unsigned int contador = 0;
                 ;unsigned long contador_reset = 0;
                 ;bit down_flag;
                 ;
                 ;unsigned long contador_0 = 0;
                 ;bit flag_contador_0 = 0;
                 ;
                 ;unsigned long contador_1 = 0;
                 ;bit flag_contador_1 = 0;
                 ;
                 ;unsigned long contador_2 = 0;
                 ;bit flag_contador_2 = 0;
                 ;
                 ;unsigned long contador_3 = 0;
                 ;bit flag_contador_3 = 0;
                 ;
                 ;
                 ;// Declare your global variables here
                 ;
                 ;void main(void)
                 ; 0000 0030 {
                 
                 	.CSEG
                 _main:
                 ; .FSTART _main
                 ; 0000 0031 // Declare your local variables here
                 ; 0000 0032 
                 ; 0000 0033 // Input/Output Ports initialization
                 ; 0000 0034 // Port A initialization
                 ; 0000 0035 // Function: Bit7=Out Bit6=Out Bit5=Out Bit4=Out Bit3=Out Bit2=Out Bit1=Out Bit0=Out
                 ; 0000 0036 DDRA=(1<<DDA7) | (1<<DDA6) | (1<<DDA5) | (1<<DDA4) | (1<<DDA3) | (1<<DDA2) | (1<<DDA1) | (1<<DDA0);
00004a efef      	LDI  R30,LOW(255)
00004b bbea      	OUT  0x1A,R30
                 ; 0000 0037 // State: Bit7=0 Bit6=0 Bit5=0 Bit4=0 Bit3=0 Bit2=0 Bit1=0 Bit0=0
                 ; 0000 0038 PORTA=(0<<PORTA7) | (0<<PORTA6) | (0<<PORTA5) | (0<<PORTA4) | (0<<PORTA3) | (0<<PORTA2) | (0<<PORTA1) | (0<<PORTA0);
00004c e0e0      	LDI  R30,LOW(0)
00004d bbeb      	OUT  0x1B,R30
                 ; 0000 0039 
                 ; 0000 003A // Port B initialization
                 ; 0000 003B // Function: Bit7=In Bit6=In Bit5=In Bit4=In Bit3=In Bit2=In Bit1=In Bit0=In
                 ; 0000 003C DDRB=(0<<DDB7) | (0<<DDB6) | (0<<DDB5) | (0<<DDB4) | (0<<DDB3) | (0<<DDB2) | (0<<DDB1) | (0<<DDB0);
00004e bbe7      	OUT  0x17,R30
                 ; 0000 003D // State: Bit7=T Bit6=T Bit5=T Bit4=T Bit3=T Bit2=T Bit1=T Bit0=T
                 ; 0000 003E PORTB=(0<<PORTB7) | (0<<PORTB6) | (0<<PORTB5) | (0<<PORTB4) | (0<<PORTB3) | (0<<PORTB2) | (0<<PORTB1) | (0<<PORTB0);
00004f bbe8      	OUT  0x18,R30
                 ; 0000 003F 
                 ; 0000 0040 // Port C initialization
                 ; 0000 0041 // Function: Bit7=In Bit6=In Bit5=In Bit4=In Bit3=In Bit2=In Bit1=In Bit0=In
                 ; 0000 0042 DDRC=(0<<DDC7) | (0<<DDC6) | (0<<DDC5) | (0<<DDC4) | (0<<DDC3) | (0<<DDC2) | (0<<DDC1) | (0<<DDC0);
000050 bbe4      	OUT  0x14,R30
                 ; 0000 0043 // State: Bit7=T Bit6=T Bit5=T Bit4=T Bit3=T Bit2=T Bit1=T Bit0=T
                 ; 0000 0044 PORTC=(0<<PORTC7) | (0<<PORTC6) | (0<<PORTC5) | (0<<PORTC4) | (0<<PORTC3) | (0<<PORTC2) | (0<<PORTC1) | (0<<PORTC0);
000051 bbe5      	OUT  0x15,R30
                 ; 0000 0045 
                 ; 0000 0046 // Port D initialization
                 ; 0000 0047 // Function: Bit7=In Bit6=In Bit5=In Bit4=In Bit3=In Bit2=In Bit1=In Bit0=In
                 ; 0000 0048 DDRD=(0<<DDD7) | (0<<DDD6) | (0<<DDD5) | (0<<DDD4) | (0<<DDD3) | (0<<DDD2) | (0<<DDD1) | (0<<DDD0);
000052 bbe1      	OUT  0x11,R30
                 ; 0000 0049 // State: Bit7=T Bit6=T Bit5=T Bit4=T Bit3=T Bit2=T Bit1=T Bit0=T
                 ; 0000 004A PORTD=(0<<PORTD7) | (0<<PORTD6) | (0<<PORTD5) | (0<<PORTD4) | (0<<PORTD3) | (0<<PORTD2) | (0<<PORTD1) | (0<<PORTD0);
000053 bbe2      	OUT  0x12,R30
                 ; 0000 004B 
                 ; 0000 004C // Timer/Counter 0 initialization
                 ; 0000 004D // Clock source: System Clock
                 ; 0000 004E // Clock value: Timer 0 Stopped
                 ; 0000 004F // Mode: Normal top=0xFF
                 ; 0000 0050 // OC0 output: Disconnected
                 ; 0000 0051 TCCR0=(0<<WGM00) | (0<<COM01) | (0<<COM00) | (0<<WGM01) | (0<<CS02) | (0<<CS01) | (0<<CS00);
000054 bfe3      	OUT  0x33,R30
                 ; 0000 0052 TCNT0=0x00;
000055 bfe2      	OUT  0x32,R30
                 ; 0000 0053 OCR0=0x00;
000056 bfec      	OUT  0x3C,R30
                 ; 0000 0054 
                 ; 0000 0055 // Timer/Counter 1 initialization
                 ; 0000 0056 // Clock source: System Clock
                 ; 0000 0057 // Clock value: Timer1 Stopped
                 ; 0000 0058 // Mode: Normal top=0xFFFF
                 ; 0000 0059 // OC1A output: Disconnected
                 ; 0000 005A // OC1B output: Disconnected
                 ; 0000 005B // Noise Canceler: Off
                 ; 0000 005C // Input Capture on Falling Edge
                 ; 0000 005D // Timer1 Overflow Interrupt: Off
                 ; 0000 005E // Input Capture Interrupt: Off
                 ; 0000 005F // Compare A Match Interrupt: Off
                 ; 0000 0060 // Compare B Match Interrupt: Off
                 ; 0000 0061 TCCR1A=(0<<COM1A1) | (0<<COM1A0) | (0<<COM1B1) | (0<<COM1B0) | (0<<WGM11) | (0<<WGM10);
000057 bdef      	OUT  0x2F,R30
                 ; 0000 0062 TCCR1B=(0<<ICNC1) | (0<<ICES1) | (0<<WGM13) | (0<<WGM12) | (0<<CS12) | (0<<CS11) | (0<<CS10);
000058 bdee      	OUT  0x2E,R30
                 ; 0000 0063 TCNT1H=0x00;
000059 bded      	OUT  0x2D,R30
                 ; 0000 0064 TCNT1L=0x00;
00005a bdec      	OUT  0x2C,R30
                 ; 0000 0065 ICR1H=0x00;
00005b bde7      	OUT  0x27,R30
                 ; 0000 0066 ICR1L=0x00;
00005c bde6      	OUT  0x26,R30
                 ; 0000 0067 OCR1AH=0x00;
00005d bdeb      	OUT  0x2B,R30
                 ; 0000 0068 OCR1AL=0x00;
00005e bdea      	OUT  0x2A,R30
                 ; 0000 0069 OCR1BH=0x00;
00005f bde9      	OUT  0x29,R30
                 ; 0000 006A OCR1BL=0x00;
000060 bde8      	OUT  0x28,R30
                 ; 0000 006B 
                 ; 0000 006C // Timer/Counter 2 initialization
                 ; 0000 006D // Clock source: System Clock
                 ; 0000 006E // Clock value: Timer2 Stopped
                 ; 0000 006F // Mode: Normal top=0xFF
                 ; 0000 0070 // OC2 output: Disconnected
                 ; 0000 0071 ASSR=0<<AS2;
000061 bde2      	OUT  0x22,R30
                 ; 0000 0072 TCCR2=(0<<WGM20) | (0<<COM21) | (0<<COM20) | (0<<WGM21) | (0<<CS22) | (0<<CS21) | (0<<CS20);
000062 bde5      	OUT  0x25,R30
                 ; 0000 0073 TCNT2=0x00;
000063 bde4      	OUT  0x24,R30
                 ; 0000 0074 OCR2=0x00;
000064 bde3      	OUT  0x23,R30
                 ; 0000 0075 
                 ; 0000 0076 // Timer(s)/Counter(s) Interrupt(s) initialization
                 ; 0000 0077 TIMSK=(0<<OCIE2) | (0<<TOIE2) | (0<<TICIE1) | (0<<OCIE1A) | (0<<OCIE1B) | (0<<TOIE1) | (0<<OCIE0) | (0<<TOIE0);
000065 bfe9      	OUT  0x39,R30
                 ; 0000 0078 
                 ; 0000 0079 // External Interrupt(s) initialization
                 ; 0000 007A // INT0: Off
                 ; 0000 007B // INT1: Off
                 ; 0000 007C // INT2: Off
                 ; 0000 007D MCUCR=(0<<ISC11) | (0<<ISC10) | (0<<ISC01) | (0<<ISC00);
000066 bfe5      	OUT  0x35,R30
                 ; 0000 007E MCUCSR=(0<<ISC2);
000067 bfe4      	OUT  0x34,R30
                 ; 0000 007F 
                 ; 0000 0080 // USART initialization
                 ; 0000 0081 // USART disabled
                 ; 0000 0082 UCSRB=(0<<RXCIE) | (0<<TXCIE) | (0<<UDRIE) | (0<<RXEN) | (0<<TXEN) | (0<<UCSZ2) | (0<<RXB8) | (0<<TXB8);
000068 b9ea      	OUT  0xA,R30
                 ; 0000 0083 
                 ; 0000 0084 // Analog Comparator initialization
                 ; 0000 0085 // Analog Comparator: Off
                 ; 0000 0086 // The Analog Comparator's positive input is
                 ; 0000 0087 // connected to the AIN0 pin
                 ; 0000 0088 // The Analog Comparator's negative input is
                 ; 0000 0089 // connected to the AIN1 pin
                 ; 0000 008A ACSR=(1<<ACD) | (0<<ACBG) | (0<<ACO) | (0<<ACI) | (0<<ACIE) | (0<<ACIC) | (0<<ACIS1) | (0<<ACIS0);
000069 e8e0      	LDI  R30,LOW(128)
00006a b9e8      	OUT  0x8,R30
                 ; 0000 008B SFIOR=(0<<ACME);
00006b e0e0      	LDI  R30,LOW(0)
00006c bfe0      	OUT  0x30,R30
                 ; 0000 008C 
                 ; 0000 008D // ADC initialization
                 ; 0000 008E // ADC disabled
                 ; 0000 008F ADCSRA=(0<<ADEN) | (0<<ADSC) | (0<<ADATE) | (0<<ADIF) | (0<<ADIE) | (0<<ADPS2) | (0<<ADPS1) | (0<<ADPS0);
00006d b9e6      	OUT  0x6,R30
                 ; 0000 0090 
                 ; 0000 0091 // SPI initialization
                 ; 0000 0092 // SPI disabled
                 ; 0000 0093 SPCR=(0<<SPIE) | (0<<SPE) | (0<<DORD) | (0<<MSTR) | (0<<CPOL) | (0<<CPHA) | (0<<SPR1) | (0<<SPR0);
00006e b9ed      	OUT  0xD,R30
                 ; 0000 0094 
                 ; 0000 0095 // TWI initialization
                 ; 0000 0096 // TWI disabled
                 ; 0000 0097 TWCR=(0<<TWEA) | (0<<TWSTA) | (0<<TWSTO) | (0<<TWEN) | (0<<TWIE);
00006f bfe6      	OUT  0x36,R30
                 ; 0000 0098 
                 ; 0000 0099 while (1)
                 _0x3:
                 ; 0000 009A       {
                 ; 0000 009B          if (boton == 0){
000070 99b0      	SBIC 0x16,0
000071 c002      	RJMP _0x6
                 ; 0000 009C             botona = 0;
000072 94e8      	CLT
000073 c001      	RJMP _0x65
                 ; 0000 009D          } else {
                 _0x6:
                 ; 0000 009E             botona = 1;
000074 9468      	SET
                 _0x65:
000075 f821      	BLD  R2,1
                 ; 0000 009F          }
                 ; 0000 00A0           //Cambio de flanco de 1 a 0 para el boton
                 ; 0000 00A1           if ((botonp==1)&&(botona==0)){
000076 fe20      	SBRS R2,0
000077 c002      	RJMP _0x9
000078 fe21      	SBRS R2,1
000079 c001      	RJMP _0xA
                 _0x9:
00007a c009      	RJMP _0x8
                 _0xA:
                 ; 0000 00A2              down_flag = 0;
00007b 94e8      	CLT
00007c f822      	BLD  R2,2
                 ; 0000 00A3              contador_reset = 0;
00007d d10a      	RCALL SUBOPT_0x0
                 ; 0000 00A4              contador++;
00007e 01f2      	MOVW R30,R4
00007f 9631      	ADIW R30,1
000080 012f      	MOVW R4,R30
                 ; 0000 00A5              delay_ms(40);
000081 e2a8      	LDI  R26,LOW(40)
000082 e0b0      	LDI  R27,0
000083 d164      	RCALL _delay_ms
                 ; 0000 00A6           }
                 ; 0000 00A7           //Cambio de flanco de 0 a 1   para el boton
                 ; 0000 00A8           if ((botonp==0)&&(botona==1)) {
                 _0x8:
000084 fc20      	SBRC R2,0
000085 c002      	RJMP _0xC
000086 fc21      	SBRC R2,1
000087 c001      	RJMP _0xD
                 _0xC:
000088 c005      	RJMP _0xB
                 _0xD:
                 ; 0000 00A9             down_flag = 1;
000089 9468      	SET
00008a f822      	BLD  R2,2
                 ; 0000 00AA             delay_ms(40);
00008b e2a8      	LDI  R26,LOW(40)
00008c e0b0      	LDI  R27,0
00008d d15a      	RCALL _delay_ms
                 ; 0000 00AB            }
                 ; 0000 00AC 
                 ; 0000 00AD 
                 ; 0000 00AE             if (down_flag == 1) {
                 _0xB:
00008e fe22      	SBRS R2,2
00008f c014      	RJMP _0xE
                 ; 0000 00AF                 if (contador_reset < 15000){
000090 91a0 00e0 	LDS  R26,_contador_reset
000092 91b0 00e1 	LDS  R27,_contador_reset+1
000094 9180 00e2 	LDS  R24,_contador_reset+2
000096 9190 00e3 	LDS  R25,_contador_reset+3
000098 d0f9      	RCALL SUBOPT_0x1
000099 f420      	BRSH _0xF
                 ; 0000 00B0                     contador_reset++;
00009a eea0      	LDI  R26,LOW(_contador_reset)
00009b e0b0      	LDI  R27,HIGH(_contador_reset)
00009c d0fd      	RCALL SUBOPT_0x2
                 ; 0000 00B1                 } else {
00009d c006      	RJMP _0x10
                 _0xF:
                 ; 0000 00B2                     contador_reset = 0;
00009e d0e9      	RCALL SUBOPT_0x0
                 ; 0000 00B3                     contador = 0;
00009f 2444      	CLR  R4
0000a0 2455      	CLR  R5
                 ; 0000 00B4                     down_flag = 0;
0000a1 94e8      	CLT
0000a2 f822      	BLD  R2,2
                 ; 0000 00B5 
                 ; 0000 00B6                     // Contadores
                 ; 0000 00B7                     flag_contador_0 = 0;
0000a3 d0fd      	RCALL SUBOPT_0x3
                 ; 0000 00B8                     contador_0 = 0;
                 ; 0000 00B9                 }
                 _0x10:
                 ; 0000 00BA             }
                 ; 0000 00BB 
                 ; 0000 00BC             if (contador == 0) {
                 _0xE:
0000a4 2c04      	MOV  R0,R4
0000a5 2805      	OR   R0,R5
0000a6 f431      	BRNE _0x11
                 ; 0000 00BD                 PORTA.0 = 0;
0000a7 98d8      	CBI  0x1B,0
                 ; 0000 00BE                 PORTA.1 = 0;
0000a8 98d9      	CBI  0x1B,1
                 ; 0000 00BF                 PORTA.2 = 0;
0000a9 98da      	CBI  0x1B,2
                 ; 0000 00C0                 PORTA.3 = 0;
0000aa 98db      	CBI  0x1B,3
                 ; 0000 00C1                 PORTA.4 = 0;
0000ab 98dc      	CBI  0x1B,4
                 ; 0000 00C2             } else if (contador == 1) {
0000ac c0d7      	RJMP _0x1C
                 _0x11:
0000ad e0e1      	LDI  R30,LOW(1)
0000ae e0f0      	LDI  R31,HIGH(1)
0000af 15e4      	CP   R30,R4
0000b0 05f5      	CPC  R31,R5
0000b1 f529      	BRNE _0x1D
                 ; 0000 00C3                 PORTA.0 = 1;
0000b2 9ad8      	SBI  0x1B,0
                 ; 0000 00C4                 PORTA.1 = 0;
0000b3 98d9      	CBI  0x1B,1
                 ; 0000 00C5                 PORTA.2 = 0;
0000b4 98da      	CBI  0x1B,2
                 ; 0000 00C6 
                 ; 0000 00C7                 if (flag_contador_0 == 0) {
0000b5 fc23      	SBRC R2,3
0000b6 c017      	RJMP _0x24
                 ; 0000 00C8                     if (contador_0 < 15000) {
0000b7 d0f5      	RCALL SUBOPT_0x4
0000b8 d0d9      	RCALL SUBOPT_0x1
0000b9 f428      	BRSH _0x25
                 ; 0000 00C9                         contador_0++;
0000ba eea4      	LDI  R26,LOW(_contador_0)
0000bb e0b0      	LDI  R27,HIGH(_contador_0)
0000bc d0dd      	RCALL SUBOPT_0x2
                 ; 0000 00CA                         PORTA.4 = 1;
0000bd 9adc      	SBI  0x1B,4
                 ; 0000 00CB                     } else {
0000be c00e      	RJMP _0x28
                 _0x25:
                 ; 0000 00CC                         flag_contador_0 = 1;
0000bf 9468      	SET
0000c0 f823      	BLD  R2,3
                 ; 0000 00CD                         contador_0 = 15000;
                +
0000c1 e9e8     +LDI R30 , LOW ( 0x3A98 )
0000c2 e3fa     +LDI R31 , HIGH ( 0x3A98 )
0000c3 e060     +LDI R22 , BYTE3 ( 0x3A98 )
0000c4 e070     +LDI R23 , BYTE4 ( 0x3A98 )
                 	__GETD1N 0x3A98
0000c5 93e0 00e4 	STS  _contador_0,R30
0000c7 93f0 00e5 	STS  _contador_0+1,R31
0000c9 9360 00e6 	STS  _contador_0+2,R22
0000cb 9370 00e7 	STS  _contador_0+3,R23
                 ; 0000 00CE                     }
                 _0x28:
                 ; 0000 00CF                 } else {
0000cd c008      	RJMP _0x29
                 _0x24:
                 ; 0000 00D0                    if (contador_0 > 0) {
0000ce d0de      	RCALL SUBOPT_0x4
0000cf d112      	RCALL __CPD02
0000d0 f420      	BRSH _0x2A
                 ; 0000 00D1                         contador_0--;
0000d1 eea4      	LDI  R26,LOW(_contador_0)
0000d2 e0b0      	LDI  R27,HIGH(_contador_0)
0000d3 d0e2      	RCALL SUBOPT_0x5
                 ; 0000 00D2                         PORTA.4 = 0;
                 ; 0000 00D3                     } else {
0000d4 c001      	RJMP _0x2D
                 _0x2A:
                 ; 0000 00D4                       flag_contador_0 = 0;
0000d5 d0cb      	RCALL SUBOPT_0x3
                 ; 0000 00D5                       contador_0 = 0;
                 ; 0000 00D6                     }
                 _0x2D:
                 ; 0000 00D7                 }
                 _0x29:
                 ; 0000 00D8 
                 ; 0000 00D9 
                 ; 0000 00DA             } else if (contador == 2) {
0000d6 c0ad      	RJMP _0x2E
                 _0x1D:
0000d7 e0e2      	LDI  R30,LOW(2)
0000d8 e0f0      	LDI  R31,HIGH(2)
0000d9 15e4      	CP   R30,R4
0000da 05f5      	CPC  R31,R5
0000db f5a9      	BRNE _0x2F
                 ; 0000 00DB                 PORTA.0 = 0;
0000dc 98d8      	CBI  0x1B,0
                 ; 0000 00DC                 PORTA.1 = 1;
0000dd 9ad9      	SBI  0x1B,1
                 ; 0000 00DD                 PORTA.2 = 0;
0000de 98da      	CBI  0x1B,2
                 ; 0000 00DE 
                 ; 0000 00DF                 if (flag_contador_1 == 0) {
0000df fc24      	SBRC R2,4
0000e0 c01d      	RJMP _0x36
                 ; 0000 00E0                     if (contador_1 < 7000) {
0000e1 d0db      	RCALL SUBOPT_0x6
                +
0000e2 35a8     +CPI R26 , LOW ( 0x1B58 )
0000e3 e1eb     +LDI R30 , HIGH ( 0x1B58 )
0000e4 07be     +CPC R27 , R30
0000e5 e0e0     +LDI R30 , BYTE3 ( 0x1B58 )
0000e6 078e     +CPC R24 , R30
0000e7 e0e0     +LDI R30 , BYTE4 ( 0x1B58 )
0000e8 079e     +CPC R25 , R30
                 	__CPD2N 0x1B58
0000e9 f428      	BRSH _0x37
                 ; 0000 00E1                         contador_1++;
0000ea eea8      	LDI  R26,LOW(_contador_1)
0000eb e0b0      	LDI  R27,HIGH(_contador_1)
0000ec d0ad      	RCALL SUBOPT_0x2
                 ; 0000 00E2                         PORTA.4 = 1;
0000ed 9adc      	SBI  0x1B,4
                 ; 0000 00E3                     } else {
0000ee c00e      	RJMP _0x3A
                 _0x37:
                 ; 0000 00E4                         flag_contador_1 = 1;
0000ef 9468      	SET
0000f0 f824      	BLD  R2,4
                 ; 0000 00E5                         contador_1 = 7000;
                +
0000f1 e5e8     +LDI R30 , LOW ( 0x1B58 )
0000f2 e1fb     +LDI R31 , HIGH ( 0x1B58 )
0000f3 e060     +LDI R22 , BYTE3 ( 0x1B58 )
0000f4 e070     +LDI R23 , BYTE4 ( 0x1B58 )
                 	__GETD1N 0x1B58
0000f5 93e0 00e8 	STS  _contador_1,R30
0000f7 93f0 00e9 	STS  _contador_1+1,R31
0000f9 9360 00ea 	STS  _contador_1+2,R22
0000fb 9370 00eb 	STS  _contador_1+3,R23
                 ; 0000 00E6                     }
                 _0x3A:
                 ; 0000 00E7                 } else {
0000fd c012      	RJMP _0x3B
                 _0x36:
                 ; 0000 00E8                    if (contador_1 > 0) {
0000fe d0be      	RCALL SUBOPT_0x6
0000ff d0e2      	RCALL __CPD02
000100 f420      	BRSH _0x3C
                 ; 0000 00E9                         contador_1--;
000101 eea8      	LDI  R26,LOW(_contador_1)
000102 e0b0      	LDI  R27,HIGH(_contador_1)
000103 d0b2      	RCALL SUBOPT_0x5
                 ; 0000 00EA                         PORTA.4 = 0;
                 ; 0000 00EB                     } else {
000104 c00b      	RJMP _0x3F
                 _0x3C:
                 ; 0000 00EC                       flag_contador_1 = 0;
000105 94e8      	CLT
000106 f824      	BLD  R2,4
                 ; 0000 00ED                       contador_1 = 0;
000107 e0e0      	LDI  R30,LOW(0)
000108 93e0 00e8 	STS  _contador_1,R30
00010a 93e0 00e9 	STS  _contador_1+1,R30
00010c 93e0 00ea 	STS  _contador_1+2,R30
00010e 93e0 00eb 	STS  _contador_1+3,R30
                 ; 0000 00EE                     }
                 _0x3F:
                 ; 0000 00EF                 }
                 _0x3B:
                 ; 0000 00F0             } else if (contador == 3) {
000110 c073      	RJMP _0x40
                 _0x2F:
000111 e0e3      	LDI  R30,LOW(3)
000112 e0f0      	LDI  R31,HIGH(3)
000113 15e4      	CP   R30,R4
000114 05f5      	CPC  R31,R5
000115 f5a9      	BRNE _0x41
                 ; 0000 00F1                 PORTA.0 = 1;
000116 9ad8      	SBI  0x1B,0
                 ; 0000 00F2                 PORTA.1 = 1;
000117 9ad9      	SBI  0x1B,1
                 ; 0000 00F3                 PORTA.2 = 0;
000118 98da      	CBI  0x1B,2
                 ; 0000 00F4 
                 ; 0000 00F5                 if (flag_contador_2 == 0) {
000119 fc25      	SBRC R2,5
00011a c01d      	RJMP _0x48
                 ; 0000 00F6                     if (contador_2 < 4000) {
00011b d0aa      	RCALL SUBOPT_0x7
                +
00011c 3aa0     +CPI R26 , LOW ( 0xFA0 )
00011d e0ef     +LDI R30 , HIGH ( 0xFA0 )
00011e 07be     +CPC R27 , R30
00011f e0e0     +LDI R30 , BYTE3 ( 0xFA0 )
000120 078e     +CPC R24 , R30
000121 e0e0     +LDI R30 , BYTE4 ( 0xFA0 )
000122 079e     +CPC R25 , R30
                 	__CPD2N 0xFA0
000123 f428      	BRSH _0x49
                 ; 0000 00F7                         contador_2++;
000124 eeac      	LDI  R26,LOW(_contador_2)
000125 e0b0      	LDI  R27,HIGH(_contador_2)
000126 d073      	RCALL SUBOPT_0x2
                 ; 0000 00F8                         PORTA.4 = 1;
000127 9adc      	SBI  0x1B,4
                 ; 0000 00F9                     } else {
000128 c00e      	RJMP _0x4C
                 _0x49:
                 ; 0000 00FA                         flag_contador_2 = 1;
000129 9468      	SET
00012a f825      	BLD  R2,5
                 ; 0000 00FB                         contador_2 = 4000;
                +
00012b eae0     +LDI R30 , LOW ( 0xFA0 )
00012c e0ff     +LDI R31 , HIGH ( 0xFA0 )
00012d e060     +LDI R22 , BYTE3 ( 0xFA0 )
00012e e070     +LDI R23 , BYTE4 ( 0xFA0 )
                 	__GETD1N 0xFA0
00012f 93e0 00ec 	STS  _contador_2,R30
000131 93f0 00ed 	STS  _contador_2+1,R31
000133 9360 00ee 	STS  _contador_2+2,R22
000135 9370 00ef 	STS  _contador_2+3,R23
                 ; 0000 00FC                     }
                 _0x4C:
                 ; 0000 00FD                 } else {
000137 c012      	RJMP _0x4D
                 _0x48:
                 ; 0000 00FE                    if (contador_2 > 0) {
000138 d08d      	RCALL SUBOPT_0x7
000139 d0a8      	RCALL __CPD02
00013a f420      	BRSH _0x4E
                 ; 0000 00FF                         contador_2--;
00013b eeac      	LDI  R26,LOW(_contador_2)
00013c e0b0      	LDI  R27,HIGH(_contador_2)
00013d d078      	RCALL SUBOPT_0x5
                 ; 0000 0100                         PORTA.4 = 0;
                 ; 0000 0101                     } else {
00013e c00b      	RJMP _0x51
                 _0x4E:
                 ; 0000 0102                       flag_contador_2 = 0;
00013f 94e8      	CLT
000140 f825      	BLD  R2,5
                 ; 0000 0103                       contador_2 = 0;
000141 e0e0      	LDI  R30,LOW(0)
000142 93e0 00ec 	STS  _contador_2,R30
000144 93e0 00ed 	STS  _contador_2+1,R30
000146 93e0 00ee 	STS  _contador_2+2,R30
000148 93e0 00ef 	STS  _contador_2+3,R30
                 ; 0000 0104                     }
                 _0x51:
                 ; 0000 0105                 }
                 _0x4D:
                 ; 0000 0106             } else if (contador >= 4) {
00014a c039      	RJMP _0x52
                 _0x41:
00014b e0e4      	LDI  R30,LOW(4)
00014c e0f0      	LDI  R31,HIGH(4)
00014d 164e      	CP   R4,R30
00014e 065f      	CPC  R5,R31
00014f f1a0      	BRLO _0x53
                 ; 0000 0107                 PORTA.0 = 0;
000150 98d8      	CBI  0x1B,0
                 ; 0000 0108                 PORTA.1 = 0;
000151 98d9      	CBI  0x1B,1
                 ; 0000 0109                 PORTA.2 = 1;
000152 9ada      	SBI  0x1B,2
                 ; 0000 010A 
                 ; 0000 010B                 if (flag_contador_3 == 0) {
000153 fc26      	SBRC R2,6
000154 c01d      	RJMP _0x5A
                 ; 0000 010C                     if (contador_3 < 500) {
000155 d079      	RCALL SUBOPT_0x8
                +
000156 3fa4     +CPI R26 , LOW ( 0x1F4 )
000157 e0e1     +LDI R30 , HIGH ( 0x1F4 )
000158 07be     +CPC R27 , R30
000159 e0e0     +LDI R30 , BYTE3 ( 0x1F4 )
00015a 078e     +CPC R24 , R30
00015b e0e0     +LDI R30 , BYTE4 ( 0x1F4 )
00015c 079e     +CPC R25 , R30
                 	__CPD2N 0x1F4
00015d f428      	BRSH _0x5B
                 ; 0000 010D                         contador_3++;
00015e efa0      	LDI  R26,LOW(_contador_3)
00015f e0b0      	LDI  R27,HIGH(_contador_3)
000160 d039      	RCALL SUBOPT_0x2
                 ; 0000 010E                         PORTA.4 = 1;
000161 9adc      	SBI  0x1B,4
                 ; 0000 010F                     } else {
000162 c00e      	RJMP _0x5E
                 _0x5B:
                 ; 0000 0110                         flag_contador_3 = 1;
000163 9468      	SET
000164 f826      	BLD  R2,6
                 ; 0000 0111                         contador_3 = 500;
                +
000165 efe4     +LDI R30 , LOW ( 0x1F4 )
000166 e0f1     +LDI R31 , HIGH ( 0x1F4 )
000167 e060     +LDI R22 , BYTE3 ( 0x1F4 )
000168 e070     +LDI R23 , BYTE4 ( 0x1F4 )
                 	__GETD1N 0x1F4
000169 93e0 00f0 	STS  _contador_3,R30
00016b 93f0 00f1 	STS  _contador_3+1,R31
00016d 9360 00f2 	STS  _contador_3+2,R22
00016f 9370 00f3 	STS  _contador_3+3,R23
                 ; 0000 0112                     }
                 _0x5E:
                 ; 0000 0113                 } else {
000171 c012      	RJMP _0x5F
                 _0x5A:
                 ; 0000 0114                    if (contador_3 > 0) {
000172 d05c      	RCALL SUBOPT_0x8
000173 d06e      	RCALL __CPD02
000174 f420      	BRSH _0x60
                 ; 0000 0115                         contador_3--;
000175 efa0      	LDI  R26,LOW(_contador_3)
000176 e0b0      	LDI  R27,HIGH(_contador_3)
000177 d03e      	RCALL SUBOPT_0x5
                 ; 0000 0116                         PORTA.4 = 0;
                 ; 0000 0117                     } else {
000178 c00b      	RJMP _0x63
                 _0x60:
                 ; 0000 0118                       flag_contador_3 = 0;
000179 94e8      	CLT
00017a f826      	BLD  R2,6
                 ; 0000 0119                       contador_3 = 0;
00017b e0e0      	LDI  R30,LOW(0)
00017c 93e0 00f0 	STS  _contador_3,R30
00017e 93e0 00f1 	STS  _contador_3+1,R30
000180 93e0 00f2 	STS  _contador_3+2,R30
000182 93e0 00f3 	STS  _contador_3+3,R30
                 ; 0000 011A                     }
                 _0x63:
                 ; 0000 011B                 }
                 _0x5F:
                 ; 0000 011C             }
                 ; 0000 011D 
                 ; 0000 011E              botonp=botona;
                 _0x53:
                 _0x52:
                 _0x40:
                 _0x2E:
                 _0x1C:
000184 fa21      	BST  R2,1
000185 f820      	BLD  R2,0
                 ; 0000 011F       }
000186 cee9      	RJMP _0x3
                 ; 0000 0120 }
                 _0x64:
000187 cfff      	RJMP _0x64
                 ; .FEND
                 
                 	.DSEG
                 _contador_reset:
0000e0           	.BYTE 0x4
                 _contador_0:
0000e4           	.BYTE 0x4
                 _contador_1:
0000e8           	.BYTE 0x4
                 _contador_2:
0000ec           	.BYTE 0x4
                 _contador_3:
0000f0           	.BYTE 0x4
                 
                 	.CSEG
                 ;OPTIMIZER ADDED SUBROUTINE, CALLED 2 TIMES, CODE SIZE REDUCTION:6 WORDS
                 SUBOPT_0x0:
000188 e0e0      	LDI  R30,LOW(0)
000189 93e0 00e0 	STS  _contador_reset,R30
00018b 93e0 00e1 	STS  _contador_reset+1,R30
00018d 93e0 00e2 	STS  _contador_reset+2,R30
00018f 93e0 00e3 	STS  _contador_reset+3,R30
000191 9508      	RET
                 
                 ;OPTIMIZER ADDED SUBROUTINE, CALLED 2 TIMES, CODE SIZE REDUCTION:4 WORDS
                 SUBOPT_0x1:
                +
000192 39a8     +CPI R26 , LOW ( 0x3A98 )
000193 e3ea     +LDI R30 , HIGH ( 0x3A98 )
000194 07be     +CPC R27 , R30
000195 e0e0     +LDI R30 , BYTE3 ( 0x3A98 )
000196 078e     +CPC R24 , R30
000197 e0e0     +LDI R30 , BYTE4 ( 0x3A98 )
000198 079e     +CPC R25 , R30
                 	__CPD2N 0x3A98
000199 9508      	RET
                 
                 ;OPTIMIZER ADDED SUBROUTINE, CALLED 5 TIMES, CODE SIZE REDUCTION:18 WORDS
                 SUBOPT_0x2:
00019a d03d      	RCALL __GETD1P_INC
                +
00019b 5fef     +SUBI R30 , LOW ( - 1 )
00019c 4fff     +SBCI R31 , HIGH ( - 1 )
00019d 4f6f     +SBCI R22 , BYTE3 ( - 1 )
00019e 4f7f     +SBCI R23 , BYTE4 ( - 1 )
                 	__SUBD1N -1
00019f d03d      	RCALL __PUTDP1_DEC
0001a0 9508      	RET
                 
                 ;OPTIMIZER ADDED SUBROUTINE, CALLED 2 TIMES, CODE SIZE REDUCTION:8 WORDS
                 SUBOPT_0x3:
0001a1 94e8      	CLT
0001a2 f823      	BLD  R2,3
0001a3 e0e0      	LDI  R30,LOW(0)
0001a4 93e0 00e4 	STS  _contador_0,R30
0001a6 93e0 00e5 	STS  _contador_0+1,R30
0001a8 93e0 00e6 	STS  _contador_0+2,R30
0001aa 93e0 00e7 	STS  _contador_0+3,R30
0001ac 9508      	RET
                 
                 ;OPTIMIZER ADDED SUBROUTINE, CALLED 2 TIMES, CODE SIZE REDUCTION:5 WORDS
                 SUBOPT_0x4:
0001ad 91a0 00e4 	LDS  R26,_contador_0
0001af 91b0 00e5 	LDS  R27,_contador_0+1
0001b1 9180 00e6 	LDS  R24,_contador_0+2
0001b3 9190 00e7 	LDS  R25,_contador_0+3
0001b5 9508      	RET
                 
                 ;OPTIMIZER ADDED SUBROUTINE, CALLED 4 TIMES, CODE SIZE REDUCTION:13 WORDS
                 SUBOPT_0x5:
0001b6 d021      	RCALL __GETD1P_INC
0001b7 9731      	SBIW R30,1
0001b8 4060      	SBCI R22,0
0001b9 4070      	SBCI R23,0
0001ba d022      	RCALL __PUTDP1_DEC
0001bb 98dc      	CBI  0x1B,4
0001bc 9508      	RET
                 
                 ;OPTIMIZER ADDED SUBROUTINE, CALLED 2 TIMES, CODE SIZE REDUCTION:5 WORDS
                 SUBOPT_0x6:
0001bd 91a0 00e8 	LDS  R26,_contador_1
0001bf 91b0 00e9 	LDS  R27,_contador_1+1
0001c1 9180 00ea 	LDS  R24,_contador_1+2
0001c3 9190 00eb 	LDS  R25,_contador_1+3
0001c5 9508      	RET
                 
                 ;OPTIMIZER ADDED SUBROUTINE, CALLED 2 TIMES, CODE SIZE REDUCTION:5 WORDS
                 SUBOPT_0x7:
0001c6 91a0 00ec 	LDS  R26,_contador_2
0001c8 91b0 00ed 	LDS  R27,_contador_2+1
0001ca 9180 00ee 	LDS  R24,_contador_2+2
0001cc 9190 00ef 	LDS  R25,_contador_2+3
0001ce 9508      	RET
                 
                 ;OPTIMIZER ADDED SUBROUTINE, CALLED 2 TIMES, CODE SIZE REDUCTION:5 WORDS
                 SUBOPT_0x8:
0001cf 91a0 00f0 	LDS  R26,_contador_3
0001d1 91b0 00f1 	LDS  R27,_contador_3+1
0001d3 9180 00f2 	LDS  R24,_contador_3+2
0001d5 9190 00f3 	LDS  R25,_contador_3+3
0001d7 9508      	RET
                 
                 ;RUNTIME LIBRARY
                 
                 	.CSEG
                 __GETD1P_INC:
0001d8 91ed      	LD   R30,X+
0001d9 91fd      	LD   R31,X+
0001da 916d      	LD   R22,X+
0001db 917d      	LD   R23,X+
0001dc 9508      	RET
                 
                 __PUTDP1_DEC:
0001dd 937e      	ST   -X,R23
0001de 936e      	ST   -X,R22
0001df 93fe      	ST   -X,R31
0001e0 93ee      	ST   -X,R30
0001e1 9508      	RET
                 
                 __CPD02:
0001e2 2400      	CLR  R0
0001e3 160a      	CP   R0,R26
0001e4 060b      	CPC  R0,R27
0001e5 0608      	CPC  R0,R24
0001e6 0609      	CPC  R0,R25
0001e7 9508      	RET
                 
                 _delay_ms:
0001e8 9610      	adiw r26,0
0001e9 f039      	breq __delay_ms1
                 __delay_ms0:
0001ea 95a8      	wdr
                +
0001eb ef8a     +LDI R24 , LOW ( 0xFA )
0001ec e090     +LDI R25 , HIGH ( 0xFA )
                +__DELAY_USW_LOOP :
0001ed 9701     +SBIW R24 , 1
0001ee f7f1     +BRNE __DELAY_USW_LOOP
                 	__DELAY_USW 0xFA
0001ef 9711      	sbiw r26,1
0001f0 f7c9      	brne __delay_ms0
                 __delay_ms1:
0001f1 9508      	ret
                 
                 ;END OF CODE MARKER
                 __END_OF_CODE:


RESOURCE USE INFORMATION
------------------------

Notice:
The register and instruction counts are symbol table hit counts,
and hence implicitly used resources are not counted, eg, the
'lpm' instruction without operands implicitly uses r0 and z,
none of which are counted.

x,y,z are separate entities in the symbol table and are
counted separately from r26..r31 here.

.dseg memory usage only counts static data declared with .byte

ATmega8535L register use summary:
r0 :  11 r1 :   1 r2 :  23 r3 :   0 r4 :   8 r5 :   6 r6 :   0 r7 :   0 
r8 :   0 r9 :   0 r10:   0 r11:   0 r12:   0 r13:   0 r14:   0 r15:   0 
r16:   0 r17:   0 r18:   0 r19:   0 r20:   0 r21:   0 r22:  14 r23:  12 
r24:  19 r25:  13 r26:  26 r27:  23 r28:   1 r29:   1 r30: 124 r31:  22 
x  :  11 y  :   0 z  :   7 
Registers used: 17 out of 35 (48.6%)

ATmega8535L instruction use summary:
.lds  :   0 .lds.l:   0 .sts  :   0 .sts.l:   0 adc   :   0 add   :   0 
adiw  :   2 and   :   0 andi  :   0 asr   :   0 bclr  :   0 bld   :  13 
brbc  :   0 brbs  :   0 brcc  :   0 brcs  :   0 break :   0 breq  :   2 
brge  :   0 brhc  :   0 brhs  :   0 brid  :   0 brie  :   0 brlo  :   1 
brlt  :   0 brmi  :   0 brne  :   9 brpl  :   0 brsh  :   9 brtc  :   0 
brts  :   0 brvc  :   0 brvs  :   0 bset  :   0 bst   :   1 cbi   :  13 
cbr   :   0 clc   :   0 clh   :   0 cli   :   1 cln   :   0 clr   :   5 
cls   :   0 clt   :   7 clv   :   0 clz   :   0 com   :   0 cp    :   5 
cpc   :  19 cpi   :   4 cpse  :   0 dec   :   1 des   :   0 eor   :   0 
fmul  :   0 fmuls :   0 fmulsu:   0 icall :   0 ijmp  :   0 in    :   0 
inc   :   0 ld    :   4 ldd   :   0 ldi   :  81 lds   :  20 lpm   :   7 
lsl   :   0 lsr   :   0 mov   :   1 movw  :   5 mul   :   0 muls  :   0 
mulsu :   0 neg   :   0 nop   :   0 or    :   1 ori   :   0 out   :  40 
pop   :   0 push  :   0 rcall :  33 ret   :  13 reti  :   0 rjmp  :  55 
rol   :   0 ror   :   0 sbc   :   0 sbci  :   5 sbi   :   9 sbic  :   1 
sbis  :   0 sbiw  :   6 sbr   :   0 sbrc  :   6 sbrs  :   3 sec   :   0 
seh   :   0 sei   :   0 sen   :   0 ser   :   0 ses   :   0 set   :   6 
sev   :   0 sez   :   0 sleep :   0 spm   :   0 st    :   7 std   :   0 
sts   :  36 sub   :   0 subi  :   1 swap  :   0 tst   :   0 wdr   :   1 

Instructions used: 37 out of 114 (32.5%)

ATmega8535L memory use summary [bytes]:
Segment   Begin    End      Code   Data   Used    Size   Use%
---------------------------------------------------------------
[.cseg] 0x000000 0x0003e4    978     18    996    8192  12.2%
[.dseg] 0x000060 0x0000f4      0     20     20     512   3.9%
[.eseg] 0x000000 0x000000      0      0      0     512   0.0%

Assembly complete, 0 errors, 2 warnings
